28815250|###|平凡之路|###|朴树|###|3779629|###|163
28793502|###|后会无期|###|G.E.M.邓紫棋|###|3779629|###|163
28798921|###|不再见|###|陈学冬|###|3779629|###|163
28798772|###|1987我不知会遇见你|###|李宇春|###|3779629|###|163
28802028|###|山水之间|###|许嵩|###|3779629|###|163
28700951|###|三月|###|张惠妹|###|3779629|###|163
28748199|###|剑心|###|张杰|###|3779629|###|163
28692501|###|剑伤|###|李易峰|###|3779629|###|163
28754096|###|都对也都错|###|张惠妹|###|3779629|###|163
28798741|###|你一定会成功|###|筷子兄弟|###|3779629|###|163
28815227|###|Let's Love|###|大张伟,李嫣|###|3779629|###|163
28798742|###|我从来没去过纽约|###|筷子兄弟|###|3779629|###|163
28784283|###|不再说分手|###|王菀之|###|3779629|###|163
28798816|###|劫后余生|###|萧亚轩|###|3779629|###|163
28768602|###|恰好|###|霍尊|###|3779629|###|163
28754098|###|这样你还要爱我吗|###|张惠妹|###|3779629|###|163
28798743|###|猛龙过江|###|筷子兄弟|###|3779629|###|163
28692519|###|Photograph|###|Ed Sheeran|###|3779629|###|163
28695802|###|不要在我的伤口撒盐|###|庄心妍|###|3779629|###|163
28773540|###|偶尔还是会想起你|###|牛奶咖啡|###|3779629|###|163
28785305|###|身不由己|###|何洁|###|3779629|###|163
28738159|###|别忘了|###|周笔畅|###|3779629|###|163
28754100|###|偏执面|###|张惠妹,蛋堡|###|3779629|###|163
28768726|###|Red Light|###|f(x)|###|3779629|###|163
28798601|###|产品经理是条狗|###|万塘路18号|###|3779629|###|163
28773083|###|缺口|###|庾澄庆|###|3779629|###|163
28773035|###|甩开|###|丁当|###|3779629|###|163
28785304|###|风之诺言|###|张翰|###|3779629|###|163
28700964|###|东极岛岛歌|###|上海音乐学院学生|###|3779629|###|163
28739430|###|我懂了|###|金莎|###|3779629|###|163
28738294|###|Nice Body|###|孝敏,Loco|###|3779629|###|163
28739163|###|山谷里的回声|###|邓超,羽·泉|###|3779629|###|163
28798925|###|自由的奔跑|###|蘑菇兄弟|###|3779629|###|163
28815383|###|Roll The Dice|###|高姗|###|3779629|###|163
28738918|###|一个唱歌的人demo|###|穆丹|###|3779629|###|163
28773036|###|我没那么爱你|###|丁当|###|3779629|###|163
28793998|###|unravel|###|TK from 凛として時雨|###|3779629|###|163
28762890|###|想唱就唱|###|TF BOYS|###|3779629|###|163
28765154|###|怎样说清此刻的心情|###|By2|###|3779629|###|163
28798706|###|男神|###|柳岩|###|3779629|###|163
28754099|###|自虐|###|张惠妹|###|3779629|###|163
28747833|###|Baby Boy|###|王心凌|###|3779629|###|163
28798490|###|Fantastic|###|Henry|###|3779629|###|163
28768867|###|多一个人陪伴|###|东来东往|###|3779629|###|163
28748139|###|破晓以后|###|张靓颖|###|3779629|###|163
28798744|###|我是愤怒|###|Beyond|###|3779629|###|163
28798673|###|五环之歌|###|王麟,南城二哥|###|3779629|###|163
28754101|###|跳进来|###|张惠妹|###|3779629|###|163
28762043|###|感到幸福你就拍拍手|###|凤凰传奇|###|3779629|###|163
28724372|###|放开|###|萧敬腾|###|3779629|###|163
28747058|###|远方|###|郁可唯|###|3779629|###|163
28765197|###|云淡风轻|###|平安|###|3779629|###|163
28738305|###|如果我们都相似|###|庄心妍|###|3779629|###|163
28773451|###|邂逅|###|徐良,杨洋|###|3779629|###|163
28798792|###|激光中|###|卫兰|###|3779629|###|163
28686798|###|단발머리 (Short Hair)|###|AOA|###|3779629|###|163
28739661|###|那时阳光明媚|###|海龟先生|###|3779629|###|163
28793080|###|微光|###|苏打绿|###|3779629|###|163
28798485|###|Darling|###|Girl's Day|###|3779629|###|163
28727673|###|这首歌|###|萧敬腾|###|3779629|###|163
28732154|###|童真年代|###|张学友|###|3779629|###|163
28748201|###|爱你没错|###|张信哲|###|3779629|###|163
28737747|###|Lost Stars|###|Adam Levine|###|3779629|###|163
28773500|###|이제 그만 싸우자|###|许阁,郑恩地|###|3779629|###|163
28793140|###|半壶纱|###|刘珂矣|###|3779629|###|163
28724353|###|黑色蝴蝶|###|汪苏泷|###|3779629|###|163
28695235|###|她|###|海龟先生|###|3779629|###|163
28768727|###|MILK|###|f(x)|###|3779629|###|163
28757351|###|最炫民族风 交响乐版|###|凤凰传奇|###|3779629|###|163
28724255|###|在曾有你的地方|###|郭静|###|3779629|###|163
28739736|###|时光行者|###|塔斯肯|###|3779629|###|163
28738917|###|哑子的爱情demo|###|穆丹|###|3779629|###|163
28768571|###|Super Daddy|###|赵泳鑫|###|3779629|###|163
28815179|###|비별 (Good Bye Rain)|###|全敏珠,유나킴,현규|###|3779629|###|163
28798478|###|SOLO DAY|###|B1A4|###|3779629|###|163
28680028|###|吵架歌|###|汪苏泷,Hari|###|3779629|###|163
28748884|###|Break Free|###|Ariana Grande,Zedd|###|3779629|###|163
28747134|###|Smash! (Original Mix)|###|Ummet Ozcan|###|3779629|###|163
28784284|###|色惑|###|杨千嬅|###|3779629|###|163
28695652|###|谁control|###|韩庚|###|3779629|###|163
28765135|###|天神纪|###|茜拉|###|3779629|###|163
28798910|###|그대 그리고 나|###|朴正贤|###|3779629|###|163
28768121|###|我愛你|###|腰乐队|###|3779629|###|163
28768730|###|All Night|###|f(x)|###|3779629|###|163
28798413|###|梦.信仰|###|群星|###|3779629|###|163
28700023|###|American Kids|###|Kenny Chesney|###|3779629|###|163
28665554|###|Don't|###|Ed Sheeran|###|3779629|###|163
28768335|###|满·月已霜|###|廖国钺|###|3779629|###|163
28786789|###|It's Your World |###|Jennifer Hudson,R. Kelly|###|3779629|###|163
28793506|###|如果时间有回音|###|沈依莎|###|3779629|###|163
28784326|###|She Came to Give It to You |###|Usher,Nicki Minaj|###|3779629|###|163
28784119|###|Dirt|###|Florida Georgia Line|###|3779629|###|163
28793666|###|给我个理由|###|六哲|###|3779629|###|163
28765196|###|你是另一个我|###|黄征|###|3779629|###|163
28739376|###|不愿错过你|###|陈艺搏|###|3779629|###|163
28737419|###|Seduction (Short Version)|###|Marcel Dettmann,Emika|###|3779629|###|163
28754083|###|우산|###|Younha|###|3779629|###|163
28761177|###|Break Free|###|Ariana Grande|###|3779629|###|163
28773037|###|敢爱敢当|###|丁当|###|3779629|###|163
28798517|###|Bad Girl|###|Henry,灿烈|###|3779629|###|163
28815250|###|平凡之路|###|朴树|###|3778678|###|163
28606305|###|小苹果|###|筷子兄弟|###|3778678|###|163
28793502|###|后会无期|###|G.E.M.邓紫棋|###|3778678|###|163
28798921|###|不再见|###|陈学冬|###|3778678|###|163
25706282|###|夜空中最亮的星|###|逃跑计划|###|3778678|###|163
233931|###|泡沫|###|G.E.M.邓紫棋|###|3778678|###|163
28802028|###|山水之间|###|许嵩|###|3778678|###|163
28661564|###|Maps|###|Maroon 5|###|3778678|###|163
28700951|###|三月|###|张惠妹|###|3778678|###|163
28031119|###|Let It Go|###|Idina Menzel|###|3778678|###|163
28748199|###|剑心|###|张杰|###|3778678|###|163
28798772|###|1987我不知会遇见你|###|李宇春|###|3778678|###|163
27646205|###|安和桥|###|宋冬野|###|3778678|###|163
28692501|###|剑伤|###|李易峰|###|3778678|###|163
28240407|###|We Are One (Ole Ola)|###|Pitbull,Jennifer Lopez,Cláudia Leitte|###|3778678|###|163
25702068|###|董小姐|###|宋冬野|###|3778678|###|163
65538|###|好久不见|###|陈奕迅|###|3778678|###|163
22854159|###|愿得一人心|###|李行亮|###|3778678|###|163
28754096|###|都对也都错|###|张惠妹|###|3778678|###|163
230299|###|我要我们在一起|###|范晓萱|###|3778678|###|163
27772712|###|Mi Mi Mi|###|Serebro|###|3778678|###|163
139357|###|生如夏花|###|朴树|###|3778678|###|163
26060065|###|Counting Stars|###|OneRepublic|###|3778678|###|163
28668012|###|爸爸去哪儿|###|曹格,吴镇宇,陆毅,黄磊,杨威,Joe,Grace,Feynman,杨阳洋,贝儿,黄多多|###|3778678|###|163
26598946|###|山丘|###|李宗盛|###|3778678|###|163
385554|###|我不愿让你一个人|###|五月天|###|3778678|###|163
176053|###|洋葱|###|杨宗纬|###|3778678|###|163
26418130|###|时间煮雨|###|郁可唯|###|3778678|###|163
28461430|###|Problem (feat. Iggy Azalea)|###|Ariana Grande,Iggy Azalea|###|3778678|###|163
327068|###|记得|###|张惠妹|###|3778678|###|163
28432673|###|你给我听好|###|陈奕迅|###|3778678|###|163
287035|###|遇见|###|孙燕姿|###|3778678|###|163
28613246|###|Battle Cry|###|Imagine Dragons|###|3778678|###|163
27937466|###|忽然之间|###|莫文蔚|###|3778678|###|163
28798741|###|你一定会成功|###|筷子兄弟|###|3778678|###|163
299445|###|流年|###|王菲|###|3778678|###|163
28308080|###|Me and My Broken Heart|###|Rixton|###|3778678|###|163
256468|###|至少还有你|###|林忆莲|###|3778678|###|163
165026|###|时间都去哪儿了|###|王铮亮|###|3778678|###|163
28605055|###|我的滑板鞋|###|Panmalon Jon|###|3778678|###|163
27556211|###|All of Me|###|John Legend|###|3778678|###|163
82190|###|三人游|###|方大同|###|3778678|###|163
28798742|###|我从来没去过纽约|###|筷子兄弟|###|3778678|###|163
28306554|###|Summer|###|Calvin Harris|###|3778678|###|163
1210496|###|What Are Words|###|Chris Medina|###|3778678|###|163
26524510|###|我好想你|###|苏打绿|###|3778678|###|163
28285990|###|Fancy (feat. Charli XCX)|###|Iggy Azalea|###|3778678|###|163
28784283|###|不再说分手|###|王菀之|###|3778678|###|163
347230|###|海阔天空|###|Beyond|###|3778678|###|163
28524618|###|Rude|###|MAGIC!|###|3778678|###|163
27836179|###|终于等到你|###|张靓颖|###|3778678|###|163
385787|###|你不是真正的快乐|###|五月天|###|3778678|###|163
16275458|###|Tears In Heaven|###|Andrew Johnston|###|3778678|###|163
108393|###|心酸|###|林宥嘉|###|3778678|###|163
66842|###|十年|###|陈奕迅|###|3778678|###|163
223801|###|猜不透|###|丁当|###|3778678|###|163
2182986|###|Go|###|Alyssa Reid|###|3778678|###|163
254062|###|可惜不是你|###|梁静茹|###|3778678|###|163
229401|###|到不了|###|范玮琪|###|3778678|###|163
28406990|###|Love Runs Out|###|OneRepublic|###|3778678|###|163
28798816|###|劫后余生|###|萧亚轩|###|3778678|###|163
5134626|###|Because Of You|###|Kelly Clarkson|###|3778678|###|163
64317|###|因为爱情|###|陈奕迅,王菲|###|3778678|###|163
25657282|###|Marry You|###|Bruno Mars|###|3778678|###|163
18611643|###|I'm Yours|###|Jason Mraz|###|3778678|###|163
307057|###|类似爱情|###|萧亚轩|###|3778678|###|163
28768602|###|恰好|###|霍尊|###|3778678|###|163
224000|###|怎样|###|戴佩妮|###|3778678|###|163
28754098|###|这样你还要爱我吗|###|张惠妹|###|3778678|###|163
202373|###|南方姑娘|###|赵雷|###|3778678|###|163
28665339|###|万花瞳|###|蔡依林|###|3778678|###|163
5093684|###|Just the Way You Are|###|Bruno Mars|###|3778678|###|163
139377|###|那些花儿|###|朴树|###|3778678|###|163
355992|###|追梦赤子心|###|GALA|###|3778678|###|163
28798743|###|猛龙过江|###|筷子兄弟|###|3778678|###|163
28531849|###|Stay With Me|###|Sam Smith|###|3778678|###|163
65126|###|红玫瑰|###|陈奕迅|###|3778678|###|163
28692519|###|Photograph|###|Ed Sheeran|###|3778678|###|163
28563317|###|阴天快乐|###|陈奕迅|###|3778678|###|163
254485|###|勇气|###|梁静茹|###|3778678|###|163
209121|###|陌生人|###|蔡健雅|###|3778678|###|163
28815227|###|Let's Love|###|大张伟,李嫣|###|3778678|###|163
26550057|###|你把我灌醉|###|G.E.M.邓紫棋|###|3778678|###|163
16435051|###|Rolling In The Deep|###|Adele|###|3778678|###|163
5079146|###|Breakn' A Sweat (Zedd Remix) - remix|###|Members of The Doors,Skrillex|###|3778678|###|163
26090155|###|送别|###|朴树|###|3778678|###|163
280120|###|梦一场|###|那英|###|3778678|###|163
362998|###|老男孩|###|筷子兄弟|###|3778678|###|163
2117030|###|Someone Like You|###|Adele|###|3778678|###|163
296837|###|魔鬼中的天使|###|田馥甄|###|3778678|###|163
26418242|###|귀요미송|###|Hari|###|3778678|###|163
247579|###|被风吹过的夏天|###|林俊杰,金莎|###|3778678|###|163
209326|###|旅行的意义|###|陈绮贞|###|3778678|###|163
26548584|###|Happy|###|Pharrell|###|3778678|###|163
28695802|###|不要在我的伤口撒盐|###|庄心妍|###|3778678|###|163
26569168|###|Stronger|###|Kelly Clarkson|###|3778678|###|163
27552267|###|好乐DAY （Holiday）|###|王蓉|###|3778678|###|163
287063|###|我怀念的|###|孙燕姿|###|3778678|###|163
28773540|###|偶尔还是会想起你|###|牛奶咖啡|###|3778678|###|163
63787|###|我爱的人|###|陈小春|###|3778678|###|163
5264842|###|渡口|###|蔡琴|###|3778678|###|163
28785305|###|身不由己|###|何洁|###|3778678|###|163
28798706|###|男神|###|柳岩|###|3778678|###|163
28283457|###|Am I Wrong|###|Nico & Vinz|###|3778678|###|163
28059417|###|他不懂|###|张杰|###|3778678|###|163
139385|###|白桦林|###|朴树|###|3778678|###|163
28738159|###|别忘了|###|周笔畅|###|3778678|###|163
18496414|###|Bright Eyes|###|Joseph McManners|###|3778678|###|163
185700|###|思念是一种病|###|张震岳,蔡健雅|###|3778678|###|163
5239544|###|有你的快乐|###|王若琳|###|3778678|###|163
28754100|###|偏执面|###|张惠妹,蛋堡|###|3778678|###|163
25706279|###|一万次悲伤|###|逃跑计划|###|3778678|###|163
27804336|###|Timber|###|Pitbull,Ke$ha|###|3778678|###|163
2080139|###|Beautiful In White (Demo) - demo|###|Westlife|###|3778678|###|163
22481463|###|Tell Me Why|###|Declan Galbraith|###|3778678|###|163
18836961|###|Stay Here Forever|###|Jewel|###|3778678|###|163
326784|###|我最亲爱的|###|张惠妹|###|3778678|###|163
28815383|###|Roll The Dice|###|高姗|###|3778678|###|163
102138|###|芊芊|###|回音哥|###|3778678|###|163
28546515|###|Rather Be feat. Jess Glynne|###|Clean Bandit|###|3778678|###|163
28561288|###|寻人启事|###|徐佳莹|###|3778678|###|163
27706564|###|The Fox|###|Ylvis|###|3778678|###|163
3557343|###|Rockaway Beach|###|The Ramones|###|3778678|###|163
27505422|###|Beat It (Demo) - demo|###|Michael Jackson|###|3778678|###|163
108390|###|说谎|###|林宥嘉|###|3778678|###|163
28768726|###|Red Light|###|f(x)|###|3778678|###|163
286959|###|当冬夜渐暖|###|孙燕姿|###|3778678|###|163
186160|###|龙卷风|###|周杰伦|###|3778678|###|163
63650|###|独家记忆|###|陈小春|###|3778678|###|163
254309|###|分手快乐|###|梁静茹|###|3778678|###|163
277111|###|如果没有你|###|莫文蔚|###|3778678|###|163
28613416|###|一点一滴|###|羽·泉|###|3778678|###|163
26568555|###|빠빠빠(Bar Bar Bar)|###|Crayon Pop|###|3778678|###|163
21373645|###|Just Give Me A Reason|###|P!nk,Nate Ruess|###|3778678|###|163
28798601|###|产品经理是条狗|###|万塘路18号|###|3778678|###|163
27853752|###|爸爸去哪儿|###|林志颖,郭涛,Kimi,张亮,张悦轩,郭子睿,王岳伦,王诗龄|###|3778678|###|163
28773083|###|缺口|###|庾澄庆|###|3778678|###|163
186001|###|七里香|###|周杰伦|###|3778678|###|163
28773035|###|甩开|###|丁当|###|3778678|###|163
346576|###|光辉岁月|###|Beyond|###|3778678|###|163
18161816|###|Let Her Go|###|Passenger|###|3778678|###|163
296836|###|还是要幸福|###|田馥甄|###|3778678|###|163
1284816|###|Magura|###|David Arthur Brown|###|3778678|###|163
63574|###|背叛|###|曹格|###|3778678|###|163
3025989|###|Sugar Lips|###|Lyric Everly|###|3778678|###|163
97357|###|那些年|###|胡夏|###|3778678|###|163
27853429|###|Chinese Food|###|Alison Gold|###|3778678|###|163
17654208|###|Animal|###|Ellie Goulding|###|3778678|###|163
28606750|###|原谅不美好|###|郁可唯|###|3778678|###|163
354738|###|最炫民族风|###|凤凰传奇|###|3778678|###|163
185821|###|最长的电影|###|周杰伦|###|3778678|###|163
1987888|###|I Love You|###|Stewart Mac|###|3778678|###|163
385781|###|突然好想你|###|五月天|###|3778678|###|163
27890499|###|杀马特遇见洗剪吹|###|群星|###|3778678|###|163
308518|###|领悟|###|辛晓琪|###|3778678|###|163
28785304|###|风之诺言|###|张翰|###|3778678|###|163
109218|###|围墙|###|李玖哲|###|3778678|###|163
22843874|###|강남스타일|###|朴载相(PSY)|###|3778678|###|163
327163|###|我们说好的|###|张靓颖|###|3778678|###|163
186016|###|晴天|###|周杰伦|###|3778678|###|163
28457938|###|金玉良缘|###|李琦|###|3778678|###|163
185711|###|再见|###|张震岳|###|3778678|###|163
27562700|###|预谋|###|许佳慧|###|3778678|###|163
28240119|###|倍儿爽|###|大张伟|###|3778678|###|163
25867002|###|关于郑州的记忆|###|李志|###|3778678|###|163
27678655|###|李白|###|李荣浩|###|3778678|###|163
26508186|###|天空之城|###|李志|###|3778678|###|163
285103|###|我的歌声里|###|曲婉婷|###|3778678|###|163
280761|###|相见恨晚|###|彭佳慧|###|3778678|###|163
286603|###|你不知道的事(国)|###|Robynn & Kendy|###|3778678|###|163
28638713|###|周三的情书|###|蔡健雅,周三|###|3778678|###|163
27804526|###|我是你的|###|倪安东|###|3778678|###|163
368727|###|明天，你好|###|牛奶咖啡|###|3778678|###|163
28700964|###|东极岛岛歌|###|上海音乐学院学生|###|3778678|###|163
4154790|###|Need You Now|###|Lady Antebellum|###|3778678|###|163
3413003|###|Concerto Pour Deux Voix  (Clemence & Jean-Baptiste Maunier)|###|Saint-Preux|###|3778678|###|163
299757|###|红豆|###|王菲|###|3778678|###|163
2188283|###|If I Were A Boy|###|Beyoncé|###|3778678|###|163
186125|###|开不了口|###|周杰伦|###|3778678|###|163
28613217|###|눈, 코, 입|###|东永裴|###|3778678|###|163
27979492|###|A Boy Next Door|###|Ewelina Lisowska|###|3778678|###|163
27902537|###|我们好像在哪见过|###|杨宗纬,叶蓓|###|3778678|###|163
5264854|###|ONE I LOVE|###|Meav(梅雅)|###|3778678|###|163
28739430|###|我懂了|###|金莎|###|3778678|###|163
2182987|###|Without You|###|Alyssa Reid|###|3778678|###|163
4108623|###|All About Us|###|He Is We,Owl City|###|3778678|###|163
26207292|###|致青春|###|王菲|###|3778678|###|163
28590208|###|Hello, You Beautiful Thing|###|Jason Mraz|###|3778678|###|163
108139|###|我终于失去了你|###|李宗盛|###|3778678|###|163
2526613|###|Booty Music|###|Deep Side|###|3778678|###|163
28738294|###|Nice Body|###|孝敏,Loco|###|3778678|###|163
26425118|###|好好说再见|###|陶喆,关诗敏|###|3778678|###|163
28739163|###|山谷里的回声|###|邓超,羽·泉|###|3778678|###|163
27949504|###|Payphone|###|Matty B|###|3778678|###|163
150524|###|寂寞的季节|###|陶喆|###|3778678|###|163
108792|###|只对你说 (莎朗嘿唷)|###|林俊杰|###|3778678|###|163
3305969|###|Why Would I Ever|###|Paula DeAnda|###|3778678|###|163
356034|###|Young For You|###|GALA|###|3778678|###|163
375328|###|小情歌|###|苏打绿|###|3778678|###|163
28798925|###|自由的奔跑|###|蘑菇兄弟|###|3778678|###|163
28773540|###|偶尔还是会想起你|###|牛奶咖啡|###|2884035|###|163
28739661|###|那时阳光明媚|###|海龟先生|###|2884035|###|163
28768121|###|我愛你|###|腰乐队|###|2884035|###|163
28765328|###|转多云 - Reproduction|###|兰亭|###|2884035|###|163
28695201|###|发呆|###|推乐队|###|2884035|###|163
28739308|###|天狼星|###|929|###|2884035|###|163
28727925|###|这个世界怎么了|###|小普|###|2884035|###|163
28731194|###|Till Wake Up|###|满舒克|###|2884035|###|163
28242097|###|何去何从|###|萬重乐队|###|2884035|###|163
28461465|###|娜娜|###|狄奥尼索斯|###|2884035|###|163
28798601|###|产品经理是条狗|###|万塘路18号|###|2884035|###|163
28288183|###|海边|###|张楚|###|2884035|###|163
28535029|###|Not Just Imaging|###|大波浪|###|2884035|###|163
28815383|###|Roll The Dice|###|高姗|###|2884035|###|163
28605055|###|我的滑板鞋|###|Panmalon Jon|###|2884035|###|163
28690684|###|无码行空|###|U180,阿金|###|2884035|###|163
28629166|###|北方向北|###|惘闻|###|2884035|###|163
28387144|###|如果明天不会到来|###|陈小熊|###|2884035|###|163
28560121|###|打群架|###|衣湿|###|2884035|###|163
28312147|###|岁月神偷(网易特别版)|###|金玟岐|###|2884035|###|163
28665608|###|小尘埃|###|黄玉芹|###|2884035|###|163
28568270|###|甜蜜派对|###|甜品店乐团|###|2884035|###|163
28568278|###|No.Say no|###|甜品店乐团|###|2884035|###|163
28739659|###|接纳|###|海龟先生|###|2884035|###|163
28798925|###|自由的奔跑|###|蘑菇兄弟|###|2884035|###|163
28606738|###|再见乌托邦|###|脑浊|###|2884035|###|163
28739658|###|她|###|海龟先生|###|2884035|###|163
28665367|###|远山|###|末小皮|###|2884035|###|163
28310921|###|狗日的青春|###|贰佰|###|2884035|###|163
28643022|###|穿过生命散发的芬芳|###|彭钧,李柏凝|###|2884035|###|163
28695601|###|幸福会不会从天而降|###|李柏凝|###|2884035|###|163
27890234|###|风景|###|幕府|###|2884035|###|163
28546353|###|烟花|###|浮尘|###|2884035|###|163
28668101|###|美杜莎|###|周品|###|2884035|###|163
28793140|###|半壶纱|###|刘珂矣|###|2884035|###|163
28613453|###|大朋友小朋友|###|蘑菇兄弟|###|2884035|###|163
28640167|###|狂欢|###|柳丁|###|2884035|###|163
28638802|###|和小贩一起在街头徜徉|###|熊熊作业|###|2884035|###|163
28661861|###|哈姆雷特的眼泪|###|孙子涵|###|2884035|###|163
28568016|###|忘尘谷|###|刘珂矣|###|2884035|###|163
28765152|###|其乐无穷|###|龙井|###|2884035|###|163
28577954|###|Tender|###|果味VC|###|2884035|###|163
28643011|###|夏夜|###|茶小姐和熊先生|###|2884035|###|163
28739654|###|悬崖巴士|###|海龟先生|###|2884035|###|163
28695729|###|巴西太远|###|周三|###|2884035|###|163
28643005|###|爸爸去哪了（80后胡同孩子版）|###|茶小姐和熊先生|###|2884035|###|163
28739309|###|青春地图|###|929|###|2884035|###|163
28739657|###|脱狱|###|海龟先生|###|2884035|###|163
28585177|###|和硕特英雄|###|杭盖|###|2884035|###|163
28593026|###|我是吃货不是胖纸|###|陈劭康|###|2884035|###|163
28481023|###|花房姑娘|###|机械懒猫|###|2884035|###|163
28432491|###|麋鹿Deer|###|徐菲|###|2884035|###|163
28773598|###|身体|###|大象体操|###|2884035|###|163
28739663|###|Snoopy (史努比)|###|海龟先生|###|2884035|###|163
28726144|###|寻找女朋友|###|不可撤销|###|2884035|###|163
28587882|###|我能CHUA|###|马飞|###|2884035|###|163
28465110|###|四月挽歌|###|周云蓬|###|2884035|###|163
28661858|###|最后的泪滴|###|孙子涵|###|2884035|###|163
28528011|###|可惜你看不见|###|邓育彬|###|2884035|###|163
28585182|###|鸿雁|###|杭盖|###|2884035|###|163
28585176|###|拜访|###|杭盖|###|2884035|###|163
28528337|###|Outburst (Original Mix)|###|3ASiC|###|2884035|###|163
28785001|###|我们飞向太空|###|刺猬|###|2884035|###|163
28267115|###|霞光|###|龙神道|###|2884035|###|163
28739660|###|给摇滚绑架|###|海龟先生|###|2884035|###|163
28660034|###|你懂不懂爱|###|唐古|###|2884035|###|163
28643020|###|同化|###|彭钧|###|2884035|###|163
28606328|###|welcome to utopia|###|惘闻|###|2884035|###|163
28585185|###|乌兰巴托之夜|###|杭盖|###|2884035|###|163
28605077|###|错夏|###|曹槽|###|2884035|###|163
28625051|###|别了夏天|###|杜丘&Distorter乐队|###|2884035|###|163
28587889|###|樱花舞厅走三遍|###|马飞|###|2884035|###|163
28432492|###|热气球要去往哪里|###|徐菲|###|2884035|###|163
28785306|###|Crown (3ASiC Retwerking Bootleg)|###|3ASiC|###|2884035|###|163
28606327|###|逃离母宇宙|###|惘闻|###|2884035|###|163
28497661|###|月夜|###|乌兰图雅,扎西顿珠|###|2884035|###|163
28253253|###|半月|###|夏后|###|2884035|###|163
28432493|###|浮岛|###|徐菲|###|2884035|###|163
28560049|###|超有范|###|柳丁|###|2884035|###|163
28585179|###|思念女儿|###|杭盖|###|2884035|###|163
28629173|###|大连天空|###|惘闻|###|2884035|###|163
28643021|###|天各一方|###|彭钧|###|2884035|###|163
28605072|###|苍耳迷路|###|曹槽|###|2884035|###|163
28587885|###|长安县|###|马飞|###|2884035|###|163
28629174|###|万佛朝宗|###|惘闻|###|2884035|###|163
28528492|###|神勇哥|###|乔洋|###|2884035|###|163
28458398|###|河边 (Remix by 发光曲线)|###|彭坦,Glow Curve|###|2884035|###|163
28640267|###|99号弄堂|###|夏后|###|2884035|###|163
28605074|###|飞舞的少年|###|曹槽|###|2884035|###|163
28568269|###|嗨, 晚上好|###|甜品店乐团|###|2884035|###|163
28587888|###|种树|###|马飞|###|2884035|###|163
28692419|###|Phat Moves (Original Mix)|###|3ASiC|###|2884035|###|163
28695200|###|半支烟|###|推乐队|###|2884035|###|163
28643024|###|等不回来的你|###|夏后|###|2884035|###|163
28587891|###|动物园|###|马飞|###|2884035|###|163
28695199|###|我知道|###|推乐队|###|2884035|###|163
28585178|###|五位|###|杭盖|###|2884035|###|163
28661862|###|伤心为礼物|###|孙子涵|###|2884035|###|163
28481674|###|我为什么在人民广场吃炸鸡 （Jazz Remix）|###|阿肆|###|2884035|###|163
28798496|###|有时候[Live]|###|赵忠海,李刚|###|2884035|###|163
28285990|###|Fancy (feat. Charli XCX)|###|Iggy Azalea|###|60198|###|163
28524618|###|Rude|###|MAGIC!|###|60198|###|163
28461430|###|Problem (feat. Iggy Azalea)|###|Ariana Grande,Iggy Azalea|###|60198|###|163
28283457|###|Am I Wrong|###|Nico & Vinz|###|60198|###|163
28531849|###|Stay With Me|###|Sam Smith|###|60198|###|163
28411003|###|Wiggle (Feat. Snoop Dogg)|###|Jason DeRulo|###|60198|###|163
28306554|###|Summer|###|Calvin Harris|###|60198|###|163
27556211|###|All of Me|###|John Legend|###|60198|###|163
28661564|###|Maps|###|Maroon 5|###|60198|###|163
27888500|###|Turn Down For What|###|DJ Snake,Lil Jon|###|60198|###|163
26547431|###|Latch (Featuring Sam Smith)|###|Disclosure|###|60198|###|163
26548584|###|Happy|###|Pharrell|###|60198|###|163
27731239|###|Dark Horse|###|Katy Perry,Juicy J|###|60198|###|163
28250504|###|Classic|###|MKTO|###|60198|###|163
28761177|###|Break Free|###|Ariana Grande|###|60198|###|163
28731341|###|Amnesia|###|5 Seconds of Summer|###|60198|###|163
28306668|###|Chandelier|###|Sia|###|60198|###|163
26145393|###|Ain't It Fun|###|Paramore|###|60198|###|163
28406990|###|Love Runs Out|###|OneRepublic|###|60198|###|163
28566210|###|Boom Clap|###|Charli XCX|###|60198|###|163
28242724|###|Na Na|###|Trey Songz|###|60198|###|163
28177134|###|Loyal (East Coast Version) (feat. Lil Wayne & French Montana)|###|Chris Brown|###|60198|###|163
28401218|###|Sing|###|Ed Sheeran|###|60198|###|163
27731486|###|Talk Dirty (Feat. 2 Chainz)|###|Jason DeRulo|###|60198|###|163
28306220|###|Bailando (feat. Descemer Bueno & Gente de Zona)|###|Enrique Iglesias|###|60198|###|163
27747342|###|Not a Bad Thing / Pair of Wings|###|Justin Timberlake|###|60198|###|163
28048405|###|Beachin'|###|Jake Owen|###|60198|###|163
28700023|###|American Kids|###|Kenny Chesney|###|60198|###|163
27528308|###|Counting Stars|###|OneRepublic|###|60198|###|163
26217115|###|Pompeii|###|Bastille|###|60198|###|163
28461895|###|Shower|###|Becky G|###|60198|###|163
28308080|###|Me and My Broken Heart|###|Rixton|###|60198|###|163
28282494|###|Drunk On a Plane|###|Dierks Bentley|###|60198|###|163
28578770|###|Pills N Potions|###|Nicki Minaj|###|60198|###|163
28031119|###|Let It Go|###|Idina Menzel|###|60198|###|163
28324538|###|2 On|###|Tinashé,ScHoolboy Q|###|60198|###|163
27853737|###|Birthday|###|Katy Perry|###|60198|###|163
28458196|###|Come With Me Now|###|Kongos|###|60198|###|163
27585869|###|Play It Again|###|Luke Bryan|###|60198|###|163
28482391|###|Believe Me|###|Lil Wayne,Drake|###|60198|###|163
28048205|###|This Is How We Roll|###|Florida Georgia Line,Luke Bryan|###|60198|###|163
28612092|###|Somethin’ Bad (duet with Carrie Underwood)|###|Miranda Lambert|###|60198|###|163
26573743|###|Really Don't Care|###|Demi Lovato,Cher Lloyd|###|60198|###|163
28546538|###|Bartender|###|Lady Antebellum|###|60198|###|163
27646851|###|Best Day Of My Life|###|American Authors|###|60198|###|163
27848139|###|Yeah|###|Joe Nichols|###|60198|###|163
28283992|###|I Don't Dance|###|Lee Brice|###|60198|###|163
26232450|###|My Eyes|###|Blake Shelton|###|60198|###|163
27804336|###|Timber|###|Pitbull,Ke$ha|###|60198|###|163
27725341|###|Who I Am With You|###|Chris Young|###|60198|###|163
28606015|###|It’s My Birthday (feat. Cody Wise)|###|will.i.am|###|180106|###|163
28461430|###|Problem (feat. Iggy Azalea)|###|Ariana Grande,Iggy Azalea|###|180106|###|163
28640093|###|Ghost|###|Ella Henderson|###|180106|###|163
28409210|###|Somebody To You|###|The Vamps|###|180106|###|163
27938268|###|Budapest|###|George Ezra|###|180106|###|163
28754298|###|Right Here|###|Jess Glynne|###|180106|###|163
28401218|###|Sing|###|Ed Sheeran|###|180106|###|163
28707127|###|Gecko (Overdrive) [Extended Edit]|###|Oliver Heldens|###|180106|###|163
28306668|###|Chandelier|###|Sia|###|180106|###|163
28531849|###|Stay With Me|###|Sam Smith|###|180106|###|163
27956340|###|Waves|###|Mr. Probz|###|180106|###|163
28528999|###|A Sky Full of Stars|###|Coldplay|###|180106|###|163
27556211|###|All of Me|###|John Legend|###|180106|###|163
28411003|###|Wiggle (Feat. Snoop Dogg)|###|Jason DeRulo|###|180106|###|163
28306554|###|Summer|###|Calvin Harris|###|180106|###|163
26548584|###|Happy|###|Pharrell|###|180106|###|163
19689109|###|Wasted|###|Tiësto,Andy Duguid,Leah|###|180106|###|163
28563365|###|Dangerous Love (feat. Sean Paul)|###|Fuse Odg|###|180106|###|163
28436376|###|One More Day (Stay With Me) (Radio Edit)|###|Example|###|180106|###|163
28285990|###|Fancy (feat. Charli XCX)|###|Iggy Azalea|###|180106|###|163
28738072|###|Make U Bounce (Radio Edit)|###|Fresh|###|180106|###|163
28665554|###|Don't|###|Ed Sheeran|###|180106|###|163
28497564|###|Don't Stop|###|5 Seconds of Summer|###|180106|###|163
28250504|###|Classic|###|MKTO|###|180106|###|163
28031119|###|Let It Go|###|Idina Menzel|###|180106|###|163
28392783|###|Stolen Dance|###|Milky Chance|###|180106|###|163
28341904|###|I Will Never Let You Down|###|Rita Ora|###|180106|###|163
28095742|###|Rather Be|###|Clean Bandit,Jess Glynne|###|180106|###|163
28680438|###|Thinking Out Loud|###|Ed Sheeran|###|180106|###|163
28493257|###|Good Kisser|###|Usher|###|180106|###|163
28287954|###|Only Love Can Hurt Like This|###|Paloma Faith|###|180106|###|163
28391193|###|Nobody to Love|###|SIGMA|###|180106|###|163
28337092|###|Hideaway|###|Kiesza|###|180106|###|163
28530978|###|Jubel|###|Klingande|###|180106|###|163
28306077|###|She Looks So Perfect|###|5 Seconds of Summer|###|180106|###|163
28524032|###|Love Never Felt So Good|###|Michael Jackson,Justin Timberlake|###|180106|###|163
28126873|###|Loyal (West Coast Version)|###|Chris Brown,Lil Wayne,Too $hort|###|180106|###|163
28520171|###| Don't Look Back   (Club Edit)|###|Matrix,Futurebound,Tanya Lacey|###|180106|###|163
28048632|###|Money On My Mind|###|Sam Smith|###|180106|###|163
28259612|###|I Got U|###|Duke Dumont Ft. Jax Jones|###|180106|###|163
28757008|###|オモイダマ|###|関ジャニ∞|###|60131|###|163
28726307|###|Last Romeo  ~君がいればいい~|###|Infinite|###|60131|###|163
28754586|###|ウィーアー!|###|AAA|###|60131|###|163
28717420|###|君に出会えたから|###|miwa|###|60131|###|163
28700475|###|R.Y.U.S.E.I|###|三代目J Soul Brothers|###|60131|###|163
28765093|###|Intro Situation|###|ゆいかおり|###|60131|###|163
28308094|###|高嶺の林檎|###|NMB48|###|60131|###|163
28613320|###|daze|###|自然の敵P|###|60131|###|163
28468219|###|ゲラゲラポーのうた|###|キング・クリームソーダ|###|60131|###|163
28665891|###|LUCKY STAR|###|SHINee|###|60131|###|163
28461986|###|にじいろ|###|絢香|###|60131|###|163
28748707|###|A.I|###|蒼井翔太|###|60131|###|163
28757969|###|共鳴進歌|###|小野賢章|###|60131|###|163
28765069|###|君と夏フェス|###|SHISHAMO|###|60131|###|163
28772113|###|Crazy Crazy|###|星野源|###|60131|###|163
28719733|###|頑張ったっていいんじゃない|###|大原櫻子|###|60131|###|163
28680350|###|7日目の決意|###|UVERworld|###|60131|###|163
28606110|###|誰も知らない|###|嵐|###|60131|###|163
28341337|###|気づいたら片想い|###|乃木坂46|###|60131|###|163
28638779|###|Love wing bell|###|久保ユリカ,南條愛乃,楠田亜衣奈,徳井青空,飯田里穂,Pile|###|60131|###|163
28496193|###|GUTS!|###|嵐|###|60131|###|163
28638926|###|ONE -for the win-|###|NewS|###|60131|###|163
28497337|###|ラブラドール・レトリバー|###|AKB48|###|60131|###|163
28747921|###|HAPPY AND HAPPY|###|トミタ栞|###|60131|###|163
28757109|###|紅蓮|###|DOES|###|60131|###|163
26619115|###|南部蝉しぐれ|###|福田こうへい|###|60131|###|163
28578091|###|NIPPON|###|椎名林檎|###|60131|###|163
28234373|###|タカラモノズ|###|μ's|###|60131|###|163
28707138|###|ラムネ色 青春|###|765PRO ALLSTARS|###|60131|###|163
28773500|###|이제 그만 싸우자|###|许阁,郑恩地|###|60255|###|163
28768726|###|Red Light|###|f(x)|###|60255|###|163
28773492|###|노래 불러줘요|###|G.O.D.,IU|###|60255|###|163
28773489|###|우리가 사는 이야기|###|G.O.D.,메건리|###|60255|###|163
28747165|###|하늘색 약속|###|G.O.D.|###|60255|###|163
28754083|###|우산|###|Younha|###|60255|###|163
28660566|###|한여름밤의 꿀|###|San E,레이나|###|60255|###|163
28738351|###|애타는 마음|###|Ulala Session,IU|###|60255|###|163
28613217|###|눈, 코, 입|###|东永裴|###|60255|###|163
28724135|###|오늘부터 1일 (Day 1)|###|K.Will|###|60255|###|163
28765040|###|움직이지마|###|DAViCHi|###|60255|###|163
28773487|###|Saturday Night|###|G.O.D.|###|60255|###|163
28686798|###|단발머리 (Short Hair)|###|AOA|###|60255|###|163
28768388|###|고백했는데|###|Bro|###|60255|###|163
28773486|###|보통날 (Original Ver.)|###|G.O.D.|###|60255|###|163
28768727|###|MILK|###|f(x)|###|60255|###|163
28661564|###|Maps|###|Maroon 5|###|60255|###|163
28665538|###|Good Luck|###|Beast|###|60255|###|163
28593407|###|사람냄새|###|郑仁,Gary|###|60255|###|163
28686545|###|Mr.애매모호|###|Mamamoo|###|60255|###|163
28773493|###|난 좋아|###|G.O.D.|###|60255|###|163
28557036|###|너의 의미|###|IU,金昌万|###|60255|###|163
28773491|###|Stand Up|###|G.O.D.|###|60255|###|163
28798270|###|I'm In Love|###|Ailee,2Lson|###|60255|###|163
28773490|###|Smile|###|G.O.D.|###|60255|###|163
28606726|###|나 왜이래|###|San E,강민희|###|60255|###|163
28768730|###|All Night|###|f(x)|###|60255|###|163
28773494|###|신사의 품격 (G`swag)|###|G.O.D.|###|60255|###|163
28738294|###|Nice Body|###|孝敏,Loco|###|60255|###|163
28695046|###|니가 빈 자리|###|申勇在,이해리|###|60255|###|163
28568251|###|너를 너를 너를|###|Fly To The Sky|###|60255|###|163
28679499|###|Summer Time (자리비움)|###|Dynamic Duo|###|60255|###|163
28633016|###|헤어졌다 만났다|###|DAViCHi|###|60255|###|163
28690184|###|팔베개|###|DAViCHi|###|60255|###|163
28668256|###|집이 돼줄게|###|Bumkey|###|60255|###|163
28528597|###|Good-night Kiss|###|全孝盛|###|60255|###|163
28643016|###|사랑했으니..됐어|###|蜘蛛|###|60255|###|163
28528259|###|너를 원해|###|정기고,Beenzino|###|60255|###|163
28773485|###|5+4+1+5=15|###|G.O.D.|###|60255|###|163
28773488|###|아저씨와 메건리|###|G.O.D.|###|60255|###|163
28557032|###|나의 옛날이야기|###|IU|###|60255|###|163
28497213|###|중독 (Overdose)|###|EXO-K|###|60255|###|163
28240418|###|썸|###|昭宥,정기고,Lil Boi|###|60255|###|163
28341184|###|Mr. Chu (On Stage)|###|Apink|###|60255|###|163
28613035|###|사랑 그 한마디|###|金泰妍|###|60255|###|163
28613330|###|지금 술 한잔 했어|###|金宝静,펀치|###|60255|###|163
28798287|###|Beauty Beauty|###|金贤重|###|60255|###|163
28768728|###|나비 (Butterfly)|###|f(x)|###|60255|###|163
28315913|###|야생화|###|朴孝信|###|60255|###|163
22841963|###|우산|###|Epik High,Younha|###|60255|###|163
28528999|###|A Sky Full of Stars|###|Coldplay|###|120001|###|163
28661564|###|Maps|###|Maroon 5|###|120001|###|163
28613246|###|Battle Cry|###|Imagine Dragons|###|120001|###|163
28308080|###|Me and My Broken Heart|###|Rixton|###|120001|###|163
28401218|###|Sing|###|Ed Sheeran|###|120001|###|163
28341904|###|I Will Never Let You Down|###|Rita Ora|###|120001|###|163
28524618|###|Rude|###|MAGIC!|###|120001|###|163
28465132|###|Our Time|###|Lily Allen|###|120001|###|163
28531849|###|Stay With Me|###|Sam Smith|###|120001|###|163
28524032|###|Love Never Felt So Good|###|Michael Jackson,Justin Timberlake|###|120001|###|163
28399489|###|Am I Wrong|###|Nico & Vinz|###|120001|###|163
28754300|###|Somebody To You|###|The Vamps,Demi Lovato|###|120001|###|163
28381738|###|Extraordinary|###|Clean Bandit|###|120001|###|163
28461430|###|Problem (feat. Iggy Azalea)|###|Ariana Grande,Iggy Azalea|###|120001|###|163
28609041|###|Lay Me Down (Avicii By Avicii)|###|Avicii|###|120001|###|163
28100514|###|Alone|###|Armin van Buuren|###|120001|###|163
28406990|###|Love Runs Out|###|OneRepublic|###|120001|###|163
28524666|###|We Are One (Ole Ola)|###|Pitbull,Jennifer Lopez,Cláudia Leitte|###|120001|###|163
28566210|###|Boom Clap|###|Charli XCX|###|120001|###|163
28306668|###|Chandelier|###|Sia|###|120001|###|163
28700951|###|三月|###|张惠妹|###|112463|###|163
28727673|###|这首歌|###|萧敬腾|###|112463|###|163
28719060|###|一刀不剪|###|炎亚纶|###|112463|###|163
28724245|###|即溶爱人|###|郭静|###|112463|###|163
28665054|###|不安小姐|###|徐佳莹|###|112463|###|163
28695703|###|默默|###|品冠|###|112463|###|163
28699295|###|跟你住|###|孙盛希|###|112463|###|163
28732140|###|Break It Down|###|SpeXial|###|112463|###|163
28665558|###|王者之声|###|潘玮柏|###|112463|###|163
28660590|###|吻我吧|###|萧敬腾|###|112463|###|163
28638579|###|打呼|###|潘玮柏,杨丞琳|###|112504|###|163
28660685|###|由我们主宰|###|五月天|###|112504|###|163
28700951|###|三月|###|张惠妹|###|112504|###|163
28481818|###|可以了|###|陈奕迅|###|112504|###|163
28267244|###|故乡香|###|钟汉良|###|112504|###|163
28524590|###|暗室之后|###|魏如萱|###|112504|###|163
28665339|###|万花瞳|###|蔡依林|###|112504|###|163
28732154|###|童真年代|###|张学友|###|112504|###|163
28546454|###|一人独得|###|苏永康|###|112504|###|163
28724245|###|即溶爱人|###|郭静|###|112504|###|163
28403111|###|特别的人|###|方大同|###|112504|###|163
28665054|###|不安小姐|###|徐佳莹|###|112504|###|163
28707837|###|迷路|###|Selina|###|112504|###|163
28747833|###|Baby Boy|###|王心凌|###|112504|###|163
28629115|###|蜿蜒|###|品冠|###|112504|###|163
28606750|###|原谅不美好|###|郁可唯|###|64016|###|163
28629128|###|再见忧伤|###|李泉|###|64016|###|163
28626081|###|女神经|###|李宇春|###|64016|###|163
28773035|###|甩开|###|丁当|###|64016|###|163
28497592|###|如果现在|###|郑虹|###|64016|###|163
28738159|###|别忘了|###|周笔畅|###|64016|###|163
28773540|###|偶尔还是会想起你|###|牛奶咖啡|###|64016|###|163
28739736|###|时光行者|###|塔斯肯|###|64016|###|163
28310560|###|哎呀|###|李荣浩|###|64016|###|163
28692501|###|剑伤|###|李易峰|###|64016|###|163
28665694|###|永远|###|张靓颖|###|64016|###|163
28690029|###|风带走的|###|阿鲁阿卓|###|64016|###|163
28613416|###|一点一滴|###|羽·泉|###|64016|###|163
28643067|###|Go 巴西 Goal|###|谷峰|###|64016|###|163
28606305|###|小苹果|###|筷子兄弟|###|64016|###|163
28747134|###|Smash! (Original Mix)|###|Ummet Ozcan|###|3812895|###|163
28747103|###|Lovers On The Sun (Extended Mix)|###|David Guetta,Sam Martin|###|3812895|###|163
28737765|###|Turn Around (Âme Remix)|###|Sailor & I|###|3812895|###|163
28690877|###|#SELFIE (Botnek Remix)|###|The Chainsmokers|###|3812895|###|163
28717767|###|Let Me Down (Tube & Berger Remix)|###|Daniel Steinberg|###|3812895|###|163
28412369|###|Forget (Original Mix)|###|Patrick Topping|###|3812895|###|163
28612883|###|Gold Skies|###|Sander Van Doorn,Martin Garrix,DVBBS,Aleesia|###|3812895|###|163
28522112|###|Hey Now (Sasha Remix)|###|London Grammar|###|3812895|###|163
28660144|###|The Path (Original Mix)|###|Purple Disco Machine,Teenage Mutants|###|3812895|###|163
28773420|###|Backlash (Martin Garrix Edit)|###|DubVision|###|3812895|###|163
28786982|###|Hammer (Original Mix)|###|Mastik|###|3812895|###|163
28743858|###|Exit (Original Mix)|###|Miss Kittin,Dubfire|###|3812895|###|163
28640156|###|Feet On The Ground (Original Mix)|###|Nicky Romero,Anouk|###|3812895|###|163
28434550|###|Walking With Elephants|###|Ten Walls|###|3812895|###|163
28751266|###|After Dark (original mix)|###|&ME,Homemade Weapons|###|3812895|###|163
28640158|###|Rambo (Hardwell Edit)|###|J-Trick,Hardwell,Deorro|###|3812895|###|163
28642461|###|Eparrei|###|Fatboy Slim,Dimitri Vegas,Diplo|###|3812895|###|163
28695687|###|Arcadia (feat. Luciana) [Radio Edit]|###|Hardwell|###|3812895|###|163
28708184|###|The Underground (Original Mix)|###|Alvaro|###|3812895|###|163
28702080|###|Prayer In C (Robin Schulz Remix)|###|Lilly Wood & The Prick,Robin Schulz|###|3812895|###|163
28403111|###|特别的人|###|方大同|###|256172|###|163
28283346|###|尚好的青春|###|孙燕姿|###|256172|###|163
28461879|###|一辈子|###|钟欣桐|###|256172|###|163
28310487|###|飞行的100个理由|###|Mr.|###|256172|###|163
28306853|###|今宵多珍重|###|王若琳|###|256172|###|163
28038058|###|矛盾|###|田馥甄|###|256172|###|163
28288069|###|刺情|###|张韶涵|###|256172|###|163
28282243|###|娱乐天空|###|陈奕迅|###|256172|###|163
28178223|###|快乐快了|###|家家|###|256172|###|163
28310817|###|100分的朋友|###|林育群|###|256172|###|163
26349640|###|Lose Yourself To Dance|###|Daft Punk,Pharrell,Nile Rodgers|###|257105|###|163
27965469|###|A Song About Love|###|Jake Bugg|###|257105|###|163
27513873|###|Wings|###|Birdy|###|257105|###|163
28295173|###|Can't Remember To Forget You|###|Shakira,Rihanna|###|257105|###|163
28234732|###|Air Balloon|###|Lily Allen|###|257105|###|163
28111063|###|Drunk In Love (feat. Jay Z)|###|Beyoncé|###|257105|###|163
27836839|###|Losing Sleep|###|John Newman|###|257105|###|163
28359108|###|Wild Heart|###|The Vamps|###|257105|###|163
28059139|###|Who You Love|###|John Mayer,Katy Perry|###|257105|###|163
27971457|###|Midnight Memories|###|One Direction|###|257105|###|163
28196144|###|Drawing The Line|###|Royal Pirates|###|256189|###|163
28111012|###|Cigarette|###|Topp Dogg|###|256189|###|163
28497213|###|중독 (Overdose)|###|EXO-K|###|256189|###|163
28283325|###|Happy|###|2NE1|###|256189|###|163
26584767|###|AHEAD|###|VAMPS|###|256189|###|163
28103425|###|Flower|###|龙俊亨|###|256189|###|163
26568555|###|빠빠빠(Bar Bar Bar)|###|Crayon Pop|###|256189|###|163
28306404|###|오늘 뭐해|###|4minute|###|256189|###|163
22682115|###|추격자 (The Chaser)|###|Infinite|###|256189|###|163
27506018|###|Love Sick|###|TAHITI|###|256189|###|163
28636765|###|无朋友|###|李克勤|###|4395559|###|163
28391625|###|蓝月亮|###|陈慧娴|###|4395559|###|163
28403111|###|特别的人|###|方大同|###|4395559|###|163
28640167|###|狂欢|###|柳丁|###|4395559|###|163
27808716|###|离人泪|###|张继聪|###|4395559|###|163
28732154|###|童真年代|###|张学友|###|4395559|###|163
28521207|###|野马之梦|###|刘明辉|###|4395559|###|163
28661925|###|一追再追 (广东版)|###|郑秀文|###|4395559|###|163
28606102|###|沒有花收的日子|###|吴雨霏|###|4395559|###|163
28310574|###|家书|###|C AllStar|###|4395559|###|163
28660298|###|Vida (Chinese Version)|###|Ricky Martin,金贵晟,李尚尚,隔壁团乐队,林育群,刘伟德,林奕匡|###|4395559|###|163
28461879|###|一辈子|###|钟欣桐|###|4395559|###|163
28578781|###|一粒糖|###|侧田|###|4395559|###|163
28546353|###|烟花|###|浮尘|###|4395559|###|163
28613456|###|算了吧 你不会明白的|###|田维英|###|4395559|###|163
28695504|###|重装出发|###|TooPhat,Roc大雕,MC飞,PNC|###|1899724|###|163
28660885|###|中国合伙人|###|2 DOPE BOYZ,张堇宸,Mg.修能,迪克|###|1899724|###|163
28695382|###|Hustle hard|###|zig,Drplay|###|1899724|###|163
28633399|###|这一刻|###|晨星,T.King,Lee-Ai.Tian|###|1899724|###|163
28765152|###|其乐无穷|###|龙井|###|1899724|###|163
28731360|###|我要当学霸|###|Red10,AM腹黑,大飞,BQ,J-mo,Murpha|###|1899724|###|163
28765153|###|开挂侠|###|Dewen和拖鞋,T-CRASH|###|1899724|###|163
28633398|###|Real Rap|###|ESpapa|###|1899724|###|163
28793645|###|为明天而战|###|C-Block|###|1899724|###|163
28793646|###|告别|###|坚持者|###|1899724|###|163
28497596|###|Dance To The Music|###|李宇春|###|3906086|###|163
28497452|###|Kelly|###|萧敬腾|###|3906086|###|163
28606750|###|原谅不美好|###|郁可唯|###|3906086|###|163
28568206|###|田园香|###|黄雅莉|###|3906086|###|163
28606055|###|电影票根|###|郑虹|###|3906086|###|163
28306851|###|Moon River|###|王若琳|###|3906086|###|163
28561288|###|寻人启事|###|徐佳莹|###|3906086|###|163
28427321|###|靠近|###|吴莫愁|###|3906086|###|163
28282243|###|娱乐天空|###|陈奕迅|###|3906086|###|163
28568243|###|爱情呼救999|###|弦子,吴克羣|###|3906086|###|163
