003KwBZB4WEEkC|###|4994151|###|Reload|###|Sebastian Ingrosso|###|39|###|qq
003BUt9J2g4atp|###|5636760|###|We Go Down|###|Krewella|###|39|###|qq
002PlDYy23dmUW|###|4994155|###|Take Me (feat. Kyler England)|###|Tiësto|###|39|###|qq
002RcvGS0Nynrz|###|4885625|###|Exotic (feat. Pitbull)|###|Priyanka Chopra|###|39|###|qq
002Yo4HR03Z6Fr|###|4804302|###|Bubble Butt (feat. Bruno Mars, Tyga & Mystic)|###|Major Lazer|###|39|###|qq
004FKyqA2JDt2H|###|4816359|###|Stars|###|Kat DeLuna|###|39|###|qq
0024YOVQ2rzYhd|###|4801691|###|Gentleman(绅士)|###|Psy|###|39|###|qq
003U0ojV4GssCB|###|2472240|###|I Love It (feat. Charli XCX)|###|Icona Pop|###|39|###|qq
001vdszP2RzuAi|###|1114936|###|Summertime Sadness|###|Lana Del Rey|###|39|###|qq
000tUkf92vWerp|###|4984247|###|Turn the Night Up|###|Enrique Iglesias|###|39|###|qq
000cfqDQ1Vu5IS|###|4965711|###|Live for the Night|###|Krewella|###|39|###|qq
001wazGD1L89AF|###|2478529|###|Woman's World|###|Cher|###|39|###|qq
002K9YTU43W1IN|###|2468496|###|Feel This Moment (feat. Christina Aguilera)|###|Pitbull|###|39|###|qq
002TKuJe36CA8A|###|4812288|###|Scream & Shout (feat. Britney Spears)|###|will.i.am|###|39|###|qq
002Ysywo41gGwD|###|4784248|###|#thatPOWER (feat. Justin Bieber)|###|will.i.am|###|39|###|qq
0022DLpQ3HT2Ql|###|4884825|###|Wake Me Up|###|Avicii|###|39|###|qq
003hYMFu4J1NOa|###|4764225|###|Alive|###|Krewella|###|39|###|qq
0020h8CG3QWxBs|###|5115236|###|Live It Up (feat. Pitbull)|###|Jennifer Lopez|###|39|###|qq
000JSUgH1uhmDE|###|4713238|###|Levitate|###|Hadouken!|###|39|###|qq
002gWRB71FBJnF|###|956322|###|Poker Face|###|Lady GaGa|###|39|###|qq
003Bf3SR47Qn2F|###|784331|###|舞动激情 Body To Body|###|Jay-J|###|39|###|qq
001Ac4Pq0R8Fze|###|1057788|###|All Night|###|Cory Lee|###|39|###|qq
000BywvO0bIH0M|###|839079|###|On the Floor(feat. Pitbull)|###|Jennifer Lopez|###|39|###|qq
0008l0v44OvfSv|###|1050703|###|Mas(Wally Lopez Ibiza Es Mas Radio Remix)|###|Ricky Martin|###|39|###|qq
0041plLb2GiSxT|###|429372|###|Disturbia|###|Rihanna|###|39|###|qq
0015byap4CVCaK|###|1281990|###|In The Dark|###|Dev|###|39|###|qq
000NqMuP1PxOf3|###|420526|###|you and me你和我|###|Sylver|###|39|###|qq
002ZGist4UyZoU|###|1473252|###|Beauty And A Beat (feat. Nicki Minaj)|###|Justin Bieber|###|39|###|qq
002Q2Fdz3mLBlj|###|1999020|###|Get Outta My Way|###|Kylie Minogue|###|39|###|qq
003wmVy23MNgbR|###|519117|###|How High|###|Madonna|###|39|###|qq
000xLd9z0OJwML|###|1038513|###|Hangover(Feat. Flo Rida)|###|Taio Cruz|###|39|###|qq
0010nZ5q3LLdfC|###|1235261|###|Beautiful|###|Akon|###|39|###|qq
004UBQoR4Yrseu|###|2636565|###|Turn Up the Music|###|Chris Brown|###|39|###|qq
001slk8R4X92Qg|###|967478|###|We Found Love (feat. Calvin Harri)|###|Rihanna|###|39|###|qq
001Tc3Ly4GJyHh|###|748128|###|Mirrors(Purple Crush Remix)|###|Natalia Kills|###|39|###|qq
000aOxnt1LoFHP|###|1113791|###|Hit the Lights(feat. Lil Wayne)|###|Jay Sean|###|39|###|qq
000BfL5z3EHDu8|###|1628740|###|Let's Go|###|Calvin Harris|###|39|###|qq
002ide3k0ZWcAH|###|5029939|###|Blow (Cirkut Remix)|###|Ke$ha|###|39|###|qq
004MQDqP3BFxTo|###|808683|###|Do It Like A Dude|###|Jessie J|###|39|###|qq
004cCFzp3Djxqg|###|970816|###|Look How I'm Doing|###|Heidi Montag|###|39|###|qq
00473QRt2R0nsN|###|1115923|###|She Doesn't Mind|###|Sean Paul|###|39|###|qq
0049xP2C0uNhGq|###|1053677|###|Down For Whatever|###|Kelly Rowland|###|39|###|qq
0025aBnG0ZqqYT|###|1355237|###|Brokenhearted|###|Karmina|###|39|###|qq
001FlQ5J3xGB4q|###|2182172|###|Last Friday Night (T.G.I.F.) [feat. Missy Elliott]|###|Katy Perry|###|39|###|qq
000MaZRB1Uu2oO|###|904254|###|You Can Dance(Tila Tequila)|###|Miss Tila|###|39|###|qq
000vTkF31uLmRg|###|1239603|###|Pound The Alarm|###|Nicki Minaj|###|39|###|qq
002wpXov3fKWEY|###|1419345|###|Million Dollar Bill (Freemasons Radio Mix)|###|Whitney Houston|###|39|###|qq
003b1C351u0OYl|###|1965469|###|Cruel Intentions|###|Cory Lee|###|39|###|qq
0035QxKg4L3BVt|###|1230971|###|A Perfect Match(Extended Version)|###|Abba Teens|###|39|###|qq
0026u0b74EhupX|###|2369675|###|Speakerphone|###|Kylie Minogue|###|39|###|qq
002drPVm1xMBbv|###|1039666|###|Open Up Your Heart|###|R.I.O.|###|39|###|qq
00397sdr02CasF|###|2811005|###|Kill The Lights|###|Britney Spears|###|39|###|qq
000jfBpI2Wh5mO|###|1247067|###|Starships|###|Nicki Minaj|###|39|###|qq
0012nFaQ1YGenK|###|1005894|###|Stronger (What Doesn't Kill You)|###|Kelly Clarkson|###|39|###|qq
001yBwBl3PaVo5|###|956017|###|Filthy Dirty(W.T.F. XXX Remix)|###|MC Mario|###|39|###|qq
0012VbHJ2Pv1lc|###|641651|###|웨딩드레스(Wedding Dress)|###|太阳|###|39|###|qq
002Pfowl3FTrp8|###|811156|###|Yeah 3x|###|Chris Brown|###|39|###|qq
0036bj7v2rYQRT|###|422435|###|Side Effects|###|Mariah Carey|###|39|###|qq
000PgTZ34V1NKC|###|1388983|###|Take You There|###|Sean Kingston|###|39|###|qq
0000JQgT4EI9rd|###|1028240|###|Talk That Talk (feat. Jay-Z)|###|Rihanna|###|39|###|qq
002rMSdi0qJtEs|###|957244|###|I Like It Loud|###|Nadia Oh|###|39|###|qq
0029uKOh1s7o3F|###|839081|###|I'm Into You(feat. Lil Wayne)|###|Jennifer Lopez|###|39|###|qq
001RkJOl1yUtEU|###|680010|###|I Like It(Original Version)|###|Enrique Iglesias|###|39|###|qq
0045U8FI0RHhEE|###|7030854|###|Somebody to Love(remix版)|###|Usher|###|39|###|qq
003ClnDX1xlTDP|###|651714|###|T.T.L(Time To Love)|###|T-ara|###|39|###|qq
004Jvb980VGw6r|###|1490891|###|Inside Out|###|Britney Spears|###|39|###|qq
002Kiyfu05kDqy|###|1114902|###|Boyfriends Hate Me|###|Space Cowboys|###|39|###|qq
001KDWkc3WCVEE|###|880528|###|Bang Bang Bang|###|Selena Gomez + the Scene|###|39|###|qq
003TPL6M2bYFI7|###|1039652|###|Turn This Club Around(Feat. U)|###|R.I.O.|###|39|###|qq
002TGLir3tAh7t|###|1026300|###|Levels (Radio Edit)|###|Avicii|###|39|###|qq
000xfEYA2sIERt|###|1201519|###|Red Carpet|###|神话组合|###|39|###|qq
000j9XNM1NyT5M|###|662616|###|Whatcha Say|###|Jason Derülo|###|39|###|qq
004bezlE1zjBzc|###|1019869|###|Llove (feat. Haley)|###|Kaskade|###|39|###|qq
003YvJPv3PkGOa|###|1281986|###|Lightspeed|###|Dev|###|39|###|qq
001kyNdm0Mh0YN|###|939659|###|Free(feat. will.i.am)|###|Natalia Kills|###|39|###|qq
004CLzug2fzr9K|###|1365202|###|Cuore scoppiato|###|Antonella Lo Coco|###|39|###|qq
0037Bl8S0bQDWb|###|1511796|###|Going Down|###|罗志祥|###|39|###|qq
0005rMrY0vk0kl|###|1334517|###|Radioactive|###|Marina & The Diamonds|###|39|###|qq
003MHuzr2cfuRK|###|4880233|###|Lay It On Me(feat. Big Sean)|###|Kelly Rowland|###|39|###|qq
004fJFej4Z57Bs|###|1476397|###|Waiting for the Feeling|###|Bright Light Bright Light|###|39|###|qq
001YshgI2qzr6z|###|1414372|###|Goin' In(Ft. Flo Rida)|###|Jennifer Lopez|###|39|###|qq
0032sGie0oj9I9|###|748126|###|Mirrors(Doctor Rosen Rosen Rx Remix)|###|Natalia Kills|###|39|###|qq
003HoASI0bSLJN|###|471932|###|Fire Burning|###|Sean Kingston|###|39|###|qq
000p25Wn2aqp0J|###|1675194|###|Wild Ways|###|Kyle Patrick|###|39|###|qq
001IwcNO4SHgpg|###|4938257|###|Good Girls Go Bad ft. Leighton Meester|###|Cobra Starship|###|39|###|qq
002uSN0S0hbycF|###|25350|###|Love At First Sight|###|Kylie Minogue|###|39|###|qq
0036Cfmy37RWnx|###|3223562|###|3|###|Britney Spears|###|39|###|qq
000c6Xjs4Trb5x|###|1331865|###|Live My Life (Party Rock Remix|###|Far East Movement|###|39|###|qq
002AVkrX3Ok36S|###|977689|###|Playmate To Jesus|###|Aqua|###|39|###|qq
003LfUZm1UlQaI|###|764974|###|Club Can't Handle Me(feat. David Guetta)|###|Flo Rida|###|39|###|qq
002WyDDV38Orpp|###|656202|###|Rise Again|###|Sylver|###|39|###|qq
002XmFT240AUk3|###|1087049|###|Fight for You (Suncycle Remix)|###|Jason Derülo|###|39|###|qq
002QNQO62u8J23|###|1459055|###|Beating Still|###|Alexandra Burke|###|39|###|qq
0013okbR2vXbBU|###|1234719|###|Some Girls|###|Madonna|###|39|###|qq
003pkfFM29V4LZ|###|1114903|###|Devastated|###|Space Cowboys|###|39|###|qq
002TN62L4BOTF5|###|1344120|###|Prom Night|###|Jeffree Star|###|39|###|qq
000IXewq1mZO18|###|1076412|###|Alejandro|###|Lady GaGa|###|39|###|qq
002nkbTo1JqZkM|###|851315|###|All I Need Is You (feat. Sean Ryan)|###|ATB|###|39|###|qq
001qFE8x1xxwLl|###|136788|###|何日君再来|###|吕珊|###|10001|###|qq
003GRcYA06HHZG|###|231008|###|只想一生跟你走(粤)|###|张学友|###|10001|###|qq
0009Qsdv0H6RL0|###|421533|###|Yesterday|###|The Beatles|###|10001|###|qq
0031l5Lx3tgwfa|###|133998|###|情深意长|###|胡倩倩|###|10001|###|qq
000ZDF131r9gfX|###|398200|###|大海啊故乡|###|董文华|###|10001|###|qq
000uF4Ma3uLg6d|###|663639|###|一剪梅(一剪梅插曲)|###|费玉清|###|10001|###|qq
000L2bmO32iII0|###|4814555|###|Scarborough Fair|###|Sarah Brightman|###|10001|###|qq
000VZ8fH0CdxHK|###|98527|###|冰雨|###|刘德华|###|10001|###|qq
000RG88n0Kojbs|###|147093|###|一生何求(义不容情主题曲)|###|陈百强|###|10001|###|qq
000FQWnt1qz7qC|###|627261|###|小白杨|###|阎维文|###|10001|###|qq
004VJIbK2l2Std|###|442861|###|一场游戏一场梦|###|王杰|###|10001|###|qq
004MVmia0q98lZ|###|6404955|###|爱就一个字|###|张信哲|###|10001|###|qq
003fxnzx4QqiBs|###|2245099|###|Beautiful|###|Sarah Brightman|###|10001|###|qq
002VPX8t1AAoLf|###|536432|###|讲不出再见|###|谭咏麟|###|10001|###|qq
001qiMyE2mNcfz|###|2408633|###|Pasin|###|Sarah Brightman|###|10001|###|qq
003v4P8h1B1Wvp|###|237053|###|尘缘(八月桂花香 主题曲)|###|罗文|###|10001|###|qq
00047KJo3wJ26h|###|622427|###|在太行山上(合唱)|###|中国广播艺术团合唱|###|10001|###|qq
003QCk2S3o6gEC|###|543977|###|一千个伤心的理由|###|张学友|###|10001|###|qq
002IQnrq4PKUm4|###|480466|###|一生中最爱|###|谭咏麟|###|10001|###|qq
004Bk6hr2E5pd7|###|164250|###|遥远的她|###|张学友|###|10001|###|qq
001lkWV134aIVS|###|622501|###|花儿为什么这样红|###|曹芙嘉|###|10001|###|qq
001sLXum22hqDw|###|119983|###|碧绿色的小兔子|###|酒井法子|###|10001|###|qq
00208cKb0pkrD3|###|665132|###|Hero|###|Mariah Carey|###|10001|###|qq
00461Zfk2TFInG|###|1250012|###|月亮代表我的心|###|邓丽君|###|10001|###|qq
002Ylvrc1r9GTl|###|622452|###|爷爷爸爸和我|###|小曾|###|10001|###|qq
000xRqzG2gJSKk|###|663261|###|World In Front Of Me|###|Kina Grannis|###|10001|###|qq
004crejo2VjZw9|###|791358|###|青青河边草(青青河边草插曲)|###|高胜美|###|10001|###|qq
003cZg7C32zTIH|###|240687|###|婉君|###|李翊君|###|10001|###|qq
000qCn3Q3yPm2s|###|1084738|###|夜光下的战友|###|郝红岩|###|10001|###|qq
001U0SAH0VkZIW|###|474574|###|济公活佛(济公)|###|孙佳星|###|10001|###|qq
0018Cnj42iFFiL|###|646035|###|少年壮志不言愁|###|刘欢|###|10001|###|qq
002SaAgh1Jfwtp|###|645889|###|我爱五指山，我爱万泉河|###|李双江|###|10001|###|qq
00092kxg1u1L0U|###|664169|###|Otherworld|###|Eluveitie|###|10001|###|qq
000glj782p9cBY|###|147984|###|愿亲人早日养好伤|###|崔永元|###|10001|###|qq
001kRvCD0mSSK0|###|709032|###|京华春梦(京华春梦插曲)|###|汪明荃|###|10001|###|qq
004QAVwg44O6uE|###|622793|###|打起手鼓唱起歌|###|罗天婵|###|10001|###|qq
004atuZj3KZ0Ec|###|666721|###|What's the Story|###|Aleksander With|###|10001|###|qq
002QgOuf3WGYOb|###|5075434|###|枉凝眉|###|罗海英|###|10001|###|qq
000nhz490WFR9l|###|622795|###|祝酒歌|###|李光羲|###|10001|###|qq
000ynQda3EENG9|###|614854|###|秦始皇|###|罗嘉良|###|10001|###|qq
001eGOSt1yWjUj|###|665523|###|Kiss My Country A*s|###|Blake Shelton|###|10001|###|qq
004ITjqE0Ku0rJ|###|622796|###|金都玛米亚古都|###|铁道兵文工团|###|10001|###|qq
004TYcYv1FBfbk|###|622587|###|牧马人之歌|###|张积民|###|10001|###|qq
0019Bxv004sdEw|###|622496|###|映山红|###|曹芙嘉|###|10001|###|qq
001zUJJV0tVw4k|###|665134|###|Without You|###|Mariah Carey|###|10001|###|qq
001XJUEl2gxCMV|###|776011|###|情义无价|###|王雅洁|###|10001|###|qq
000dGEg61dWZQI|###|137211|###|赤的疑惑|###|梅艳芳|###|10001|###|qq
0042ErpX3zKR0O|###|663262|###|In Your Arms|###|Kina Grannis|###|10001|###|qq
002ngHjP29oH6G|###|622811|###|太湖美|###|程桂兰|###|10001|###|qq
001ywDvN1mFcjH|###|251087|###|东方红|###|金永玲|###|10001|###|qq
000LMQe00G23FZ|###|624162|###|血染的风采|###|董文华|###|10001|###|qq
0041krx12xPcFq|###|473947|###|爱上一个不回家的人|###|林忆莲|###|10001|###|qq
000SESSo3IVdwU|###|5051140|###|Beer On The Table|###|Josh Thompson|###|10001|###|qq
000MGZUN0EQgBD|###|478832|###|大约在冬季|###|齐秦|###|10001|###|qq
001YiTSg2twU74|###|875256|###|我的祖国|###|刀郎|###|10001|###|qq
000diUoI2TgvEm|###|103347|###|一无所有|###|崔健|###|10001|###|qq
002f4XnB0gojg7|###|2235322|###|何日君再来|###|叶丽仪|###|10001|###|qq
000TqWu602FSdq|###|139351|###|当兵的历史|###|谭晶|###|10001|###|qq
004O06HY2aRmlA|###|251190|###|爷爷为我打月饼(啊！摇篮 插曲)|###|章中锦|###|10001|###|qq
0035tqEP26pGjm|###|5051146|###|Way Out Here|###|Josh Thompson|###|10001|###|qq
001a8W6z2sAEBW|###|4941838|###|Kaze ga Fuku Hi|###|菅野洋子|###|10001|###|qq
001S1aTt2EuEgP|###|614493|###|毛主席我们想念你|###|杨臣刚|###|10001|###|qq
003bn3792tPFXq|###|5051145|###|A Name In This Town|###|Josh Thompson|###|10001|###|qq
0017S0jn3D0KJd|###|24934|###|情感的禁区|###|刘德华|###|10001|###|qq
001XWGTj2S8kAx|###|453254|###|洪湖水浪打浪|###|王玉珍|###|10001|###|qq
0004CwSM1nYx9O|###|2553709|###|采红菱|###|张德兰|###|10001|###|qq
003wXWy30KOZG5|###|679019|###|路边的野花不要采|###|邓丽君|###|10001|###|qq
003uyrPw2kKpo8|###|262853|###|男儿当自强|###|林子祥|###|10001|###|qq
002ak1Iz390zff|###|666781|###|Tired of Being Good|###|Benjy Ferree|###|10001|###|qq
0034Ef5o2Fus9j|###|98525|###|中国人|###|刘德华|###|10001|###|qq
002AMF0M1oZr5E|###|647308|###|寻梦园|###|高胜美|###|10001|###|qq
000TD4EA3UI9X5|###|230228|###|趁早|###|张宇|###|10001|###|qq
001DXr3w0siwla|###|666782|###|Fear|###|Benjy Ferree|###|10001|###|qq
0036s8Ym3DMOhV|###|102387|###|是否我真的一无所有|###|王杰|###|10001|###|qq
003qCb4a0qPj9o|###|666792|###|When You're 16|###|Benjy Ferree|###|10001|###|qq
002zGBlt2G83Ut|###|239624|###|高山青(live版)|###|邓丽君|###|10001|###|qq
000mYT3Y40qGEr|###|666720|###|Still Awake|###|Aleksander With|###|10001|###|qq
003Vf5F23xwZV9|###|12326|###|侬本多情|###|张国荣|###|10001|###|qq
000dSjxC4Y7X26|###|5002325|###|女人天下(电视剧《唐宫燕》主题曲)|###|刘庭羽|###|10002|###|qq
000EnY3K4KRA8s|###|5002132|###|一天一夜(电影《爱别离》插曲)|###|张芸京|###|10002|###|qq
002yCsMg3815hY|###|4992879|###|不管发生什么别放开我的手 (feat. 赵心蕾)(电影《小时代2》插曲)|###|高恺蔚|###|10002|###|qq
001p1eFm2wUn0Y|###|5009502|###|挽留|###|青乐组合|###|10002|###|qq
002xv8za31dzIe|###|5013772|###|还有你|###|舒鸣|###|10002|###|qq
0020qizZ3awING|###|5009503|###|我想和你谈谈|###|刘佳|###|10002|###|qq
002WTUqJ0WyTUB|###|4994715|###|魔法时刻|###|RTA少年组|###|10002|###|qq
002L7snA0BVCjn|###|5011724|###|那一天( 电视剧《老公的春天》主题曲)|###|何洁|###|10002|###|qq
004DXp3e1jWdaB|###|4999371|###|不痴不傻不是爱(电影《白狐》主题歌)|###|火狐狸虚拟组合|###|10002|###|qq
001KEDhJ1XX3Me|###|5011723|###|这些年( 电视剧《老公的春天》片尾曲)|###|周晓鸥|###|10002|###|qq
003yBBUj1ZSPK2|###|5001067|###|狮子座(电影《天神传》主题曲)|###|陶辰宇|###|10002|###|qq
001OYL6J3sCG1T|###|4969091|###|长大以后不要忘记的事(电影《玛德二号》主题曲TV Verison)|###|徐若瑄|###|10002|###|qq
002Vnqxj3pe9n7|###|4997268|###|最初的年华(电视剧《爱情悠悠药草香》片头曲)|###|张婧|###|10002|###|qq
004RlBpQ0s1CaT|###|4997270|###|一朝芳草碧连天(电视剧《爱情悠悠药草香》片尾曲)|###|曹轩宾|###|10002|###|qq
003ukDxi4WnVAV|###|4992201|###|狂舞吧 (feat. Doughboy)|###|黄宇希|###|10002|###|qq
002MVMDa2uDDLX|###|5009029|###|闻七起舞(电视剧《我爱幸运七》片头曲)|###|辰亦儒|###|10002|###|qq
0005yPPW3QDAMU|###|4986713|###|猫鼠游戏|###|华语群星|###|10002|###|qq
0026F63S31AAtu|###|4989453|###|超级经纪人(电影《超级经纪人》主题曲TV Verison)|###|杜汶泽|###|10002|###|qq
0046GKEy3NjvvF|###|5009030|###|交换人生(电视剧《我爱幸运七》片尾曲)|###|辰亦儒|###|10002|###|qq
004QIZZM3NJckV|###|4959160|###|战神联盟(《赛尔号大电影3之战神联盟》主题曲)|###|SPT乐队|###|10002|###|qq
0043SpKy2nVKjq|###|5068564|###|步步(电视剧《步步惊情》主题曲&#124;Step By Step)|###|五月天|###|10002|###|qq
003sngh34EFuYH|###|4959158|###|我们的战斗|###|SPT乐队|###|10002|###|qq
003lZMUC2KMMwr|###|4998280|###|叫醒爱(电视剧《璀璨人生》主题曲)|###|何润东|###|10002|###|qq
000SB9BT2k9pM8|###|4959159|###|Be A Friend|###|SPT乐队|###|10002|###|qq
002QzYps1ipZiX|###|4994987|###|正阳门(电视剧《正阳门下》片头曲)|###|江涛|###|10002|###|qq
004MdCMq2pU6lx|###|4962640|###|天台的月光|###|周杰伦|###|10002|###|qq
000VFhHT3ijS9u|###|4994988|###|心无暇(电视剧《正阳门下》片尾曲)|###|王诗沂|###|10002|###|qq
001j1Wi83prm7U|###|4962953|###|悄悄告诉你(电影《被偷走的那五年》主题曲)|###|范玮琪|###|10002|###|qq
0040DjPT0FI42r|###|4994787|###|失恋 Style(电视剧《失恋33天》主题曲)|###|丁丁（中国好声音）|###|10002|###|qq
000xI5oF2kIfHz|###|4994788|###|天使的爱(电视剧《失恋33天》主题曲)|###|路默依|###|10002|###|qq
001Avjxb0vEXcz|###|4965080|###|只为你歌唱|###|谈丽君|###|10002|###|qq
002PNsUo2aTTLM|###|4997300|###|实属巧合(电视剧《情逆三世缘》主题曲)|###|关淑怡|###|10002|###|qq
003PsacQ18Ge0b|###|4979073|###|暖手心(电影《夏日示爱》主题曲)|###|郭采洁|###|10002|###|qq
003StCyi29ziCE|###|5066668|###|意想不到|###|敖嘉年|###|10002|###|qq
000w0EmL24hosx|###|4979074|###|疯狂爱(电影《夏日示爱》片尾曲)|###|乔任梁|###|10002|###|qq
0036HJQ730bDcB|###|5064016|###|不负如来不负卿(电视剧《紫钗奇缘》主题曲 国语版)|###|林峰|###|10002|###|qq
004XdSg50dBIrU|###|4991550|###|女儿香(电视剧《花木兰传奇》片尾曲)|###|王莉|###|10002|###|qq
004VqA2o1can9A|###|5225253|###|一夜惊喜 (feat. 范冰冰)(电影《一夜惊喜》主题曲)|###|李治廷|###|10002|###|qq
0009Tyvs2PyJZI|###|4975684|###|可惜爱(电影《回到爱开始的地方》主题曲)|###|杨乃文|###|10002|###|qq
001vRFkU2NWmM6|###|4985604|###|听见凉山 (feat. 赵艺涵)(电视剧《听见凉山》主题曲)|###|吉克杰拉|###|10002|###|qq
0005MvAg4BMad1|###|4976979|###|一个人爱上一个人(电影《爱爱囧事》主题曲)|###|赵奕欢|###|10002|###|qq
002YpgRq03KwOU|###|4987195|###|风筝(电视剧《我要当八路军》主题曲TV Verison)|###|阎娜|###|10002|###|qq
0020wVLU0pNunr|###|4976981|###|男人不能惯(电影《爱爱囧事》插曲)|###|赵奕欢|###|10002|###|qq
003hbZhD1dEwFN|###|4991980|###|爱的供养(微电影《我为宫狂》主题曲)|###|杨幂|###|10002|###|qq
003jZO774NEnjl|###|4970628|###|飞跃的心(电视剧《精忠岳飞》主题曲)|###|黄晓明|###|10002|###|qq
000HsQNJ07SzEn|###|4982720|###|太爱你(电影《宫锁沉香》主题曲TV Verison)|###|刘忻|###|10002|###|qq
001sWPLt3nqvl3|###|4984395|###|如果，不是(电影《被偷走的那五年》片尾曲)|###|杨炅翰|###|10002|###|qq
001RqRS73Dp2uJ|###|4964795|###|精忠传奇 (feat. 黄晓明)(电视剧《精忠岳飞》主题曲TV Verison)|###|谭晶|###|10002|###|qq
002ZJJPb2Lx2uv|###|4971908|###|洛水神仙(电视剧《新洛神》片头曲TV Verison)|###|贾卿卿|###|10002|###|qq
000mSam94F2F8x|###|4997179|###|When the Darkness Comes|###|Colbie Caillat|###|10002|###|qq
003BCQ3U4J9wMM|###|4973417|###|Ooh La La (蓝精灵2 主题曲)|###|Britney Spears|###|10002|###|qq
000bSyE30Z2Tvb|###|4964801|###|Devil's Train|###|Grace Potter & The Nocturnals|###|10002|###|qq
002aDrWG4Wr1P1|###|4971909|###|雨和泪(电视剧《新洛神》片尾曲TV Verison)|###|刘依纯|###|10002|###|qq
000gYjsB2UGTQz|###|4959848|###|落叶 (feat. 白冰)(电视剧《画皮之真爱无悔》片头曲)|###|刘恺威|###|10002|###|qq
0019lRVz1qDdc2|###|4969410|###|飞花(电视剧《画皮之真爱无悔》片尾曲)|###|刘恺威|###|10002|###|qq
001lm8DO2JQGj3|###|4967734|###|Let The Bass Go|###|Snoop Dogg|###|10002|###|qq
004cDNKY1Pf80s|###|4971449|###|逆光 (feat. 沈展宁)(电视剧《逆光青春》片头曲)|###|王赴颖|###|10002|###|qq
001SfztX0qCH4e|###|4962655|###|天台 (feat. 柯有伦, 徐帆 & 群星)|###|周杰伦|###|10002|###|qq
001synmt4XWPft|###|4971450|###|勇敢撑着(电视剧《逆光青春》片尾曲)|###|周周|###|10002|###|qq
003QuLCD1NEikX|###|4916716|###|写给初恋的一封信(电影《青春守则》主题曲)|###|金志文|###|10002|###|qq
002VEdC01Ca7Wf|###|4965083|###|两颗心一起飞 (feat. 徐申东)(电视剧《天天有喜》片头曲)|###|谭耀文|###|10002|###|qq
0048TkQu1GH8Lm|###|4885460|###|不盲不爱 (feat. 郑秀文)(电影《盲探》国语主题曲)|###|刘德华|###|10002|###|qq
001mTJc1390td9|###|4965084|###|为了爱 (feat. 陆昱霖)(电视剧《天天有喜》片尾曲)|###|刘庭羽|###|10002|###|qq
000izucY1zFgE5|###|4970903|###|追(电视剧《追鱼传奇》主题曲)|###|香香|###|10002|###|qq
003w78Xf3A6Avh|###|4974110|###|说书人(电视剧《说书人》主题曲)|###|小沈阳|###|10002|###|qq
001qQKlg4YVRG9|###|4885461|###|盲爱 (feat. 郑秀文)(电影《盲探》粤语主题曲)|###|刘德华|###|10002|###|qq
000Cmje63T0Cd5|###|4981517|###|如何再见(电视剧《新施公案》片尾曲TV Verison)|###|傅晓丽|###|10002|###|qq
000YIkFV1Xb3i8|###|4966561|###|守护神(电影《爱很美》主题曲)|###|赵英俊|###|10002|###|qq
00303DGj3SbLIS|###|4974702|###|我的笨是故意的(电视剧《全民公主》片尾曲TV Verison)|###|李妍智|###|10002|###|qq
002n76qR0T29ZY|###|7022272|###|非你不可|###|顾莉雅|###|10002|###|qq
000yvUGs0AwS8I|###|4963225|###|倔强的蚂蚁(电影《早见晚爱》主题曲)|###|周渝民|###|10002|###|qq
003Xy9E32vvMLe|###|4996096|###|入阵曲(电视剧《兰陵王》主题曲)|###|五月天|###|10002|###|qq
001yDLni2xPWIu|###|4988895|###|手掌心(电视剧《兰陵王》片尾曲)|###|丁当|###|10002|###|qq
003Qj0J41lZ8Pe|###|4917456|###|热雪(电影《小时代》片尾曲)|###|魏晨|###|10002|###|qq
000KFFxP2gJhhH|###|4819407|###|光阴的故事 (feat. 邓超 & 佟大为)(电影《中国合伙人》主题曲)|###|黄晓明|###|10002|###|qq
004Atv0f1H0SoR|###|4977458|###|爱你就让你快乐 (feat. 智馨)(电视剧《我的父亲母亲》片尾曲)|###|桐瑶|###|10002|###|qq
004Hy0mj2EEvtO|###|4884947|###|我好想你(电影《小时代》主题曲)|###|苏打绿|###|10002|###|qq
000nIBkR4WmTd9|###|4825889|###|时间煮雨(电影《小时代》主题曲)|###|郁可唯|###|10002|###|qq
004Nq0vT39oyJI|###|4975342|###|你在哪里(电视剧《杜拉拉之似水年华》片尾曲)|###|樊凡|###|10002|###|qq
004aphYk1fqci2|###|4971122|###|永恒的童话(电视剧《杜拉拉之似水年华》主题曲)|###|常石磊|###|10002|###|qq
004dQ18V0BntQe|###|2478599|###|逆光飞翔|###|逆光飞翔|###|10002|###|qq
000llEoG0QcBq8|###|4831040|###|天机 (feat. 五月天阿信)(电影《天机·富春山居图》主题曲)|###|MP魔幻力量|###|10002|###|qq
000UvRQZ3nyhQ5|###|4977471|###|问情诗 (feat. 张智尧)(电视剧《楚留香新传》主题曲)|###|许慧欣|###|10002|###|qq
000A7grm0c0uGy|###|4788980|###|我们不是说好了吗 (feat. 白百合)(电影《分手合约》主题曲)|###|彭于晏|###|10002|###|qq
004KTh4I2nWAnI|###|4977469|###|香帅传奇 (feat. 崔子格)(电视剧《楚留香新传》片尾曲)|###|张智尧|###|10002|###|qq
003lnIzE3ZBQZ8|###|4793231|###|相爱有时(电影《分手合约》主题曲)|###|尚雯婕|###|10002|###|qq
002ZVpdS30FTWL|###|4980889|###|江湖再见(电视剧《龙门镖局》片尾曲)|###|胡彦斌|###|10002|###|qq
003eBYKk3n2uCy|###|4976713|###|One Night In 塞外(电视剧《龙门镖局》主题曲)|###|华语群星|###|10002|###|qq
003BpaEH2d9XDF|###|4976506|###|一问再问(电视剧《叶问》片尾曲)|###|韩雪|###|10002|###|qq
000QkvMo1paWRX|###|4976505|###|叶问霜天(电视剧《叶问》片头曲)|###|屠洪刚|###|10002|###|qq
001slroL2MCcDm|###|4783908|###|Marry You(电影《北京遇上西雅图》片头曲)|###|Thomas Anders|###|10002|###|qq
001eAaU22VJ2sT|###|4994973|###|探世界(电视剧《新神探联盟》主题曲)|###|王凯|###|10002|###|qq
002b5ZOj4gcvR9|###|4757010|###|Almost Home (Music from the Motion Picture "Oz the Great and Powerful")|###|Mariah Carey|###|10002|###|qq
002YVw6H2NDqJ3|###|4776317|###|厨戏痞(电影《厨子戏子痞子》主题曲)|###|吴莫愁|###|10002|###|qq
004fvCui3dtPd7|###|4987194|###|错爱(电视剧《棋逢对手》片尾曲)|###|权振东|###|10002|###|qq
002uBSiC1hbInQ|###|4789964|###|送别(电影《厨子戏子痞子》片尾曲)|###|朴树|###|10002|###|qq
002hOTDC1fMOzp|###|4706410|###|Song Of The Lonely Mountain(孤山之歌)|###|Neil Finn|###|10002|###|qq
004QCkfH45LHSG|###|4982954|###|断片|###|郑融|###|10003|###|qq
0021uBnV0wN5xs|###|4884801|###|Back To Life|###|3OH!3|###|10003|###|qq
003F9o5N3TMwAb|###|4995120|###|全新飞翔(电影《恋恋海湾》片尾曲)|###|蔡琴|###|10003|###|qq
004dYX9D4KSOoB|###|4982956|###|四季|###|郑融|###|10003|###|qq
0034Kno83HiS3o|###|4884797|###|Black Hole|###|3OH!3|###|10003|###|qq
0009q5vP2f7dI5|###|4997779|###|经过 (feat. 赫子铭)|###|何洁|###|10003|###|qq
004PEVXl1oT7OC|###|4992956|###|台北沉睡了|###|炎亚纶|###|10003|###|qq
004KTraD4AaIfJ|###|4713049|###|Like God|###|Agnes|###|10003|###|qq
000Mg8rt4KrWFQ|###|4982957|###|自来水|###|郑融|###|10003|###|qq
001rLB0h1w7VxR|###|4984514|###|天使之翼|###|杨丞琳|###|10003|###|qq
001XSKiA3ozEft|###|4965852|###|Rainy Day|###|Ailee|###|10003|###|qq
000v2yy84D21Hd|###|4994051|###|镜子里的我|###|彭佳慧|###|10003|###|qq
001TyX4Q2ZUGF9|###|5001141|###|不被祝福的幸福|###|杨丞琳|###|10003|###|qq
002DPTMm2DWnN9|###|4982966|###|爱得起 (feat. 钟嘉欣)|###|郑融|###|10003|###|qq
000zYcBD21BTYL|###|1229573|###|If I Could Have You Back|###|Aly & AJ|###|10003|###|qq
002j3CRM1dlCpr|###|5002684|###|爱是最美的事情(《台湾舞娘》主题曲)|###|林凡|###|10003|###|qq
0036x7TB2s1GZg|###|4994056|###|执迷不悔|###|彭佳慧|###|10003|###|qq
002vznxD0znTnn|###|4993041|###|不忘初心|###|李行亮|###|10003|###|qq
003WDS2d1ndq3y|###|4993385|###|对的人 错的时候|###|金池|###|10003|###|qq
001LOJdw3CNxfp|###|1229576|###|Chemicals React Remix|###|Aly & AJ|###|10003|###|qq
002zhr9A3oajK1|###|4991569|###|妳不再孤单|###|杜德伟|###|10003|###|qq
002sP5S106BcA5|###|4994057|###|留不住的故事|###|彭佳慧|###|10003|###|qq
002L4KOa3ZtPbw|###|5001144|###|一小节休息|###|杨丞琳|###|10003|###|qq
000uG62B4YMlX6|###|2646688|###|Ally_and_aj-rush|###|Various Artists|###|10003|###|qq
000uTnVw02pQm1|###|4991571|###|跟随你|###|杜德伟|###|10003|###|qq
003HpVFf2PdqRP|###|479036|###|Switch|###|Ashley Tisdale|###|10003|###|qq
001jBvE32xq5PF|###|5001139|###|孤独是一种安全感|###|杨丞琳|###|10003|###|qq
001ShBpk1v079S|###|4993707|###|天窗|###|容祖儿|###|10003|###|qq
0027Hiax0JPlPD|###|4991572|###|因为你 (feat. 林凡)(电视剧《就是要你爱上我》插曲)|###|杜德伟|###|10003|###|qq
004OK13d3EgTSu|###|479014|###|It's Alright, It's OK|###|Ashley Tisdale|###|10003|###|qq
000Uu7nZ0Ma1Yd|###|4986965|###|你眼中的我(电视剧《幸福选择题》片尾曲)|###|郭静|###|10003|###|qq
0046GKEy3NjvvF|###|5009030|###|交换人生(电视剧《我爱幸运七》片尾曲)|###|辰亦儒|###|10003|###|qq
0022f5xQ07lSlF|###|479015|###|Acting Out|###|Ashley Tisdale|###|10003|###|qq
000S3zcm4HXZ0X|###|4826781|###|风从哪里来|###|侧田|###|10003|###|qq
004WFKAW1hYxTY|###|4993709|###|近在咫尺|###|容祖儿|###|10003|###|qq
004LWzCU4T5Vr0|###|5001920|###|把你写进我的情歌里(电视剧《爱情急整室》片尾曲)|###|陈晓东|###|10003|###|qq
002sL3tH0XEFLT|###|479016|###|Masquerade|###|Ashley Tisdale|###|10003|###|qq
001f4lmN3NZqyg|###|4993710|###|深闺|###|容祖儿|###|10003|###|qq
002nDAwA3NTu0r|###|5194932|###|How Long Will I Love You|###|Ellie Goulding|###|10003|###|qq
000hfhZ03ia7HJ|###|479017|###|Overrated|###|Ashley Tisdale|###|10003|###|qq
003jncqH0efqqK|###|4993711|###|破了的米菲兔|###|容祖儿|###|10003|###|qq
002on0AG43oYzP|###|5517299|###|Marry Me|###|Jason Derülo|###|10003|###|qq
000JcYoK1lEqqz|###|479020|###|Tell Me Lies|###|Ashley Tisdale|###|10003|###|qq
0019d6Zk006BjL|###|479023|###|Erase And Rewind|###|Ashley Tisdale|###|10003|###|qq
002xTVpw4gWs1s|###|4993700|###|途经北海道(板长广告歌)|###|容祖儿|###|10003|###|qq
003lWAC1308g2u|###|5017689|###|你心里最后一个|###|苏打绿|###|10003|###|qq
0022CivD2Cq067|###|4971363|###|Rock N Roll|###|Avril Lavigne|###|10003|###|qq
001mzugO1jde9U|###|5517451|###|So In Love|###|官恩娜|###|10003|###|qq
001cGxsF3hjYI6|###|4969703|###|American Girl|###|Bonnie McKee|###|10003|###|qq
001A8TKB3L5BOT|###|1365670|###|This Little Girl|###|Cady Groves|###|10003|###|qq
004Ky6Hd0gstFj|###|4972998|###|酒红色的心|###|李克勤|###|10003|###|qq
003Yk5AY17lkNW|###|4996687|###|似是故人来|###|何韵诗|###|10003|###|qq
0027xkir1gBadM|###|5006489|###|挡不住的太阳(《就是要你爱上我》片尾曲)|###|炎亚纶|###|10003|###|qq
002NTTue4QUewq|###|4819804|###|Really Don't Care (feat. Cher Lloyd)|###|Demi Lovato|###|10003|###|qq
00364b5o3VgsQT|###|4971587|###|非凡人生|###|郑融|###|10003|###|qq
004VDBnr0PwLzY|###|5099407|###|梦想不能等待|###|BY2|###|10003|###|qq
001KA0wu3aWz7Z|###|4972171|###|床头床尾|###|陈奕迅|###|10003|###|qq
002pp1JD3ZZ21G|###|4971118|###|蓝月亮|###|李克勤|###|10003|###|qq
003z1Fer1dqDC7|###|4959285|###|买间房子好吗|###|歌浴森|###|10003|###|qq
001QCwiO3LJIyc|###|962121|###|Hold Up|###|Demi Lovato|###|10003|###|qq
003pjecY0TuR0z|###|4962081|###|只想和你在一块(I Love You Gril)|###|HIT-5|###|10003|###|qq
0008K7u92Rr6qM|###|702483|###|Time|###|Flipsyde|###|10003|###|qq
0006VN5L2gl1xZ|###|4960702|###|停电|###|歌浴森|###|10003|###|qq
0005zp8V2IrZBa|###|4962075|###|爱在每一秒|###|HIT-5|###|10003|###|qq
002Wm8T00YsWg6|###|4997177|###|Heart by Heart|###|Demi Lovato|###|10003|###|qq
002MrCI50RtZZB|###|5232705|###|伤|###|李代沫|###|10003|###|qq
003BUt9J2g4atp|###|5636760|###|We Go Down|###|Krewella|###|10003|###|qq
003jvkLA1eQhVJ|###|4964159|###|亲爱的|###|李翊君|###|10003|###|qq
001X7M1O45wmv0|###|702479|###|Spun|###|Flipsyde|###|10003|###|qq
0026Cm6z3VKj3L|###|702481|###|Flipsyde|###|Flipsyde|###|10003|###|qq
004GuxTZ3QdEQ2|###|5232707|###|简单的事|###|李代沫|###|10003|###|qq
003Xni3O1WD93H|###|4970811|###|开在心里的花(The Heart Of The Flower)|###|黄圣依|###|10003|###|qq
0023Z50D32qvJf|###|5232708|###|不相信·爱情|###|李代沫|###|10003|###|qq
000YmDgi31OArY|###|1050559|###|Without You|###|Hey Monday|###|10003|###|qq
003U0ojV4GssCB|###|2472240|###|I Love It (feat. Charli XCX)|###|Icona Pop|###|10003|###|qq
000YaSrs4ea0xk|###|5232709|###|患者|###|李代沫|###|10003|###|qq
001Xakxj2fNOHn|###|4962078|###|爱情换季|###|HIT-5|###|10003|###|qq
001tY9wI0JjP6m|###|4964204|###|年轮|###|光良|###|10003|###|qq
004SZh7a4U4e0b|###|439910|###|Come On Over|###|Jessica Simpson|###|10003|###|qq
003WKqi54Yqfnr|###|5232712|###|越发寂寞|###|李代沫|###|10003|###|qq
003w6wPo1BaG8g|###|4970804|###|爱情告诉我(Love Told Me)|###|黄圣依|###|10003|###|qq
000LdfmN2eRix5|###|4964200|###|我们的故事|###|光良|###|10003|###|qq
000nixIE39IkKQ|###|479220|###|Karlek|###|Molly Sanden|###|10003|###|qq
001SzMIk3yjjUf|###|4965504|###|感觉不到你|###|羽泉|###|10003|###|qq
001v5DjR12z5o7|###|4964206|###|爱无所不在|###|光良|###|10003|###|qq
002uzZMn2xV1kk|###|4964201|###|让你飞|###|光良|###|10003|###|qq
003irix73MQ9tf|###|479226|###|Fanga En Sommar|###|Molly Sanden|###|10003|###|qq
000ElqFE4fpwj4|###|4965507|###|在一起|###|羽泉|###|10003|###|qq
001EUQ4m1ebtVl|###|4964202|###|恋爱|###|光良|###|10003|###|qq
002sfNGJ298vTG|###|479236|###|Mitt Liv Är Mitt|###|Molly Sanden|###|10003|###|qq
000cRPHz0cxIVa|###|4959166|###|看走眼|###|弦子|###|10003|###|qq
004MdCMq2pU6lx|###|4962640|###|天台的月光|###|周杰伦|###|10003|###|qq
001Bjcg63RyPJ5|###|4809575|###|幸福未满的恋人|###|弦子|###|10003|###|qq
004aTZw20blJcz|###|5004538|###|我的宣言(My Vow)|###|周柏豪|###|10003|###|qq
002LOuOg0QzYqK|###|4808523|###|太不像我|###|弦子|###|10003|###|qq
001TkAZ62z27GT|###|4959163|###|说好就算了|###|弦子|###|10003|###|qq
002Xsll226dXr8|###|4973519|###|暗恋 (feat. 吴若希)|###|胡鸿钧|###|10003|###|qq
001TiP6Q3nOmnT|###|1475419|###|Crush|###|Pendulum|###|10003|###|qq
003RKsOn2maxQX|###|4982650|###|什么风把你吹来的|###|范逸臣|###|10003|###|qq
004Y76eM3HUCCP|###|4812974|###|Scars|###|Robin Stjernberg|###|10003|###|qq
001HfdBj2tg1aF|###|1325107|###|生活就像超级玛丽|###|辛若天|###|37|###|qq
002CB1XA0NBjXA|###|1231844|###|飞翔(动画片《精卫填海》主题曲)|###|朱铭捷|###|37|###|qq
002mnzP00DhOzF|###|902481|###|誓い|###|Do As Infinity|###|37|###|qq
002iKk4m4OdxSE|###|857196|###|青い栞|###|Galileo Galilei|###|37|###|qq
001VVLOn3OVRPY|###|873500|###|さよならの夏 ～コクリコ坂から～(主題歌 別バージョン)|###|手嶌葵|###|37|###|qq
003kPpHr0cABiJ|###|963847|###|空想少女(Extended Mix)|###|LiLA'c Records|###|37|###|qq
004Ox3VV025Lbo|###|1695053|###|らぶこーる Orchestra ver.|###|东山奈央|###|37|###|qq
003TcpYs2XCjTw|###|972310|###|夜風ドライブ|###|UNLIMITS|###|37|###|qq
000Qsate2deTsK|###|972309|###|ハルカカナタ|###|UNLIMITS|###|37|###|qq
001TSRMr15tcxG|###|865509|###|GOOD LUCK MY WAY|###|彩虹乐队|###|37|###|qq
001N895k4TnIRu|###|872518|###|ひぐらしのなく頃に|###|岛みやえい子|###|37|###|qq
001DO12x0HDtbI|###|892675|###|世界は踊るよ、君と。|###|东山奈央|###|37|###|qq
00144TWZ0TeJw7|###|904160|###|High High High|###|カサリンチュ|###|37|###|qq
00286jUJ3w8ahV|###|906904|###|君+謎+私でJUMP!!|###|Larval Stage Planning|###|37|###|qq
001CGeJr1vP2bR|###|894977|###|TGA荣耀之战|###|温崇正|###|37|###|qq
001Pi9ld2JsKGv|###|808854|###|Answer(《恶魔奶爸》片尾曲)|###|ノースリーブス|###|37|###|qq
0013F3o13TOtN3|###|824681|###|SCARLET KNIGHT|###|水树奈奈|###|37|###|qq
001wA7Qi1rHUAk|###|880135|###|See visionS|###|川田麻美|###|37|###|qq
003V405g1I8Ou4|###|797034|###|STRAIGHT JET|###|栗林みな実|###|37|###|qq
004Rn6iF2qtbMW|###|422544|###|創聖のアクエリオン お兄さまと(AKINO)|###|影视原声|###|37|###|qq
0042we5E36jEYv|###|1806689|###|Is|###|大塚爱|###|37|###|qq
003xbpxm2KnIO9|###|1436539|###|コネクト|###|ClariS|###|37|###|qq
003cb5ou326KPx|###|798625|###|カラフル(はなかっぱ)|###|MY LITTLE LOVER|###|37|###|qq
003oAIUQ2xdSUp|###|1461680|###|Diver|###|NICO Touches the Walls|###|37|###|qq
003LxK3T43d3eC|###|711942|###|NO, Thank You!(《轻音》第二季)|###|樱高轻音部|###|37|###|qq
003aUfZl0RkGri|###|711943|###|Utauyo!! MIRACLE|###|樱高轻音部|###|37|###|qq
000eHCox1tywP7|###|798630|###|Taste of Paradise(腹黑妹妹控兄记片头曲)|###|喜多村英梨|###|37|###|qq
001QVpTg2ku0z3|###|719207|###|HIGHSCHOOL OF THE DEAD|###|岸田教団|###|37|###|qq
001xYiT41eMQ7j|###|703091|###|in my space|###|铃村健一|###|37|###|qq
003hhOxf4a5Q0M|###|711032|###|Naked arms|###|T. M. Revolution|###|37|###|qq
0018Xoix1h4KpV|###|1162276|###|うたかた花火|###|supercell|###|37|###|qq
000CV8RK4bW5ob|###|719205|###|Re:Birth|###|Acid Black Cherry|###|37|###|qq
003eeJ9K1v3X7p|###|5236357|###|chAngE(TVアニメ『BLEACH』OP主题曲)|###|Miwa|###|37|###|qq
001RcvcX1zM4o5|###|704435|###|Freedom Dreamer|###|茅原实里|###|37|###|qq
002mt4dk3oqdN6|###|728203|###|くちづけ|###|BUCK-TICK|###|37|###|qq
000P9slH1SFFeT|###|706358|###|SHIVER|###|The Gazette|###|37|###|qq
001kz5n72XGY0O|###|711914|###|Now Loading...Sky!!（《玩伴猫耳娘》主题曲）|###|スフィア|###|37|###|qq
001lklBe3f0AXy|###|690476|###|My Soul, Your Beats!(Angel Beats!片头曲)|###|Lia|###|37|###|qq
001Iwdtp3nR0yd|###|708634|###|Ready Go !(大神与七位伙伴们片头曲)|###|May'n|###|37|###|qq
002CJios2acTvs|###|1440760|###|おしえて A to Z|###|田村由加莉|###|37|###|qq
000ZzXBQ4TMS5Q|###|693401|###|Hysteric Barbie|###|平野绫|###|37|###|qq
000Gmh5I4Nn3ER|###|704690|###|君がいる场所|###|高垣彩阳|###|37|###|qq
001SXD5y3bjdD4|###|692001|###|Little Braver|###|Girls Dead Monster|###|37|###|qq
003MjNU64N2mas|###|699882|###|碧罗の天へ诱えど|###|KOTOKO|###|37|###|qq
002Jwiw12H4mXq|###|703121|###|乱世エロイカ|###|Ali Project|###|37|###|qq
002upS9i3W50rI|###|681135|###|GO!GO!MANIAC|###|HO-KAGO TEA TIME|###|37|###|qq
002GmfXp17lkNC|###|692768|###|光と暗の童话|###|Sound Horizon|###|37|###|qq
001abKUx0t0tkM|###|679281|###|バクチ・ダンサー|###|DOES|###|37|###|qq
002geOqh1aME0T|###|681136|###|Listen!!|###|HO-KAGO TEA TIME|###|37|###|qq
002zEqa84F7Q7p|###|709447|###|十六夜涙|###|吉冈亚衣加|###|37|###|qq
001oHeuy4BQGjw|###|681285|###|CALLING|###|FLOW(日本)|###|37|###|qq
002wzy860JBSsF|###|662334|###|热爱S・O・S!|###|神谷浩史|###|37|###|qq
002KWeAr1awxfz|###|791490|###|LEVEL5 -judgelight-|###|fripSide|###|37|###|qq
003OUt9g28HgvJ|###|658639|###|Silent Bible|###|水树奈奈|###|37|###|qq
002J6Whj1VCdqh|###|1014251|###|裏切りの夕焼け|###|THEATRE BROOK|###|37|###|qq
002hAgbN3EERTR|###|662338|###|优しい忘却（《凉宫春日的消失》主题曲）|###|茅原实里|###|37|###|qq
003K2cQV4FImfG|###|666253|###|Alright! ハートキャッチプリキ|###|池田彩|###|37|###|qq
000hHdaN0DanOG|###|3572699|###|甩葱歌|###|初音未来|###|37|###|qq
0019hfej4U5ay4|###|648924|###|Prophecy(灼眼的夏娜S插曲)|###|川田麻美|###|37|###|qq
001PxIKh1BaMWG|###|1737058|###|Monster Hunter|###|东京フィルハーモニ交响乐団|###|37|###|qq
000neHY33zpmYi|###|454941|###|彩虹(《秦时明月》片尾曲)|###|乔楚熙|###|37|###|qq
000CnhvT3dVYfp|###|473379|###|Namida no Mukou(机动战士高达00主题曲)|###|川井宪次|###|37|###|qq
003abAfD0mTQMj|###|642837|###|完璧ぐ～のね(妖精的尾巴主题曲)|###|渡り廊下走り队|###|37|###|qq
000Qwij81ARMO7|###|466103|###|Lacrimosa(黑执事片尾曲)|###|Kalafina|###|37|###|qq
000NDVxN0oBLhy|###|674183|###|ナミダ|###|2BACKKA|###|37|###|qq
000bdbDT19PcDh|###|647398|###|大家一起喜羊羊(喜羊羊与灰太狼之虎虎生威插曲)|###|周笔畅|###|37|###|qq
0008akjg0PT5jQ|###|699781|###|PHANTOM MINDS|###|水树奈奈|###|37|###|qq
001XMxsl33Rywy|###|1440743|###|My wish My love|###|田村由加莉|###|37|###|qq
0025AD3l2pniFY|###|1440778|###|You & Me|###|田村由加莉|###|37|###|qq
002eVDtD2xJKlG|###|664789|###|光の旋律|###|Kalafina|###|37|###|qq
000V7mBX3zmuKB|###|649739|###|恋音|###|Granrodeo|###|37|###|qq
000dZoEc4FBKK9|###|657213|###|Girls, Be Ambitious.|###|戸松遥|###|37|###|qq
001j4JFa42MGrM|###|660445|###|罗针盘|###|高桥直纯|###|37|###|qq
001KuvJU4Du5s6|###|1860646|###|Darekaga|###|帕妃|###|37|###|qq
001BYXd72JnfeY|###|392112|###|Transformers (Theme)(变形金刚片头曲)|###|Transformers|###|37|###|qq
0046mLmv3N2CYS|###|640557|###|Everytime You Kissed Me(潘多拉之心插曲)|###|潘多拉之心|###|37|###|qq
003uIqC20HOkJX|###|3229026|###|AOAEO出发(动画片《西游记》主题曲)|###|李宇春|###|37|###|qq
002po1gk2Ibi0Y|###|465812|###|オラはにんきもの(蜡笔小新片头曲)|###|蜡笔小新|###|37|###|qq
002yd6Kb1X8ToT|###|204440|###|好想大声叫喜欢你(灌篮高手片头曲)|###|灌篮高手|###|37|###|qq
004UgHmz24hdci|###|454918|###|月光(《秦时明月》主题曲)|###|胡彦斌|###|37|###|qq
002NnbMZ49t2qo|###|616517|###|名探偵コナン メイン(名侦探柯南 漆黑的追踪者主题曲)|###|名侦探柯南|###|37|###|qq
000zZAyK2eXKSm|###|1882145|###|Hana Tegami|###|千叶纱子|###|37|###|qq
0015M06j25XTLE|###|472734|###|ビンクスの酒 ～ブルックver.～(海贼王插曲)|###|ブルック(チョー)|###|37|###|qq
001tXm9H3eMNhO|###|436732|###|崖の上のポニョ(悬崖上的金鱼公主主题曲)|###|藤冈藤巻|###|37|###|qq
000d6UrL0Uu8B8|###|4766155|###|Blue sky,True sky   |###|结城アイラ|###|37|###|qq
0046ph8k44U2g5|###|471895|###|誓い(寒蝉明泣之时誓真人版主题曲)|###|蝉鸣泣之时誓|###|37|###|qq
001G209E01v1Mc|###|470649|###|ガラスの華(白色相簿插曲)|###|水树奈奈|###|37|###|qq
003OooFC02buCQ|###|453187|###|I Wanna Be|###|噬魂师|###|37|###|qq
004VNrrO30ugl3|###|2845290|###|A Little Pain|###|Olivia|###|37|###|qq
001k4iuW17wZq4|###|4944271|###|Secret of my heart|###|仓木麻衣|###|37|###|qq
001X6vWh35m1Al|###|616458|###|ひし形の感情(名侦探柯南 漆黑的追踪者主题曲)|###|名侦探柯南|###|37|###|qq
003lTbdG2oYfJf|###|471896|###|OXISOLS(寒蝉明泣之时誓真人版主题曲)|###|蝉鸣泣之时誓|###|37|###|qq
0031C0ER0y5C2f|###|448554|###|キミがいれば～名探偵コナン メインテーマ～|###|名侦探柯南|###|37|###|qq
004CrXT30uAZEu|###|470261|###|Endless Tears...(11eyes罪与罚与赎的少女配乐)|###|彩音|###|37|###|qq
001CUkBq0YFfap|###|472698|###|ひとみのちから(潘多拉之心插曲)|###|梶浦由记|###|37|###|qq
001HOavs0lW1Ab|###|469725|###|WHITE ALBUM(白色相簿插曲)|###|平野绫|###|37|###|qq
0018Ijhs172QcP|###|477564|###|私らしくあるためのpledge(魔法禁书目录插曲)|###|魔法禁书目录|###|37|###|qq
003G4AXC3P3SzS|###|5219943|###|炸鸡和啤酒|###|韩信|###|36|###|qq
003tOapB4aiTwv|###|7048773|###|半壶纱|###|刘珂矣|###|36|###|qq
002yG4Hk1S5L7Y|###|5232684|###|梅洛斯之路|###|SNH48|###|36|###|qq
003aaH1M1Y3mKC|###|5205798|###|东北姑爷|###|百慕三石|###|36|###|qq
003rQkew2E5cxI|###|6367660|###|如果爱有下一回|###|吴炜|###|36|###|qq
003zKdCm23UHDS|###|7051289|###|妹妹跟我走|###|李理|###|36|###|qq
000zrsHt2oRgP5|###|7073893|###|姑娘跟我走|###|常笑|###|36|###|qq
0026L9iF1Gr6qx|###|5461014|###|习惯孤单|###|陈思诺|###|36|###|qq
001HAXdW1sYKOq|###|5076653|###|青春爱最大|###|TimeZ|###|36|###|qq
003g7uaW35KqRZ|###|5225157|###|下辈子遇见你|###|杨子军|###|36|###|qq
004BNIQd44ZNg6|###|7020050|###|离开|###|易欣|###|36|###|qq
002WNgsC488VC7|###|7016894|###|给不了你想要的爱|###|张津涤|###|36|###|qq
003EcR3w01OPY9|###|5452400|###|伤我最深的女人|###|赵齐|###|36|###|qq
000VoTCN1fRkFX|###|5540133|###|忘尘谷|###|刘珂矣|###|36|###|qq
002EcVOV3xQ5ty|###|6379596|###|有多少爱记心头|###|东方依依|###|36|###|qq
000i0Nwp3KHhPo|###|5923832|###|太爱你所以离开你|###|大火|###|36|###|qq
003TvNlI0QAlEe|###|7014942|###|冰封的记忆(新)|###|陈魁|###|36|###|qq
002H7SwE0xsurP|###|6716832|###|风带走的|###|阿鲁阿卓|###|36|###|qq
000kSylY2jbFT8|###|5142144|###|女王诱惑|###|慕容晓晓|###|36|###|qq
001FFb4K04QL2p|###|5223757|###|说说爱情|###|陈玉建|###|36|###|qq
001i8lnL1b1XLT|###|5536867|###|谁在意呢|###|夏后|###|36|###|qq
003oI61607nGg5|###|5598663|###|一声兄弟一生兄弟|###|龙啸|###|36|###|qq
000oolTu17S59m|###|5101210|###|小美人|###|崔子格|###|36|###|qq
0049y8Dc4SPOCl|###|5238026|###|灰烬|###|朱山姆|###|36|###|qq
001GScnX2N6A5M|###|5305996|###|泪画|###|郑国锋|###|36|###|qq
0043biIn3A4D4k|###|5232665|###|全是爱(All for Love)|###|陈威全|###|36|###|qq
000XgmuD3TSHy6|###|5546526|###|Honey Girl|###|陈俊彤|###|36|###|qq
003QSyjN3TKLzN|###|5270940|###|最后一次说晚安|###|淮梓伦|###|36|###|qq
0015AsXN3Mzfcx|###|5460378|###|黄鼠狼爱上鸡(搞怪版)|###|李友胜|###|36|###|qq
004LdOee1ElasI|###|5445301|###|我的家乡香格里拉|###|巴桑拉姆|###|36|###|qq
0040ghmh1Z2Rzu|###|5395948|###|红尘绝恋|###|刘康鑫|###|36|###|qq
002tDvf11rkRF3|###|5450186|###|中国梦|###|徐千雅|###|36|###|qq
000WxJGe2y2syn|###|7062920|###|泥人情歌|###|韩岚|###|36|###|qq
00279FUm3LIktM|###|5293853|###|该死的懦弱|###|胜屿|###|36|###|qq
002rFpFA40sGvt|###|5125362|###|不变的承诺|###|李宥承|###|36|###|qq
0028Jlsi1dhOTb|###|5235388|###|我和你谈的不是游戏|###|小5|###|36|###|qq
002DMYxe05DkqR|###|5156452|###|从未这样心动过|###|祁隆|###|36|###|qq
002PieLE38KQgj|###|5226314|###|是爱还是折磨|###|阿木|###|36|###|qq
000WEktw4NHzjQ|###|6404882|###|有没有一种爱可以不放手|###|云菲菲|###|36|###|qq
001s18R30kFJXm|###|5520300|###|爱一回伤一回(DJ版)|###|干露露|###|36|###|qq
003zMx3K4OC6md|###|5293878|###|迷局(电影《爱寻迷》主题曲)|###|朱洁仪|###|36|###|qq
004T1P2p2T4hka|###|5128036|###|放开不可以|###|谈欣|###|36|###|qq
001pqwN645vDwf|###|6394256|###|爱我的站左边|###|金泽男|###|36|###|qq
0021IIUi3ou7Dw|###|5518244|###|大叔也有爱|###|范宏伟|###|36|###|qq
000YZDtN4BRMwh|###|5078638|###|借东风|###|左健|###|36|###|qq
0033UxqO21ren3|###|5251132|###|爱谁谁|###|刘维|###|36|###|qq
004AmkCS0GBXFf|###|5168864|###|不别的约定|###|刘萱萱|###|36|###|qq
001SvWwm1b9lDZ|###|5163467|###|哈尼，你最重要|###|颜小健|###|36|###|qq
000D42IE4Q2j2z|###|5215785|###|奋斗兄弟|###|韩传忠|###|36|###|qq
003VTznG3KPmJa|###|5453377|###|为梦想领跑(航母版)|###|容中尔甲|###|36|###|qq
000D0WFL3Ip4px|###|5112541|###|爱错了人|###|刘佳成|###|36|###|qq
0017sIxu4QWYvb|###|5220036|###|It's My Way|###|柳妍熙|###|36|###|qq
00275A6l09WSJF|###|5266952|###|忆|###|程鸣|###|36|###|qq
003zI9h23m7K12|###|5184888|###|暮暮朝朝 (feat. 陈艺鹏)|###|艾梦萌|###|36|###|qq
002Ah9f40nUy8Z|###|5167234|###|炸弹人|###|小贱|###|36|###|qq
002W1DIx0yhpNl|###|5221504|###|跟着太阳走|###|徐浩 & 朱元冰|###|36|###|qq
0010xgOc1vxVEq|###|5223007|###|陪你(电影《空姐》主题曲)|###|蔡莹莹|###|36|###|qq
000qxfML0Hccdn|###|5188189|###|蝴蝶恋|###|七朵组合|###|36|###|qq
003dyg1F0jCdbZ|###|5219168|###|美丽中国梦|###|王芳|###|36|###|qq
00080IyL3BFkvF|###|5195723|###|小生不敢|###|胜屿|###|36|###|qq
003DBj3n4EfbVo|###|5601244|###|别怪我把你删除|###|魏枫|###|36|###|qq
000YP4cz1SNlEC|###|5205372|###|飞|###|李治廷|###|36|###|qq
002SF0mp4fQKij|###|5354050|###|丹青古寨(丹寨旅游形象歌)|###|魏新雨|###|36|###|qq
001kglNI2iTPg2|###|5078476|###|老男人的爱|###|范宏伟|###|36|###|qq
0020Ae2e3FEHYG|###|5205595|###|等的太久|###|王键|###|36|###|qq
003Bxygw1Kd6Ob|###|5180614|###|尼尼潘达在路上|###|张津涤|###|36|###|qq
003j45vv4dlAzX|###|5182251|###|拥有未来(电影《喜羊羊与灰太狼之飞马奇遇记》片尾曲)|###|崔子格|###|36|###|qq
000wpRPz011VyK|###|5184271|###|原来你从来没有爱过我(微电影《下半生的幸福》插曲)|###|唐古|###|36|###|qq
002OB9na2K8nza|###|5325224|###|放手吧|###|孟鹏|###|36|###|qq
001kfMAX3ecsX1|###|5182250|###|和梦想飞翔(电影《喜羊羊与灰太狼之飞马奇遇记》主题曲)|###|赖伟锋|###|36|###|qq
004J3P161i4F9E|###|5517282|###|寂寞旅行|###|文杰|###|36|###|qq
003SUKov0p9tnf|###|5097671|###|谁在风中独自听香|###|李卓骏|###|36|###|qq
001uv0Nz34su3w|###|5162042|###|打住打住|###|杨梓|###|36|###|qq
003Ta7lt4cc7VW|###|5119897|###|向世界出发|###|柳丁|###|36|###|qq
001r4Lf40ngvji|###|5162046|###|幸福|###|侯磊|###|36|###|qq
0048pG9i3gKsMo|###|4766931|###|美到颤抖（民族摇滚版）|###|石文|###|36|###|qq
003WKarS3ao255|###|5163503|###|大闹天宫 (feat. 张恒远)(电影《大闹天宫》主题曲)|###|毕夏|###|36|###|qq
001Qble02VnOB7|###|5173371|###|合体打飞机|###|祈合|###|36|###|qq
0025ZRlo0pSh4G|###|5171518|###|绣花鞋|###|太妃堂|###|36|###|qq
002IcgLF3P8cZZ|###|5173406|###|吉祥蹲马步|###|Hope组合|###|36|###|qq
0022fNou076Ec3|###|5168756|###|你我的力量|###|魏楚沅|###|36|###|qq
000xXOtY3WjKxb|###|5170861|###|马上有钱|###|易欣|###|36|###|qq
001Bedqm3em81U|###|5167873|###|唱给咱爸妈|###|刘伟|###|36|###|qq
003aJTxB2tNbWg|###|5119551|###|长大是一种谋杀|###|王大培|###|36|###|qq
001UkMaG4fFJni|###|5096612|###|雨花(电影《Young Love》主题曲)|###|吴丹妮|###|36|###|qq
0005tA8D38k4mH|###|5108300|###|最牛幸福年|###|华语群星|###|36|###|qq
001mEGHV0AozBl|###|5098375|###|超级土豪|###|谈欣|###|36|###|qq
002AtobL03Rdhv|###|5148804|###|天佑中华|###|徐千雅|###|36|###|qq
004V3Y6e4H5S80|###|5156910|###|春花儿开|###|易欣|###|36|###|qq
000m06mV3ZpbPm|###|5160607|###|江湖行(手游《江湖行》主题曲)|###|雨木|###|36|###|qq
000fGbWu2BXxkh|###|5144933|###|矜持(电影《前任攻略》片尾主题曲)|###|姚贝娜|###|36|###|qq
000hxNCx1XVbrV|###|5061858|###|我的蒙古马 (正版)|###|乌兰图雅|###|36|###|qq
002VYAqB21Jb0P|###|5158785|###|失去的爱你还想要|###|单冲峰|###|36|###|qq
000Odseg2E2JX7|###|5156901|###|长安夜|###|王建房|###|36|###|qq
002RzGWW0KsBqx|###|5157494|###|黑色曼陀罗|###|张寒|###|36|###|qq
001tqqpt3aUu6x|###|5159089|###|一个人想|###|魏楚沅|###|36|###|qq
001vVakv3XpDHh|###|5122581|###|勇敢远行|###|陈彦妃|###|36|###|qq
003rmoNk21GYpY|###|5145331|###|凤凰山上飞凤凰|###|廖芊芊|###|36|###|qq
004BjFVv2R6lIm|###|5149688|###|假如我可以|###|刘丹萌|###|36|###|qq
002mDmb50BMNLe|###|5149346|###|老婆是天|###|云菲菲|###|36|###|qq
000Pek321qRXtI|###|4994148|###|Wake Me Up|###|Avicii|###|1|###|qq
004UCixz43dlqN|###|1523370|###|Summertime Sadness|###|Lana Del Rey|###|1|###|qq
001lY6Eo0hosqq|###|5119742|###|Roar|###|Katy Perry|###|1|###|qq
000vikiH1ufA9c|###|4969658|###|Holy Grail (feat. Justin Timberlake)|###|Jay-Z|###|1|###|qq
003YqWbs0QTtep|###|4973321|###|Best Song Ever|###|One Direction|###|1|###|qq
000vrJGZ2mZIrD|###|2479563|###|Gone, Gone, Gone|###|Phillip Phillips|###|1|###|qq
003Chihx08vEn8|###|4992996|###|Applause|###|Lady GaGa|###|1|###|qq
000qZqqV3R3W3q|###|4917776|###|Blurred Lines (feat. T.I. & Pharrell )|###|Robin Thicke|###|1|###|qq
004W48Vn3R3mly|###|1149424|###|Radioactive|###|Imagine Dragons|###|1|###|qq
001vx02A0DvtPy|###|4960216|###|Get Lucky (Daft Punk Remix)|###|Daft Punk|###|1|###|qq
000vwhls05baSC|###|1936492|###|Clarity|###|Zedd|###|1|###|qq
000dOUVC19Ip5U|###|5599782|###|The Other Side|###|Jason Derülo|###|1|###|qq
00028eSK0gh0BR|###|1505180|###|Love Somebody|###|Maroon 5|###|1|###|qq
000bz9Nw30VQAr|###|5028613|###|Treasure|###|Bruno Mars|###|1|###|qq
002Qtnxo4UAwHp|###|972111|###|Can't Hold Us(feat. Ray Dalton)|###|Macklemore|###|1|###|qq
000zAo7v3Oydge|###|1938521|###|Same Love (feat. Mary Lambert)|###|Macklemore & Ryan Lewis|###|1|###|qq
003hLMoS1TEMqn|###|4789218|###|Cups (Pitch Perfect’s “When I’m Gone”)|###|Anna Kendrick|###|1|###|qq
000d6VJ63BIMGc|###|3586520|###|Safe and Sound|###|Capital Cities|###|1|###|qq
000pUt1f1Kr8jm|###|5013474|###|We Can't Stop|###|Miley Cyrus|###|1|###|qq
003UboLk2KOHnK|###|5621716|###|Mirrors|###|Justin Timberlake|###|1|###|qq
002CcugX4c1IuV|###|4801808|###|Come & Get It|###|Selena Gomez|###|1|###|qq
003IKD2t1eIA4K|###|1791505|###|Cruise|###|Florida Georgia Line|###|1|###|qq
003xw8rw3VPmCj|###|4717547|###|Right Now (feat. David Guetta)|###|Rihanna|###|1|###|qq
000V5EmI3TycWi|###|4884009|###|What About Love|###|Austin Mahone|###|1|###|qq
003jo2Mk2nYzhs|###|4812278|###|Crazy Kids (feat. will.i.am)|###|Ke$ha|###|1|###|qq
003A3dRu0YPHcz|###|5599727|###|Take Back the Night|###|Justin Timberlake|###|1|###|qq
001o2R0O1lqAwi|###|4973890|###|Love More (feat. Nicki Minaj)|###|Chris Brown|###|1|###|qq
003XGl074TNXX7|###|4962559|###|I'm Out (feat. Nicki Minaj)|###|Ciara|###|1|###|qq
001vr0Dh0UDvpK|###|4916748|###|Don't Think They Know (feat. Aaliyah)|###|Chris Brown|###|1|###|qq
004WbeBr1nYx1z|###|4828850|###|#Beautiful (feat. Miguel)|###|Mariah Carey|###|1|###|qq
004JZHue24wUvB|###|4772910|###|Beat It (feat. Chris Brown & Wiz Khalifa)|###|Sean Kingston|###|1|###|qq
000w3bRF1IqqSf|###|4816570|###|The One|###|Tamar Braxton|###|1|###|qq
000SY10N0fa9tq|###|4808255|###|Fire We Make|###|Alicia Keys|###|1|###|qq
000qywet1V5onB|###|5601133|###|Without Me|###|Fantasia|###|1|###|qq
001USz6J2NP8Ap|###|4884614|###|Dirty Laundry|###|Kelly Rowland|###|1|###|qq
004CPl2D3Lp1Jx|###|4772113|###|Body Party|###|Ciara|###|1|###|qq
003CPOYN3RNDuY|###|4792167|###|Fine China|###|Chris Brown|###|1|###|qq
001aX7um3E8rvt|###|4788981|###|Blurred Lines (feat. T.I. & Pharrell)|###|Robin Thicke|###|1|###|qq
004VnWyI3xHhjK|###|1910155|###|How Many Drinks|###|Miguel|###|1|###|qq
001ZxdY31NjyHz|###|3592877|###|Lose To Win|###|Fantasia|###|1|###|qq
0015CMql20GNql|###|2475148|###|Fire We Make(feat. Maxwell)|###|Alicia Keys|###|1|###|qq
002hq2Bj0rD7N8|###|5621708|###|Pusher Love Girl|###|Justin Timberlake|###|1|###|qq
0034St2c2yHw2G|###|5621714|###|That Girl|###|Justin Timberlake|###|1|###|qq
001EOiTK3yBoMT|###|5621710|###|Don't Hold the Wall|###|Justin Timberlake|###|1|###|qq
001hkGor2EEzn8|###|5621711|###|Strawberry Bubblegum|###|Justin Timberlake|###|1|###|qq
000xxkC84Stki0|###|5621715|###|Let the Groove Get In|###|Justin Timberlake|###|1|###|qq
0036YKLV1BGOxp|###|5621712|###|Tunnel Vision|###|Justin Timberlake|###|1|###|qq
0000Gf8813NFdY|###|1734386|###|Simply Amazing|###|Trey Songz|###|1|###|qq
001KVRDd1OErVY|###|4752504|###|Kisses Down Low|###|Kelly Rowland|###|1|###|qq
0018xdo234DS6B|###|3587466|###|Next to Me|###|Emeli Sandé|###|1|###|qq
0012dsXz4biyS5|###|4715544|###|Suit & Tie|###|Justin Timberlake|###|1|###|qq
003CVj4I0NBd7Q|###|4717544|###|Pour It Up|###|Rihanna|###|1|###|qq
001PQ3ct0fcQ3F|###|4717545|###|Loveeeeeee Song (feat. Future)|###|Rihanna|###|1|###|qq
002zkzYE3WegHN|###|2551039|###|Who Booty (Remix) [feat. French Montana]|###|Jonn Hart|###|1|###|qq
000AvLOD33lIXE|###|2550777|###|Love and War|###|Tamar Braxton|###|1|###|qq
001hpqPy3gMg97|###|1910152|###|Do You...|###|Miguel|###|1|###|qq
003GNZCB3KAHIt|###|2449388|###|Mary, Did You Know?|###|Cee Lo Green|###|1|###|qq
004Zyu9w1UUEiP|###|2465173|###|Brand New Me|###|Alicia Keys|###|1|###|qq
0029a0BZ1vPVT3|###|1890165|###|Sorry|###|Ciara|###|1|###|qq
000GEKGf2AL6zZ|###|1781291|###|Lately|###|Anita Baker|###|1|###|qq
004SA94V3ofhwT|###|1955985|###|Diamonds|###|Rihanna|###|1|###|qq
000emcBg3nZd2A|###|1910149|###|Adorn|###|Miguel|###|1|###|qq
002Td5b510QIqp|###|1840972|###|Girl On Fire|###|Alicia Keys|###|1|###|qq
003wY6ud40usvg|###|1347548|###|Thinkin Bout You|###|Frank Ocean|###|1|###|qq
0021HhAb2vdJla|###|1477292|###|2 Reasons(Ft T.I.)|###|Trey Songz|###|1|###|qq
001zyM1J22VPJR|###|2468740|###|Wicked Games|###|The Weeknd|###|1|###|qq
001eRcRO3CH0jR|###|1943392|###|Don't Judge Me (Dave Aude Extended Remix)|###|Chris Brown|###|1|###|qq
003DTr3P2KNtCO|###|1207675|###|Heart Attack|###|Trey Songz|###|1|###|qq
0004GDZo1bHIMy|###|1812175|###|ICE (feat. Lil Wayne)|###|Kelly Rowland|###|1|###|qq
004TXc051ocwCe|###|862024|###|Dance For You|###|Beyoncé|###|1|###|qq
001CJj2y37qdGx|###|1769470|###|Dive In|###|Trey Songz|###|1|###|qq
000fACQE2jOXuh|###|2441064|###|Trust And Believe|###|Keyshia Cole|###|1|###|qq
001Wttge242dI3|###|1484656|###|Niggas In Paris|###|Jay-Z|###|1|###|qq
002RbKB710pDwU|###|1484745|###|She Will (feat. Drake)|###|Lil Wayne|###|1|###|qq
003eXagY4b0CaI|###|1016505|###|Party (feat. André 3000)|###|Beyoncé|###|1|###|qq
0030YszU2bnEFa|###|856630|###|Marvin & Charrdonnay ft. Kanye West & Roscoe Dash|###|Big Sean|###|1|###|qq
003hAJUn1P5vzQ|###|858043|###|Wet The Bed(Chris Brown Cover)|###|Mike Hough|###|1|###|qq
002A2Qtx0n2942|###|926907|###|Body 2 Body(feat. Chris Brown)|###|Ace Hood|###|1|###|qq
001EFU1434YepW|###|1484657|###|Otis (Feat. Otis Redding)|###|Jay-Z|###|1|###|qq
004ViFDl2xrbit|###|1002072|###|Lotus Flower Bomb(feat. Miguel)|###|Wale|###|1|###|qq
002iu8It3Irvx3|###|1734225|###|5 O'Clock(feat. Wiz Khalifa & Lily Allen)|###|T-Pain|###|1|###|qq
001OqgFV1kmWUM|###|862013|###|Best Thing I Never Had|###|Beyoncé|###|1|###|qq
003eNCGB1UWTSW|###|889122|###|Sure Thing Dj Lennox Bad Therapy Mix|###|Miguel|###|1|###|qq
004Z4eXG1Hjg7C|###|998657|###|I'm On One|###|Drake And The Game|###|1|###|qq
0040mNwp1dC7fb|###|826385|###|So In Love ft. Anthony Hamilton|###|Jill Scott|###|1|###|qq
0040aJ7W07dRsc|###|1016530|###|Tony Montana|###|Future|###|1|###|qq
0032UAE31MUpRc|###|997665|###|You the Boss (feat. Nicki Mina|###|Rick Ross|###|1|###|qq
004LgUHo2xBaSm|###|928881|###|Ima Boss(ft. Rick Ross)|###|Meek Mill|###|1|###|qq
000L8b7y2aWcO8|###|839792|###|Yes|###|Musiq Soulchild|###|1|###|qq
000hVh712DRkx8|###|897723|###|She Ain't You|###|Chris Brown|###|1|###|qq
000MKljg0TBRj2|###|938371|###|I'm Ready|###|Maleek|###|1|###|qq
002GloN41SKkQf|###|937043|###|Texting You|###|Kumandae|###|1|###|qq
003RXO9131UgH0|###|968910|###|Skippin Work|###|Trey Songz|###|1|###|qq
002qgVUi355wIR|###|968426|###|I Don't Care|###|JRDN|###|1|###|qq
002wHl5D18nZvh|###|968427|###|Like Magic|###|JRDN|###|1|###|qq
002l5qbi25wdv2|###|937797|###|Cheater|###|Nikkiya|###|1|###|qq
003DMIYe09f6JD|###|928673|###|Love & Music|###|DoloGirl|###|1|###|qq
002H7GXm3w08lL|###|927190|###|I Love You(Devilish Things)|###|Chrishan|###|1|###|qq
003GFrO72xV8g2|###|935995|###|Forget Your Name|###|Jessica Mauboy|###|1|###|qq
