121295447|###|想唱就唱|###|TFBOYS|###|1|###|baidu
121367437|###|后会无期|###|G.E.M.邓紫棋|###|1|###|baidu
121227318|###|猛龙过江|###|筷子兄弟|###|1|###|baidu
120125029|###|小苹果|###|筷子兄弟|###|1|###|baidu
121377633|###|山水之间|###|许嵩|###|1|###|baidu
121264344|###|感到幸福你就拍拍手|###|凤凰传奇|###|1|###|baidu
121078799|###|爱情路|###|郑源|###|1|###|baidu
121301652|###|邂逅|###|徐良,杨洋|###|1|###|baidu
121223555|###|破晓以后|###|张靓颖|###|1|###|baidu
121523276|###|平凡之路|###|朴树|###|1|###|baidu
121323050|###|Red Light|###|f(x)|###|1|###|baidu
120948904|###|爸爸去哪儿 第二季|###|曹格,Joe,Grace,Feynman,杨阳洋,贝儿,黄多多,吴镇宇,陆毅,黄磊,杨威|###|1|###|baidu
121078805|###|入戏太深|###|郑源|###|1|###|baidu
121253862|###|云淡风轻|###|平安|###|1|###|baidu
121375721|###|不再说分手|###|王菀之|###|1|###|baidu
121363970|###|自由的奔跑|###|蘑菇兄弟|###|1|###|baidu
121482322|###|Bad Girl (坏女孩)|###|Henry,CHANYEOL (EXO)|###|1|###|baidu
121478859|###|Fantastic (迷幻)|###|Henry|###|1|###|baidu
121489190|###|我从来没有去过纽约|###|筷子兄弟|###|1|###|baidu
121343345|###|色惑|###|杨千嬅|###|1|###|baidu
121323053|###|MILK|###|f(x)|###|1|###|baidu
121494441|###|男神|###|柳岩|###|1|###|baidu
121253273|###|我想我能勇敢一点|###|曾雨轩|###|1|###|baidu
121509106|###|1987我不知会遇见你|###|李宇春|###|1|###|baidu
121323099|###|All Night|###|f(x)|###|1|###|baidu
121253245|###|不愿错过你|###|陈艺搏|###|1|###|baidu
121323074|###|蝴蝶 (나비)(Butterfly)|###|f(x)|###|1|###|baidu
121235359|###|雪域情歌|###|阿斯根|###|1|###|baidu
121258476|###|我在红尘中遇见你|###|张冬玲,冷漠|###|1|###|baidu
121078803|###|牵挂你的人是我|###|郑源|###|1|###|baidu
121257232|###|我懂了|###|金莎|###|1|###|baidu
121515349|###|不再见|###|陈学冬|###|1|###|baidu
121323181|###|纸心脏 (종이 심장)(Paper Heart)|###|f(x)|###|1|###|baidu
121489334|###|你一定会成功|###|筷子兄弟|###|1|###|baidu
121017932|###|三月|###|张惠妹|###|1|###|baidu
120958904|###|吵架歌|###|汪苏泷,Hari|###|1|###|baidu
121269522|###|我的滑板鞋|###|庞麦郎|###|1|###|baidu
121349850|###|为梦而狂|###|关喆,茜拉|###|1|###|baidu
120971131|###|Maps|###|Maroon 5|###|1|###|baidu
121078807|###|荷塘月色（粤语版）|###|郑源|###|1|###|baidu
121078812|###|如果你幸福|###|郑源|###|1|###|baidu
121482346|###|Need You Now (需要你)|###|Henry,HOYA (INFINITE)|###|1|###|baidu
121235425|###|山谷里的回声|###|邓超,羽泉|###|1|###|baidu
121286905|###|天神纪|###|茜拉|###|1|###|baidu
121265524|###|Baby Boy|###|王心凌|###|1|###|baidu
121523699|###|你是我生命中的礼物|###|乌拉多恩|###|1|###|baidu
121033419|###|小样儿|###|安又琪|###|1|###|baidu
121212476|###|吻我吧|###|萧敬腾|###|1|###|baidu
121482421|###|Butterfly (蝴蝶)|###|Henry,SEUL GI (SMROOKIES)|###|1|###|baidu
120022293|###|多情的月光|###|正月十五|###|1|###|baidu
121256138|###|都对也都错|###|张惠妹|###|1|###|baidu
121482395|###|Saturday (星期六)|###|Henry|###|1|###|baidu
121212478|###|我就是爱你|###|萧敬腾|###|1|###|baidu
121253841|###|你是另一个我|###|黄征|###|1|###|baidu
121256254|###|这样你还要爱我吗|###|张惠妹|###|1|###|baidu
121518619|###|劫后余生|###|萧亚轩|###|1|###|baidu
120793675|###|一点一滴|###|羽泉|###|1|###|baidu
121069383|###|谁Control|###|韩庚|###|1|###|baidu
121349432|###|She Came To Give It To You|###|Usher,Nicki Minaj|###|1|###|baidu
119349330|###|金玉良缘|###|李琦|###|1|###|baidu
121212480|###|放开|###|萧敬腾|###|1|###|baidu
121257335|###|怎么办|###|朱杰|###|1|###|baidu
120908481|###|朋友圈 (专辑版)|###|王麟|###|1|###|baidu
121169970|###|童真年代|###|张学友|###|1|###|baidu
121253851|###|不想你走|###|王洋|###|1|###|baidu
121212482|###|铃铃|###|萧敬腾,范玮琪|###|1|###|baidu
120124557|###|晴|###|汪苏泷|###|1|###|baidu
120976896|###|梦缠绵|###|庄心妍,冷漠|###|1|###|baidu
121323929|###|我等的人|###|曹轩宾|###|1|###|baidu
121341443|###|缺口|###|庾澄庆|###|1|###|baidu
121360458|###|Raining On The Dance Floor(Original.Ver)|###|张根硕|###|1|###|baidu
121235907|###|Sing For Love (中文版)|###|Hope组合|###|1|###|baidu
87598727|###|每一颗星辰|###|华晨宇,欧豪,白举纲,宁桓宇,于湉,张阳阳,饶威,左立,贾盛强,于朦胧,范世琦,居来提|###|1|###|baidu
121212484|###|说|###|萧敬腾|###|1|###|baidu
121270302|###|Forever|###|吴建豪|###|1|###|baidu
121339685|###|你爱看足球|###|崔子格|###|1|###|baidu
120176169|###|和从前一样（抒情版）|###|黄勇|###|1|###|baidu
121257229|###|叶枯过|###|陶晶莹|###|1|###|baidu
121267124|###|하나 더 (One More)|###|Fiestar|###|1|###|baidu
87717000|###|Talk Dirty|###|Jason Derulo|###|1|###|baidu
121256258|###|偏执面|###|张惠妹,蛋堡|###|1|###|baidu
121200705|###|Vida (Afrojack Remix)|###|Ricky Martin|###|1|###|baidu
121360423|###|旧时光|###|Sara|###|1|###|baidu
121518621|###|天雷地火|###|萧亚轩|###|1|###|baidu
120089595|###|藏在记忆里的歌|###|庞龙|###|1|###|baidu
121256250|###|自虐|###|张惠妹|###|1|###|baidu
121281530|###|Ice Baby|###|TINY-G|###|1|###|baidu
120951654|###|爱情那么傻|###|品冠|###|1|###|baidu
120834007|###|Shake Your Body|###|郭富城,罗志祥,蔡依林,吴莫愁|###|1|###|baidu
121152958|###|Take me|###|张根硕|###|1|###|baidu
120996070|###|孩子对不起 (MV版)|###|杨子军|###|1|###|baidu
121238488|###|Where are you going?（你要往哪儿去?）|###|海龟先生|###|1|###|baidu
120816461|###|周三的情书|###|蔡健雅,周三|###|1|###|baidu
121371352|###|Morning Of Canon (캐논의 아침)|###|白雅言|###|1|###|baidu
119383615|###|月光 (Moonlight)|###|EXO-M|###|1|###|baidu
121020130|###|短发 (단발머리)|###|AOA|###|1|###|baidu
121070123|###|A|###|GOT7|###|1|###|baidu
120378087|###|最美的问候（小V之歌）|###|品冠|###|1|###|baidu
121342990|###|现在停止争吵 (이제 그만 싸우자)|###|许阁,郑恩地|###|1|###|baidu
121342990|###|现在停止争吵 (이제 그만 싸우자)|###|许阁,郑恩地|###|1|###|baidu
121223690|###|怎样爱|###|阿正|###|1|###|baidu
120817979|###|不能说出口的诺言|###|吴奇隆|###|1|###|baidu
121170861|###|Beautiful Times|###|Owl City|###|1|###|baidu
121106775|###|黑色蝴蝶|###|汪苏泷|###|1|###|baidu
121152993|###|As Time Goes By（Time Goes By）|###|张根硕|###|1|###|baidu
120045690|###|别怪我把你删除|###|魏枫|###|1|###|baidu
120022865|###|如果爱有下一回|###|吴炜|###|1|###|baidu
121258475|###|唱天籁|###|张冬玲,冷漠|###|1|###|baidu
121486102|###|Darling|###|Girl's Day|###|1|###|baidu
121367721|###|嚣张的蝴蝶（发行版）|###|许千千|###|1|###|baidu
121106758|###|传世乐章|###|汪苏泷|###|1|###|baidu
121176774|###|狐狸精|###|阿索|###|1|###|baidu
121106763|###|黑眼圈|###|汪苏泷|###|1|###|baidu
121323915|###|爱的多米诺|###|阿悄|###|1|###|baidu
120890444|###|巴黎夜雨|###|孙子涵|###|1|###|baidu
121257348|###|叶枯过 (悲伤版)|###|电视原声|###|1|###|baidu
119383607|###|上瘾 (Overdose)|###|EXO-M|###|1|###|baidu
119765593|###|爱你的宿命|###|张信哲|###|1|###|baidu
121485804|###|梦，信仰|###|群星|###|1|###|baidu
117948039|###|你给我听好|###|陈奕迅|###|1|###|baidu
121070121|###|U Got Me|###|GOT7|###|1|###|baidu
121459580|###|江湖野草|###|海洋|###|1|###|baidu
121325053|###|我不是狼|###|杨朗朗|###|1|###|baidu
120918282|###|万花瞳|###|蔡依林|###|1|###|baidu
121253371|###|Take Me (中文版)|###|张根硕|###|1|###|baidu
121482926|###|蓦兰|###|阿兰|###|1|###|baidu
121360434|###|单人季节|###|单色凌,伽菲珈而|###|1|###|baidu
121516610|###|其实很想你|###|王聃葳|###|1|###|baidu
120824261|###|女神经|###|李宇春|###|1|###|baidu
121479848|###|Angela|###|辉灿|###|1|###|baidu
121069724|###|后 (후)|###|J-Min|###|1|###|baidu
119349203|###|服不服|###|王麟|###|1|###|baidu
120793418|###|眼,鼻,嘴 (눈,코,입)|###|太阳|###|1|###|baidu
121266982|###|雨伞 (우산)|###|Younha|###|1|###|baidu
121228767|###|让我伤心的玫瑰|###|田丰,陈瑞|###|1|###|baidu
121273062|###|怎样说清此刻的心情|###|By2|###|1|###|baidu
121516584|###|离开你的分分秒秒|###|雷诺儿|###|1|###|baidu
120841316|###|为梦而来|###|张玮|###|1|###|baidu
121375872|###|你是我曾经最爱的女人|###|陈雅森|###|1|###|baidu
121264789|###|活着 (살다가보면)|###|郑仁|###|1|###|baidu
121055296|###|One|###|Ed Sheeran|###|1|###|baidu
121351639|###|灯火|###|龙飞龙泽|###|1|###|baidu
121223676|###|不想这样分离|###|阿正|###|1|###|baidu
121486101|###|Summer party (Intro)|###|Girl's Day,David Kim|###|1|###|baidu
121367727|###|另一个世界的我|###|金钰儿|###|1|###|baidu
119862640|###|Sing|###|Ed Sheeran|###|1|###|baidu
121486103|###|Look at me|###|Girl's Day|###|1|###|baidu
121294743|###|那是你最好的时候 (发行版)|###|宫羽|###|1|###|baidu
121055313|###|Don't|###|Ed Sheeran|###|1|###|baidu
121258548|###|丽江 丽江|###|张冬玲|###|1|###|baidu
116170906|###|等哥有了钱|###|智涛|###|1|###|baidu
121516598|###|越痛越想你|###|雷诺儿|###|1|###|baidu
119363573|###|泡沫|###|简红|###|1|###|baidu
121152791|###|东极岛岛歌|###|上海音乐学院学生|###|1|###|baidu
119811111|###|阴天快乐|###|陈奕迅|###|1|###|baidu
121516560|###|明明是真的|###|孙明|###|1|###|baidu
121287956|###|同一片星空|###|瑞恩•迷嘉尔|###|1|###|baidu
121256380|###|天蓝色的约定 (하늘색 약속)|###|g.o.d.|###|1|###|baidu
121020691|###|胳膊枕 (팔베개)|###|Davichi|###|1|###|baidu
121368151|###|God Like|###|香香,麦莎乐队|###|1|###|baidu
121368424|###|如果时间有回音|###|沈依莎|###|1|###|baidu
121070132|###|Forever Young|###|GOT7|###|1|###|baidu
121353608|###|半壶纱|###|刘珂矣|###|1|###|baidu
121055301|###|I'm A Mess|###|Ed Sheeran|###|1|###|baidu
119933919|###|With You|###|周笔畅,Epik High|###|1|###|baidu
121486104|###|Timing|###|Girl's Day|###|1|###|baidu
121235938|###|Sing For Love (英文版)|###|Hope组合|###|1|###|baidu
120976860|###|相信爱情|###|庄心妍|###|1|###|baidu
121258568|###|随遇而安|###|张冬玲|###|1|###|baidu
121258567|###|让我默默的离开|###|张冬玲|###|1|###|baidu
119346790|###|可以了|###|陈奕迅|###|1|###|baidu
121257380|###|有一个我 （钢琴版1）|###|电视原声|###|1|###|baidu
121328901|###|求环歌|###|酱紫|###|1|###|baidu
121171088|###|飘雪|###|陈慧娴|###|1|###|baidu
121283880|###|花开了 (꽃이 폈어요)|###|Wings,Baechigi|###|1|###|baidu
119383623|###|Thunder (雷电)|###|EXO-M|###|1|###|baidu
120913890|###|仲夏夜之蜜 (한여름밤의 꿀)|###|San E,Raina|###|1|###|baidu
120999279|###|Vida (官方中文版)|###|Ricky Martin,金贵晟,李尚尚,隔壁团,林育群,刘伟德,林奕匡|###|1|###|baidu
121485900|###|HIS HABIT|###|金贤重,金艺林,Kanto|###|1|###|baidu
118333145|###|70后|###|庞龙|###|1|###|baidu
121525357|###|雨别 (비별)(Good Bye Rain)|###|全敏珠,金宥娜,현규 (Bromance)|###|1|###|baidu
121297640|###|不要动 (움직이지마)|###|Davichi|###|1|###|baidu
121055328|###|Nina|###|Ed Sheeran|###|1|###|baidu
120823801|###|蜿蜒|###|品冠|###|1|###|baidu
121257384|###|有一个我 （钢琴版2）|###|电视原声|###|1|###|baidu
121070131|###|Good Tonight|###|GOT7|###|1|###|baidu
121265689|###|Fly Away|###|Ra.D|###|1|###|baidu
121235363|###|最远的你最近的爱|###|阿斯根|###|1|###|baidu
120995416|###|朋友样|###|丁炜|###|1|###|baidu
121265068|###|情歌是谎言 (발라드는 거짓말이다)|###|曹奎灿|###|1|###|baidu
121019926|###|你的空位 (니가 빈 자리)|###|申勇在 (4men),李海丽 (Davichi)|###|1|###|baidu
121355009|###|毕业那天|###|唐古|###|1|###|baidu
121220218|###|别怪我把你删除 (DJ版)|###|魏枫|###|1|###|baidu
121301019|###|Break Free|###|Ariana Grande|###|1|###|baidu
121257336|###|我懂了|###|电视原声|###|1|###|baidu
120991150|###|冰封的记忆|###|陈魁|###|1|###|baidu
121015137|###|Mr.暧昧模糊 (Mr.애매모호)|###|MAMAMOO|###|1|###|baidu
120878445|###|Hangover|###|Psy,Snoop Dogg|###|1|###|baidu
120125029|###|小苹果|###|筷子兄弟|###|2|###|baidu
121078799|###|爱情路|###|郑源|###|2|###|baidu
119349330|###|金玉良缘|###|李琦|###|2|###|baidu
120948904|###|爸爸去哪儿 第二季|###|曹格,Joe,Grace,Feynman,杨阳洋,贝儿,黄多多,吴镇宇,陆毅,黄磊,杨威|###|2|###|baidu
14385500|###|时间都去哪儿了|###|王铮亮|###|2|###|baidu
108479485|###|卷珠帘|###|霍尊|###|2|###|baidu
105326963|###|愿得一人心(剧场版)|###|李行亮,雨宗林|###|2|###|baidu
120022293|###|多情的月光|###|正月十五|###|2|###|baidu
113333032|###|倍儿爽 (官方正式版)|###|大张伟|###|2|###|baidu
14945107|###|泡沫|###|G.E.M.邓紫棋|###|2|###|baidu
99751993|###|我们好像在哪见过|###|小柯,叶蓓|###|2|###|baidu
121078805|###|入戏太深|###|郑源|###|2|###|baidu
86772502|###|夜空中最亮的星(Remix版)|###|逃跑计划乐队|###|2|###|baidu
107062220|###|自由自在|###|凤凰传奇|###|2|###|baidu
120958904|###|吵架歌|###|汪苏泷,Hari|###|2|###|baidu
117123119|###|We Are One (Ole Ola)|###|Pitbull,Jennifer Lopez,Claudia Leitte|###|2|###|baidu
116645769|###|寂寞的人伤心的歌|###|龙梅子,杨海彪|###|2|###|baidu
89308173|###|爸爸去哪儿|###|林志颖,Kimi,张亮,张悦轩,郭涛,郭子睿,王岳伦,王诗龄|###|2|###|baidu
119383615|###|月光 (Moonlight)|###|EXO-M|###|2|###|baidu
120793675|###|一点一滴|###|羽泉|###|2|###|baidu
31336224|###|等你等了那么久|###|祁隆,乐凡|###|2|###|baidu
92279724|###|Let It Go|###|Demi Lovato|###|2|###|baidu
13132725|###|父亲|###|筷子兄弟|###|2|###|baidu
117948039|###|你给我听好|###|陈奕迅|###|2|###|baidu
121078803|###|牵挂你的人是我|###|郑源|###|2|###|baidu
121017932|###|三月|###|张惠妹|###|2|###|baidu
120124557|###|晴|###|汪苏泷|###|2|###|baidu
88544851|###|终于等到你|###|张靓颖|###|2|###|baidu
120355556|###|不再联系|###|崔子格,夏天Alex|###|2|###|baidu
116534890|###|魔法城堡|###|TFBOYS|###|2|###|baidu
13139680|###|我可以抱你吗|###|张惠妹|###|2|###|baidu
14944589|###|逆战|###|张杰|###|2|###|baidu
121078807|###|荷塘月色（粤语版）|###|郑源|###|2|###|baidu
46267082|###|时间煮雨|###|郁可唯|###|2|###|baidu
5830696|###|老男孩|###|筷子兄弟|###|2|###|baidu
121078812|###|如果你幸福|###|郑源|###|2|###|baidu
120971131|###|Maps|###|Maroon 5|###|2|###|baidu
121033419|###|小样儿|###|安又琪|###|2|###|baidu
44265317|###|寂寞|###|谢容儿|###|2|###|baidu
119383607|###|上瘾 (Overdose)|###|EXO-M|###|2|###|baidu
97440993|###|小伙伴们都惊呆了|###|王麟|###|2|###|baidu
23305140|###|中国味道|###|凤凰传奇|###|2|###|baidu
13844864|###|Call Me Maybe|###|Carly Rae Jepsen|###|2|###|baidu
10554229|###|存在|###|汪峰|###|2|###|baidu
119349203|###|服不服|###|王麟|###|2|###|baidu
121256138|###|都对也都错|###|张惠妹|###|2|###|baidu
33984572|###|稳稳的幸福|###|陈奕迅|###|2|###|baidu
120089595|###|藏在记忆里的歌|###|庞龙|###|2|###|baidu
100900023|###|生来彷徨|###|汪峰|###|2|###|baidu
10233440|###|月亮惹的祸|###|张宇|###|2|###|baidu
536010|###|荷塘月色|###|凤凰传奇|###|2|###|baidu
120176169|###|和从前一样（抒情版）|###|黄勇|###|2|###|baidu
121256254|###|这样你还要爱我吗|###|张惠妹|###|2|###|baidu
120976896|###|梦缠绵|###|庄心妍,冷漠|###|2|###|baidu
13869172|###|兄弟抱一下|###|庞龙|###|2|###|baidu
34240081|###|又见山里红|###|祁隆|###|2|###|baidu
119765593|###|爱你的宿命|###|张信哲|###|2|###|baidu
120908481|###|朋友圈 (专辑版)|###|王麟|###|2|###|baidu
106081272|###|他不懂|###|张杰|###|2|###|baidu
119346790|###|可以了|###|陈奕迅|###|2|###|baidu
121069383|###|谁Control|###|韩庚|###|2|###|baidu
87720405|###|泪满天|###|龙梅子|###|2|###|baidu
33976800|###|开门大吉|###|凤凰传奇|###|2|###|baidu
5963089|###|我从草原来|###|凤凰传奇|###|2|###|baidu
65592867|###|要爱爱|###|王麟|###|2|###|baidu
120834007|###|Shake Your Body|###|郭富城,罗志祥,蔡依林,吴莫愁|###|2|###|baidu
120816461|###|周三的情书|###|蔡健雅,周三|###|2|###|baidu
87600807|###|男人歌|###|小沈阳,高进|###|2|###|baidu
110054446|###|안녕 (再见)|###|孝琳(Sistar)|###|2|###|baidu
40153340|###|致青春|###|王菲|###|2|###|baidu
64546611|###|勇敢勇敢|###|黄勇|###|2|###|baidu
117190905|###|Let It Go|###|Various Artists,Marsha Milan Londoh,Willemijn Verkaik,Nadezhda Panayotova|###|2|###|baidu
121169970|###|童真年代|###|张学友|###|2|###|baidu
7333126|###|我只在乎你|###|邓丽君|###|2|###|baidu
64953300|###|兄弟难当|###|杜歌|###|2|###|baidu
44897031|###|董小姐|###|宋冬野|###|2|###|baidu
14950804|###|我的歌声里|###|曲婉婷|###|2|###|baidu
119363573|###|泡沫|###|简红|###|2|###|baidu
10509017|###|我爱你胜过你爱我|###|冷漠,杨小曼|###|2|###|baidu
14865165|###|卓玛|###|降央卓玛|###|2|###|baidu
120045690|###|别怪我把你删除|###|魏枫|###|2|###|baidu
119811111|###|阴天快乐|###|陈奕迅|###|2|###|baidu
30970992|###|爱的世界只有你|###|祁隆,乐凡|###|2|###|baidu
23473715|###|江南Style|###|Psy|###|2|###|baidu
87727779|###|The Fox|###|Ylvis|###|2|###|baidu
120022865|###|如果爱有下一回|###|吴炜|###|2|###|baidu
31074496|###|闹够了没有|###|赖伟锋|###|2|###|baidu
87598727|###|每一颗星辰|###|华晨宇,欧豪,白举纲,宁桓宇,于湉,张阳阳,饶威,左立,贾盛强,于朦胧,范世琦,居来提|###|2|###|baidu
108033900|###|My Destiny|###|Lyn|###|2|###|baidu
13125209|###|倩女幽魂|###|张国荣|###|2|###|baidu
57115532|###|我好想你|###|苏打绿|###|2|###|baidu
23154677|###|愿得一人心|###|李行亮|###|2|###|baidu
10518153|###|套马杆|###|乌兰图雅|###|2|###|baidu
120951654|###|爱情那么傻|###|品冠|###|2|###|baidu
109808297|###|虹之间|###|金贵晟|###|2|###|baidu
120817979|###|不能说出口的诺言|###|吴奇隆|###|2|###|baidu
8869256|###|那些年|###|胡夏|###|2|###|baidu
14907195|###|Moves Like Jagger|###|Maroon 5,Christina Aguilera|###|2|###|baidu
110175440|###|爱你1314|###|正月十五|###|2|###|baidu
110175440|###|爱你1314|###|正月十五|###|2|###|baidu
87902124|###|一起摇摆|###|汪峰|###|2|###|baidu
84761288|###|张灯结彩|###|皆大欢喜|###|2|###|baidu
8513502|###|我们的歌谣|###|凤凰传奇|###|2|###|baidu
119383623|###|Thunder (雷电)|###|EXO-M|###|2|###|baidu
14906363|###|卜卦|###|崔子格|###|2|###|baidu
121256258|###|偏执面|###|张惠妹,蛋堡|###|2|###|baidu
623748|###|红豆|###|王菲|###|2|###|baidu
121256250|###|自虐|###|张惠妹|###|2|###|baidu
416940|###|包容|###|郑源|###|2|###|baidu
120378087|###|最美的问候（小V之歌）|###|品冠|###|2|###|baidu
27845472|###|勿忘心安|###|张杰|###|2|###|baidu
64555550|###|飞天|###|凤凰传奇|###|2|###|baidu
114750355|###|做你心上的人|###|唐古|###|2|###|baidu
13902676|###|你把爱情给了谁|###|龙梅子|###|2|###|baidu
27867080|###|I Knew You Were Trouble|###|Taylor Swift|###|2|###|baidu
14880387|###|思密达|###|王麟|###|2|###|baidu
107591832|###|微笑以后|###|张靓颖|###|2|###|baidu
121152958|###|Take me|###|张根硕|###|2|###|baidu
83590931|###|爱一点|###|王力宏,章子怡|###|2|###|baidu
121106775|###|黑色蝴蝶|###|汪苏泷|###|2|###|baidu
66635484|###|你是我最爱的女人|###|冷漠|###|2|###|baidu
1328527|###|Angel|###|Sarah McLachlan|###|2|###|baidu
87965463|###|Timber|###|Pitbull,Ke$ha|###|2|###|baidu
98834442|###|The Monster|###|Eminem,Rihanna|###|2|###|baidu
246301|###|最炫民族风|###|凤凰传奇|###|2|###|baidu
7300733|###|大海|###|张雨生|###|2|###|baidu
119093319|###|Problem|###|Ariana Grande|###|2|###|baidu
87603275|###|夜空中最亮的星|###|张恒远|###|2|###|baidu
263324|###|心会跟爱一起走|###|郭峰,陈洁仪|###|2|###|baidu
28790755|###|你懂得|###|小沈阳,沈春阳|###|2|###|baidu
1006104|###|男人哭吧不是罪|###|刘德华|###|2|###|baidu
34182398|###|风吹麦浪|###|李健,孙俪|###|2|###|baidu
120890444|###|巴黎夜雨|###|孙子涵|###|2|###|baidu
877578|###|海阔天空|###|Beyond|###|2|###|baidu
256126|###|遇见|###|孙燕姿|###|2|###|baidu
9512622|###|新娘不是我|###|程响|###|2|###|baidu
14902630|###|不再联系|###|夏天Alex|###|2|###|baidu
120824261|###|女神经|###|李宇春|###|2|###|baidu
10230112|###|三寸天堂|###|严艺丹|###|2|###|baidu
116772736|###|Dare (La La La)|###|Shakira|###|2|###|baidu
121070123|###|A|###|GOT7|###|2|###|baidu
109068417|###|醉相思|###|祁隆|###|2|###|baidu
35595406|###|Counting Stars|###|OneRepublic|###|2|###|baidu
89883453|###|以后的以后|###|庄心妍|###|2|###|baidu
109068488|###|想着你亲爱的|###|祁隆|###|2|###|baidu
119383634|###|Love Love Love (梦中梦)|###|EXO-M|###|2|###|baidu
1262598|###|千千阙歌|###|陈慧娴|###|2|###|baidu
416996|###|爱情码头|###|郑源|###|2|###|baidu
1000860|###|浮夸|###|陈奕迅|###|2|###|baidu
27853049|###|心痛2013|###|小山|###|2|###|baidu
89296194|###|All Of Me|###|John Legend|###|2|###|baidu
10432075|###|北国之春|###|邓丽君|###|2|###|baidu
7495745|###|Because Of You|###|Kelly Clarkson|###|2|###|baidu
237376|###|当我想你的时候|###|汪峰|###|2|###|baidu
13903312|###|走天涯|###|龙梅子,老猫|###|2|###|baidu
964297|###|朋友别哭|###|吕方|###|2|###|baidu
18926950|###|我悄悄地蒙上你的眼睛|###|高明骏,陈艾湄|###|2|###|baidu
121106758|###|传世乐章|###|汪苏泷|###|2|###|baidu
31895305|###|女人不是妖|###|司徒兰芳|###|2|###|baidu
120996070|###|孩子对不起 (MV版)|###|杨子军|###|2|###|baidu
5946955|###|鸿雁|###|呼斯楞|###|2|###|baidu
44799277|###|光阴的故事|###|黄晓明,邓超,佟大为|###|2|###|baidu
1128053|###|冰雨|###|刘德华|###|2|###|baidu
5990617|###|爱情专属权|###|龙梅子,老猫|###|2|###|baidu
65706553|###|咆哮 (Growl)|###|EXO|###|2|###|baidu
32996745|###|DJ万万岁|###|王绎龙|###|2|###|baidu
106084869|###|一个人失忆|###|薛凯琪|###|2|###|baidu
117189215|###|如果缘只到遇见|###|吴奇隆,严艺丹|###|2|###|baidu
7333668|###|来生缘|###|刘德华|###|2|###|baidu
53406476|###|伤心的人别听慢歌 (贯彻快乐)|###|五月天|###|2|###|baidu
87720451|###|情歌继续唱|###|龙梅子,冷漠|###|2|###|baidu
114749881|###|盛开|###|玖月奇迹|###|2|###|baidu
64563148|###|趁早|###|李琦|###|2|###|baidu
13741177|###|Stronger (What Doesn'T Kill You)|###|Kelly Clarkson|###|2|###|baidu
2342863|###|新贵妃醉酒|###|李玉刚|###|2|###|baidu
119383625|###|Run (奔跑)|###|EXO-M|###|2|###|baidu
109068432|###|老婆你辛苦了|###|祁隆|###|2|###|baidu
350917|###|A.I.N.Y.（爱你）|###|G.E.M.邓紫棋|###|2|###|baidu
15418739|###|hold不住的爱|###|龙梅子,老猫|###|2|###|baidu
5409496|###|追梦赤子心|###|GALA|###|2|###|baidu
34303121|###|烟花易冷|###|林志炫|###|2|###|baidu
7775412|###|Numb (Album Version)|###|Linkin Park|###|2|###|baidu
7271730|###|Marry You|###|Bruno Mars|###|2|###|baidu
2102679|###|听海|###|张惠妹|###|2|###|baidu
120793418|###|眼,鼻,嘴 (눈,코,입)|###|太阳|###|2|###|baidu
6419060|###|伤心城市|###|冷漠|###|2|###|baidu
10526013|###|东风破|###|周杰伦|###|2|###|baidu
7386676|###|Baby|###|Justin Bieber|###|2|###|baidu
27853371|###|空城|###|金志文|###|2|###|baidu
5071402|###|我的好兄弟|###|高进,小沈阳|###|2|###|baidu
119933919|###|With You|###|周笔畅,Epik High|###|2|###|baidu
1102942|###|十年|###|陈奕迅|###|2|###|baidu
121152993|###|As Time Goes By（Time Goes By）|###|张根硕|###|2|###|baidu
109753366|###|宝贝去哪儿|###|王诗龄,李燃,Kimi,寇静,李湘,田雨橙,郭子睿,张悦轩,叶一茜,陈若仪|###|2|###|baidu
117108786|###|特别的人|###|方大同|###|2|###|baidu
13903681|###|DJ版漂亮的姑娘就要嫁人啦|###|龙梅子,老猫|###|2|###|baidu
15925730|###|Lemon Tree|###|苏慧伦|###|2|###|baidu
65864677|###|男人好难|###|沙宝亮,黄渤|###|2|###|baidu
65864677|###|男人好难|###|沙宝亮,黄渤|###|2|###|baidu
71284769|###|秋天的风|###|郑源,郑东|###|2|###|baidu
12308850|###|What Makes You Beautiful|###|One Direction|###|2|###|baidu
121106763|###|黑眼圈|###|汪苏泷|###|2|###|baidu
9529842|###|魔鬼中的天使|###|田馥甄|###|2|###|baidu
121020130|###|短发 (단발머리)|###|AOA|###|2|###|baidu
10525914|###|安静|###|周杰伦|###|2|###|baidu
33950878|###|We Are Never Ever Getting Back Together|###|Taylor Swift|###|2|###|baidu
66610193|###|手掌心|###|丁当|###|2|###|baidu
4770714|###|我最亲爱的|###|张惠妹|###|2|###|baidu
116370553|###|朋友|###|周华健|###|2|###|baidu
7338336|###|光辉岁月|###|Beyond|###|2|###|baidu
110076181|###|答案|###|杨坤,郭采洁|###|2|###|baidu
115032004|###|娱乐天空|###|陈奕迅|###|2|###|baidu
13931964|###|我被爱情下了药|###|崔子格|###|2|###|baidu
2126456|###|我很丑，可是我很温柔|###|赵传|###|2|###|baidu
244200|###|红日|###|李克勤|###|2|###|baidu
86688137|###|谈何容易|###|韩红|###|2|###|baidu
10736444|###|简单爱|###|周杰伦|###|2|###|baidu
354387|###|青花瓷|###|周杰伦|###|2|###|baidu
34168107|###|许Sir思密达|###|王麟,老猫|###|2|###|baidu
103815554|###|Say Something|###|Christina Aguilera|###|2|###|baidu
1575873|###|北京北京|###|汪峰|###|2|###|baidu
37012395|###|小情歌|###|苏打绿|###|2|###|baidu
34185463|###|没离开过|###|林志炫|###|2|###|baidu
13912178|###|红山果|###|安与骑兵|###|2|###|baidu
263494|###|春天里|###|汪峰|###|2|###|baidu
115022565|###|Mr.Mr.|###|少女时代|###|2|###|baidu
291241|###|甜蜜蜜|###|邓丽君|###|2|###|baidu
826361|###|女人花|###|梅艳芳|###|2|###|baidu
1057968|###|一场游戏一场梦|###|王杰|###|2|###|baidu
242926|###|说谎|###|林宥嘉|###|2|###|baidu
119387577|###|上瘾 (중독)(Overdose)|###|EXO-K|###|2|###|baidu
72657070|###|月到天心处|###|吉克隽逸|###|2|###|baidu
1075592|###|至少还有你|###|林忆莲|###|2|###|baidu
1008491|###|鲁冰花|###|甄妮|###|2|###|baidu
53015035|###|父亲|###|降央卓玛|###|2|###|baidu
7305469|###|没那么简单|###|黄小琥|###|2|###|baidu
1001402|###|背叛|###|曹格|###|2|###|baidu
7292178|###|Give Me Everything|###|Pitbull|###|2|###|baidu
2132046|###|趁早|###|张宇|###|2|###|baidu
14860144|###|芊芊|###|回音哥|###|2|###|baidu
503382|###|Last Christmas|###|Taylor Swift|###|2|###|baidu
10509856|###|依然爱你|###|王力宏|###|2|###|baidu
1481912|###|同桌的你|###|老狼|###|2|###|baidu
39462038|###|Gentleman|###|PSY|###|2|###|baidu
250890|###|牵手|###|苏芮|###|2|###|baidu
1267392|###|回忆的沙漏|###|G.E.M.邓紫棋|###|2|###|baidu
233257|###|把悲伤留给自己|###|陈升|###|2|###|baidu
2191061|###|Beat It|###|Michael Jackson|###|2|###|baidu
14953540|###|没有什么不同|###|曲婉婷|###|2|###|baidu
87603531|###|怎么说我不爱你|###|李琦|###|2|###|baidu
1015305|###|胆小鬼|###|梁咏琪|###|2|###|baidu
2126164|###|朋友|###|臧天朔|###|2|###|baidu
43712590|###|唐人|###|孙子涵|###|2|###|baidu
2065932|###|星月神话|###|金莎|###|2|###|baidu
7313936|###|因为爱情|###|王菲,陈奕迅|###|2|###|baidu
31336164|###|找一个相爱的理由|###|晨熙,艾歌|###|2|###|baidu
119811066|###|跟着你到天边|###|吴青峰|###|2|###|baidu
33895538|###|真的不容易|###|庄心妍|###|2|###|baidu
44805341|###|安和桥|###|宋冬野|###|2|###|baidu
35366703|###|其实都没有|###|杨宗纬|###|2|###|baidu
10502800|###|这条街|###|云菲菲,冷漠|###|2|###|baidu
65494897|###|山风一样自由|###|阿鲁阿卓|###|2|###|baidu
1009000|###|在水一方|###|邓丽君|###|2|###|baidu
233581|###|看透爱情看透你|###|冷漠|###|2|###|baidu
233076|###|怒放的生命|###|汪峰|###|2|###|baidu
10489236|###|火红的萨日朗|###|乌兰托娅|###|2|###|baidu
207981|###|冲动的惩罚|###|刀郎|###|2|###|baidu
89437121|###|大声说我爱你|###|小山|###|2|###|baidu
14958527|###|画心|###|张靓颖|###|2|###|baidu
115023641|###|天使的指纹|###|孙燕姿|###|2|###|baidu
205798|###|蓝莲花|###|许巍|###|2|###|baidu
1000656|###|漫步|###|许巍|###|2|###|baidu
119811087|###|不如承诺来的简单|###|陈奕迅|###|2|###|baidu
306001|###|王妃|###|萧敬腾|###|2|###|baidu
5983704|###|我的秘密 MySecret|###|G.E.M.邓紫棋|###|2|###|baidu
68729016|###|预谋|###|许佳慧|###|2|###|baidu
121170861|###|Beautiful Times|###|Owl City|###|2|###|baidu
2494585|###|像梦一样自由|###|汪峰|###|2|###|baidu
233822|###|勇气|###|梁静茹|###|2|###|baidu
235874|###|琵琶语|###|林海|###|2|###|baidu
39101773|###|火火的姑娘|###|东方红艳|###|2|###|baidu
2121730|###|心雨|###|杨钰莹,毛宁|###|2|###|baidu
34153315|###|中国范儿|###|玖月奇迹|###|2|###|baidu
119387795|###|月光 (월광)(Moonlight)|###|EXO-K|###|2|###|baidu
12380958|###|老婆最大|###|崔子格|###|2|###|baidu
120918282|###|万花瞳|###|蔡依林|###|2|###|baidu
2914952|###|You Belong With Me|###|Taylor Swift|###|2|###|baidu
105946439|###|爱着爱着就永远|###|田馥甄|###|2|###|baidu
283662|###|爱是你我|###|刀郎,云朵,王翰仪|###|2|###|baidu
1008662|###|痴心绝对|###|李圣杰|###|2|###|baidu
5665004|###|爱的供养|###|杨幂|###|2|###|baidu
34182378|###|春暖花开|###|那英|###|2|###|baidu
106080975|###|十二月的奇迹 (Miracles in December)|###|EXO|###|2|###|baidu
235517|###|阴天|###|莫文蔚|###|2|###|baidu
12321170|###|天后|###|陈势安|###|2|###|baidu
119735383|###|坏姐姐|###|王蓉|###|2|###|baidu
10206656|###|囚鸟|###|彭羚|###|2|###|baidu
40738462|###|Young And Beautiful|###|Lana Del Rey|###|2|###|baidu
120841316|###|为梦而来|###|张玮|###|2|###|baidu
20724058|###|为爱痴狂|###|金志文|###|2|###|baidu
119339214|###|Love Never Felt So Good|###|Michael Jackson|###|2|###|baidu
704234|###|我是一只小小鸟|###|赵传|###|2|###|baidu
88342195|###|叹情缘|###|祁隆|###|2|###|baidu
7641462|###|爱情这杯酒谁喝都得醉|###|闫旭|###|2|###|baidu
265898|###|吻别|###|张学友|###|2|###|baidu
14915524|###|哥有老婆|###|纪晓斌|###|2|###|baidu
7316935|###|龙卷风|###|周杰伦|###|2|###|baidu
116646141|###|要死就一定要死在你手里|###|莫西子诗,郑钧|###|2|###|baidu
35368516|###|伤了心的女人怎么了|###|刘涛|###|2|###|baidu
113276731|###|张灯结彩|###|阿宝,王二妮|###|2|###|baidu
10405520|###|传奇|###|王菲|###|2|###|baidu
5910877|###|我相信|###|杨培安|###|2|###|baidu
1017566|###|最熟悉的陌生人|###|萧亚轩|###|2|###|baidu
2067206|###|再回首|###|姜育恒|###|2|###|baidu
2103686|###|你是我的眼|###|林宥嘉|###|2|###|baidu
10240852|###|偏偏喜欢你|###|陈百强|###|2|###|baidu
258892|###|童年|###|罗大佑|###|2|###|baidu
68719308|###|Roar|###|Katy Perry|###|2|###|baidu
12540505|###|我是否也在你心中|###|高安|###|2|###|baidu
34185461|###|空白格|###|杨宗纬|###|2|###|baidu
121069724|###|后 (후)|###|J-Min|###|2|###|baidu
296240|###|一直很安静|###|阿桑|###|2|###|baidu
105326964|###|过期爱情|###|雨宗林|###|2|###|baidu
84805878|###|老天爷|###|范思威|###|2|###|baidu
360662|###|写不完的温柔|###|G.E.M.邓紫棋|###|2|###|baidu
38548621|###|我爱的你|###|严宽,杜若溪|###|2|###|baidu
34161927|###|Red|###|Taylor Swift|###|2|###|baidu
5740041|###|小三|###|冷漠|###|2|###|baidu
115099351|###|尚好的青春|###|孙燕姿|###|2|###|baidu
64563559|###|残酷月光|###|萱萱|###|2|###|baidu
1015565|###|南海姑娘|###|邓丽君|###|2|###|baidu
28078885|###|Take Me to Your Heart|###|Michael Learns To Rock|###|2|###|baidu
264374|###|给你们|###|张宇|###|2|###|baidu
84901076|###|抽离|###|徐良,刘丹萌|###|2|###|baidu
14873304|###|唐古拉Dj版|###|王麟,完玛三智|###|2|###|baidu
7164869|###|怎么说我不爱你|###|萧敬腾|###|2|###|baidu
12539998|###|在心里从此永远有个你|###|高安,牧羊|###|2|###|baidu
119349342|###|金玉良缘|###|贾青|###|2|###|baidu
7277793|###|单身情歌|###|林志炫|###|2|###|baidu
13776806|###|唱着情歌流着泪|###|祁隆|###|2|###|baidu
235725|###|清明雨上|###|许嵩|###|2|###|baidu
114944077|###|你家门前 (너의 집 앞)|###|金秀贤|###|2|###|baidu
1277888|###|黄昏|###|周传雄|###|2|###|baidu
13734497|###|甩葱歌|###|初音未来|###|2|###|baidu
790142|###|后来|###|刘若英|###|2|###|baidu
10405795|###|天龙八部之宿敌|###|许嵩|###|2|###|baidu
10549475|###|高原蓝|###|乌兰图雅|###|2|###|baidu
119764641|###|La La La|###|Shakira,Carlinhos Brown|###|2|###|baidu
23150123|###|爱要坦荡荡|###|丁丁|###|2|###|baidu
389018|###|真的爱你|###|Beyond|###|2|###|baidu
18747448|###|情人|###|G.E.M.邓紫棋|###|2|###|baidu
117031977|###|同桌的你|###|胡夏|###|2|###|baidu
28788749|###|战争世界|###|黑白|###|2|###|baidu
116370584|###|一起吃苦的幸福|###|EXO-M|###|2|###|baidu
10404950|###|火力全开|###|王力宏|###|2|###|baidu
38422697|###|好了伤疤忘了疼|###|大庆小芳|###|2|###|baidu
85730250|###|红尘情歌 - 对唱版 芦丽红|###|高安|###|2|###|baidu
2104023|###|滴答|###|侃侃|###|2|###|baidu
20870658|###|活着|###|郝云|###|2|###|baidu
10046825|###|Zombie|###|The Cranberries|###|2|###|baidu
23687751|###|真英雄|###|张卫健|###|2|###|baidu
121070121|###|U Got Me|###|GOT7|###|2|###|baidu
538052|###|爱情买卖|###|慕容晓晓|###|2|###|baidu
109808290|###|Gentleman|###|戴爱玲,Victor Lau|###|2|###|baidu
18226537|###|大悲咒|###|印能法师|###|2|###|baidu
24492803|###|洋葱|###|平安|###|2|###|baidu
5837361|###|伤不起|###|王麟|###|2|###|baidu
351466|###|爱|###|小虎队|###|2|###|baidu
1174472|###|Trouble Is A Friend|###|Lenka|###|2|###|baidu
119826756|###|唱什么都红不了|###|大张伟|###|2|###|baidu
458998|###|如果这就是爱情|###|张靓颖|###|2|###|baidu
7380346|###|Right Now (Na Na Na)|###|Akon|###|2|###|baidu
265564|###|相信自己|###|零点乐队|###|2|###|baidu
33847306|###|为了遇见你|###|戚薇,杨宗纬|###|2|###|baidu
120080154|###|Cry.|###|Mariah Carey|###|2|###|baidu
120991150|###|冰封的记忆|###|陈魁|###|2|###|baidu
477832|###|呼伦贝尔大草原|###|降央卓玛|###|2|###|baidu
14919656|###|Good Time|###|Owl City,Carly Rae Jepsen|###|2|###|baidu
890663|###|我怀念的|###|孙燕姿|###|2|###|baidu
2456900|###|给我一个理由忘记|###|A-Lin|###|2|###|baidu
13931974|###|老公让我为你捶捶背|###|崔子格,老猫|###|2|###|baidu
1217294|###|Super Star|###|S.H.E|###|2|###|baidu
100341767|###|步步|###|五月天|###|2|###|baidu
110015712|###|老子明天不上班|###|谢帝|###|2|###|baidu
14887473|###|As Long As You Love Me|###|Justin Bieber|###|2|###|baidu
5910256|###|我和草原有个约定|###|降央卓玛|###|2|###|baidu
13586936|###|你在看孤独的风景|###|本兮|###|2|###|baidu
71270919|###|相见不如怀念|###|樊凡|###|2|###|baidu
121253371|###|Take Me (中文版)|###|张根硕|###|2|###|baidu
10357938|###|Sleep With You|###|Egil Olsen|###|2|###|baidu
472686|###|花心|###|周华健|###|2|###|baidu
5835631|###|大笑江湖|###|小沈阳|###|2|###|baidu
585899|###|Tik Tok|###|Ke$ha|###|2|###|baidu
273993|###|庐州月|###|许嵩|###|2|###|baidu
472686|###|花心|###|周华健|###|2|###|baidu
5835631|###|大笑江湖|###|小沈阳|###|2|###|baidu
585899|###|Tik Tok|###|Ke$ha|###|2|###|baidu
273993|###|庐州月|###|许嵩|###|2|###|baidu
100902542|###|父亲的草原母亲的河|###|云飞|###|2|###|baidu
264893|###|半城烟沙|###|许嵩|###|2|###|baidu
7292180|###|Rain Over Me|###|Pitbull|###|2|###|baidu
120823801|###|蜿蜒|###|品冠|###|2|###|baidu
38231329|###|送别|###|朴树|###|2|###|baidu
109052117|###|克卜勒|###|孙燕姿|###|2|###|baidu
391713|###|海阔天空|###|信乐团|###|2|###|baidu
90187803|###|爱，不解释|###|张杰|###|2|###|baidu
119340349|###|跟着你到天边|###|韩磊|###|2|###|baidu
34593850|###|天空之城|###|郭燕|###|2|###|baidu
283743|###|如果没有你|###|莫文蔚|###|2|###|baidu
277161|###|背对背拥抱|###|林俊杰|###|2|###|baidu
14874693|###|站在草原望北京|###|乌兰图雅|###|2|###|baidu
17451680|###|爱情这杯酒谁喝都得醉|###|孙露|###|2|###|baidu
291890|###|雨一直下|###|张宇|###|2|###|baidu
23150239|###|小情歌|###|多亮|###|2|###|baidu
34153256|###|倾国倾城|###|玖月奇迹|###|2|###|baidu
105326965|###|最美的时光|###|韩晶|###|2|###|baidu
119987892|###|田园香|###|黄雅莉|###|2|###|baidu
57146432|###|相爱多么难得|###|孙子涵,李潇潇|###|2|###|baidu
516015|###|不再犹豫|###|Beyond|###|2|###|baidu
12313247|###|天籁之爱|###|容中尔甲,旺姆|###|2|###|baidu
113275822|###|我的要求不算高|###|黄渤|###|2|###|baidu
23149293|###|我的歌声里|###|李代沫|###|2|###|baidu
2603459|###|上海滩|###|叶丽仪|###|2|###|baidu
106181275|###|初雪|###|EXO|###|2|###|baidu
1158097|###|My Love|###|Westlife|###|2|###|baidu
86717873|###|我是不是你最疼爱的人|###|萱萱|###|2|###|baidu
309114|###|想你的夜|###|关喆|###|2|###|baidu
5911829|###|西海情歌|###|降央卓玛|###|2|###|baidu
209442|###|相见恨晚|###|彭佳慧|###|2|###|baidu
10551729|###|等你的季节|###|刘诗诗|###|2|###|baidu
10549245|###|一个人的寂寞两个人的错|###|贺一航|###|2|###|baidu
2110700|###|突然的自我|###|伍佰|###|2|###|baidu
10204540|###|恰似你的温柔|###|蔡琴|###|2|###|baidu
38291366|###|会不会|###|本兮|###|2|###|baidu
1487492|###|白天不懂夜的黑|###|那英|###|2|###|baidu
99751472|###|以为爱情没有了|###|叶蓓|###|2|###|baidu
907397|###|追梦人|###|凤飞飞|###|2|###|baidu
35366620|###|黑暗骑士|###|林俊杰,阿信|###|2|###|baidu
12327036|###|请比我爱她|###|柯震东|###|2|###|baidu
33896247|###|越热闹越孤单|###|许诺|###|2|###|baidu
113277760|###|情非得已|###|庾澄庆,李敏镐|###|2|###|baidu
743543|###|烟火|###|陈翔|###|2|###|baidu
104666169|###|逆态度|###|张杰|###|2|###|baidu
33985350|###|离不开你|###|黄绮珊|###|2|###|baidu
119361696|###|第七感|###|张靓颖|###|2|###|baidu
10501628|###|小小新娘花|###|云菲菲|###|2|###|baidu
64333297|###|叹情歌（男女对唱版）|###|高安,司徒兰芳|###|2|###|baidu
85032403|###|爱的海洋|###|曲婉婷|###|2|###|baidu
89878279|###|Dark Horse|###|Katy Perry,Juicy J|###|2|###|baidu
10367214|###|鹿中的王子|###|小蓓蕾组合|###|2|###|baidu
1002801|###|星期六|###|罗百吉|###|2|###|baidu
7317902|###|相思风雨中|###|张学友,汤宝如|###|2|###|baidu
53229939|###|一生中最爱|###|谭咏麟|###|2|###|baidu
844678|###|笑红尘|###|陈淑桦|###|2|###|baidu
52086054|###|我想大声告诉你|###|樊凡|###|2|###|baidu
50902704|###|狼与美女 (EXO 中文版)|###|EXO|###|2|###|baidu
209003|###|再见|###|张震岳|###|2|###|baidu
5893201|###|父亲的草原母亲的河|###|降央卓玛|###|2|###|baidu
65619293|###|Pacific Rim|###|Tom Morello|###|2|###|baidu
119548568|###|Dance To The Music|###|李宇春|###|2|###|baidu
961297|###|断桥残雪|###|许嵩|###|2|###|baidu
38233821|###|流浪记|###|杨宗纬|###|2|###|baidu
120045821|###|青蛇|###|墨明棋妙|###|2|###|baidu
85800617|###|记得|###|李琦|###|2|###|baidu
10517909|###|凤凰飞|###|乌兰图雅|###|2|###|baidu
1137385|###|江南|###|林俊杰|###|2|###|baidu
118978236|###|战放|###|本兮|###|2|###|baidu
34585238|###|你抱着我哭|###|高安|###|2|###|baidu
10221403|###|The Sound Of Silence|###|Simon & Garfunkel|###|2|###|baidu
23149277|###|High歌|###|张玮|###|2|###|baidu
7439956|###|Just The Way You Are|###|Bruno Mars|###|2|###|baidu
613103|###|爱如潮水|###|张信哲|###|2|###|baidu
27131218|###|Halo|###|吉克隽逸|###|2|###|baidu
33942889|###|一个人想着一个人|###|曾沛慈|###|2|###|baidu
2498024|###|千百度|###|许嵩|###|2|###|baidu
30853487|###|Just Give Me A Reason|###|P!nk|###|2|###|baidu
17446912|###|梦的翅膀受了伤|###|孙露|###|2|###|baidu
1007085|###|Di Da Di|###|李玟|###|2|###|baidu
14950866|###|爱久见人心|###|梁静茹|###|2|###|baidu
116970418|###|遇见|###|张瑶|###|2|###|baidu
2076226|###|问|###|梁静茹|###|2|###|baidu
119548052|###|Until It's Gone|###|Linkin Park|###|2|###|baidu
118333145|###|70后|###|庞龙|###|2|###|baidu
114439016|###|像今天这样的眼泪 (오늘 같은 눈물이)|###|许阁|###|2|###|baidu
14945177|###|奇迹|###|G.E.M.邓紫棋|###|2|###|baidu
2191110|###|You Are Not Alone|###|Michael Jackson|###|2|###|baidu
14743299|###|心术|###|张宇|###|2|###|baidu
331355|###|美酒加咖啡|###|邓丽君|###|2|###|baidu
921917|###|笨小孩|###|刘德华,柯受良,吴宗宪|###|2|###|baidu
804428|###|怎样|###|戴佩妮|###|2|###|baidu
10549590|###|缘分惹的祸|###|安东阳|###|2|###|baidu
1103753|###|我们都一样|###|张杰|###|2|###|baidu
114783086|###|我是我的|###|张靓颖|###|2|###|baidu
114783086|###|我是我的|###|张靓颖|###|2|###|baidu
15246404|###|Trouble Maker|###|Trouble Maker|###|2|###|baidu
10501897|###|伤心城市|###|云菲菲|###|2|###|baidu
65720871|###|蓝莲花|###|张恒远,赵晗|###|2|###|baidu
1149563|###|最初的梦想|###|范玮琪|###|2|###|baidu
5738291|###|爱笑的眼睛|###|林俊杰|###|2|###|baidu
615750|###|寂寞寂寞就好|###|田馥甄|###|2|###|baidu
87600717|###|他不爱我|###|李琦|###|2|###|baidu
7317587|###|爱我的人和我爱的人|###|裘海正|###|2|###|baidu
350965|###|Mascara（烟熏妆）|###|G.E.M.邓紫棋|###|2|###|baidu
223021|###|日不落|###|蔡依林|###|2|###|baidu
254700|###|新不了情|###|萧敬腾|###|2|###|baidu
33908824|###|完美女人|###|陈瑞|###|2|###|baidu
1066652|###|独角戏|###|许茹芸|###|2|###|baidu
46314676|###|一眼初春|###|孙子涵,Xun,常定晨,小峰峰|###|2|###|baidu
65706564|###|으르렁 (Growl)|###|EXO|###|2|###|baidu
64352194|###|Bar Bar Bar|###|Crayon Pop|###|2|###|baidu
27672372|###|带我到山顶|###|吉克隽逸|###|2|###|baidu
7313160|###|千千阙歌|###|张国荣|###|2|###|baidu
312707|###|当爱已成往事|###|张国荣|###|2|###|baidu
769377|###|类似爱情|###|萧亚轩|###|2|###|baidu
254271|###|你不是真正的快乐|###|五月天|###|2|###|baidu
931434|###|风雨无阻|###|周华健|###|2|###|baidu
225116|###|情人|###|刀郎|###|2|###|baidu
33351945|###|我是不是你最疼爱的人|###|李代沫|###|2|###|baidu
515253|###|大地|###|Beyond|###|2|###|baidu
13762260|###|一生无悔|###|高安,杭娇|###|2|###|baidu
27847954|###|Diamonds|###|Rihanna|###|2|###|baidu
254515|###|领悟|###|辛晓琪|###|2|###|baidu
10071457|###|More Than Words|###|Extreme|###|2|###|baidu
84756454|###|再遇见|###|苏打绿|###|2|###|baidu
40135583|###|浮夸|###|林志炫|###|2|###|baidu
5676639|###|永远的兄弟|###|刀郎|###|2|###|baidu
13985385|###|我和草原有个约定|###|乌兰图雅|###|2|###|baidu
14941552|###|幻听|###|许嵩|###|2|###|baidu
108887719|###|夜空中最亮的星|###|escape plan逃跑计划|###|2|###|baidu
65603701|###|梦的翅膀受了伤|###|蒋雪儿|###|2|###|baidu
85835680|###|我和我的小伙伴们都惊呆了|###|王麟|###|2|###|baidu
10551724|###|一念执着|###|胡歌,阿兰|###|2|###|baidu
10212128|###|亲爱的你怎么不在身边|###|江美琪|###|2|###|baidu
119092956|###|我恨自己动了真情|###|冷漠|###|2|###|baidu
7328970|###|微风细雨|###|邓丽君|###|2|###|baidu
64578056|###|那些年|###|阚立文|###|2|###|baidu
116373121|###|LA SONG|###|Rain|###|2|###|baidu
10513647|###|The World As I See It|###|Jason Mraz|###|2|###|baidu
35269260|###|天下的姐妹|###|徐千雅,凤凰传奇|###|2|###|baidu
121055296|###|One|###|Ed Sheeran|###|2|###|baidu
10367215|###|过家家|###|小蓓蕾组合|###|2|###|baidu
1037883|###|Just Dance|###|Lady Gaga|###|2|###|baidu
218394|###|忽然之间|###|莫文蔚|###|2|###|baidu
33947718|###|We Are Young|###|Fun.,Janelle Monáe|###|2|###|baidu
120045968|###|Boom Clap|###|Charli XCX|###|2|###|baidu
35510751|###|落花情|###|七朵组合|###|2|###|baidu
1293493|###|如果这都不算爱|###|张学友|###|2|###|baidu
110176454|###|把你宠坏|###|正月十五|###|2|###|baidu
1056738|###|一剪梅|###|费玉清|###|2|###|baidu
7330118|###|讲不出再见|###|谭咏麟|###|2|###|baidu
85195904|###|昨夜星辰|###|邓丽君|###|2|###|baidu
5837564|###|素颜|###|许嵩,何曼婷|###|2|###|baidu
1007164|###|I Believe I Can Fly|###|R. Kelly|###|2|###|baidu
118220156|###|时间都去哪了 (京剧版)|###|霍尊|###|2|###|baidu
119387825|###|Thunder|###|EXO-K|###|2|###|baidu
1300366|###|敖包相会|###|刀郎|###|2|###|baidu
116355704|###|约定 (약속)|###|金秀贤|###|2|###|baidu
7580362|###|这，就是爱|###|张杰|###|2|###|baidu
1101881|###|我愿意|###|王菲|###|2|###|baidu
309610|###|偏爱|###|张芸京|###|2|###|baidu
7279429|###|好心分手|###|卢巧音,王力宏|###|2|###|baidu
10505904|###|错过了缘分错过你 伦巴舞曲|###|何龙雨|###|2|###|baidu
10517946|###|火辣辣的情歌|###|乌兰图雅|###|2|###|baidu
14945183|###|不存在的存在|###|G.E.M.邓紫棋|###|2|###|baidu
39389671|###|爱与妒忌|###|阿悄|###|2|###|baidu
1347957|###|斯琴高丽的伤心|###|斯琴高丽|###|2|###|baidu
114605196|###|你的所有瞬间（너의 모든 순간）|###|成诗京|###|2|###|baidu
1010926|###|想把我唱给你听|###|老狼,小柯,曹芳,王筝|###|2|###|baidu
10509226|###|这条街|###|冷漠,云菲菲|###|2|###|baidu
1057541|###|世界第一等|###|刘德华|###|2|###|baidu
119862640|###|Sing|###|Ed Sheeran|###|2|###|baidu
2494811|###|最重要的决定|###|范玮琪|###|2|###|baidu
109688502|###|별에서 온 그대 (来自星星的你)|###|Younha|###|2|###|baidu
2070928|###|可惜不是你|###|梁静茹|###|2|###|baidu
120976860|###|相信爱情|###|庄心妍|###|2|###|baidu
274606|###|心如刀割|###|张学友|###|2|###|baidu
116646162|###|一个人|###|黄铃凯,吴青峰|###|2|###|baidu
2342869|###|清明上河图|###|李玉刚|###|2|###|baidu
10545598|###|情歌悠扬|###|本兮|###|2|###|baidu
51731979|###|青春再见|###|水木年华,老狼,李健,叶世荣|###|2|###|baidu
115099299|###|无限大|###|孙燕姿|###|2|###|baidu
120000806|###|倍儿爽 （春晚版）|###|大张伟|###|2|###|baidu
92258441|###|默认|###|王铮亮|###|2|###|baidu
108690841|###|矜持(电影《前任攻略》主题曲)|###|姚贝娜|###|2|###|baidu
10469337|###|轻易伤害我(dj版)|###|沈世爱|###|2|###|baidu
119348300|###|没差（特别版）|###|吴莫愁|###|2|###|baidu
885704|###|今天|###|刘德华|###|2|###|baidu
595456|###|需要人陪|###|王力宏|###|2|###|baidu
236497|###|那些花儿|###|朴树|###|2|###|baidu
87603275|###|夜空中最亮的星|###|张恒远|###|31|###|baidu
64563148|###|趁早|###|李琦|###|31|###|baidu
87603531|###|怎么说我不爱你|###|李琦|###|31|###|baidu
64563559|###|残酷月光|###|萱萱|###|31|###|baidu
86717873|###|我是不是你最疼爱的人|###|萱萱|###|31|###|baidu
65720871|###|蓝莲花|###|张恒远,赵晗|###|31|###|baidu
85800617|###|记得|###|李琦|###|31|###|baidu
87600717|###|他不爱我|###|李琦|###|31|###|baidu
64578056|###|那些年|###|阚立文|###|31|###|baidu
65602383|###|煎熬|###|赵晗|###|31|###|baidu
64563287|###|让我一次爱个够+征服+哭不出来+存在|###|那英,庾澄庆,汪峰,张惠妹|###|31|###|baidu
65602381|###|领悟|###|孟楠|###|31|###|baidu
65602377|###|像梦一样自由|###|毕夏|###|31|###|baidu
87603393|###|追梦赤子心|###|张恒远|###|31|###|baidu
64563107|###|也许明天|###|姚贝娜|###|31|###|baidu
86717943|###|一起摇摆|###|汪峰,张恒远,毕夏,单冲锋,孟楠|###|31|###|baidu
87603287|###|后知后觉|###|李琦,张惠妹|###|31|###|baidu
65355043|###|怎样|###|毅光年|###|31|###|baidu
64563278|###|我爱你|###|叶秉桓|###|31|###|baidu
69751789|###|Hey Jude|###|钟伟强,毕夏|###|31|###|baidu
69751908|###|一眼瞬间|###|李琦,林芯仪|###|31|###|baidu
85800595|###|也许在|###|姚贝娜|###|31|###|baidu
64563422|###|无法逃脱|###|张恒远|###|31|###|baidu
87603560|###|真实|###|李琦|###|31|###|baidu
64563221|###|离不开你|###|朱克|###|31|###|baidu
65602367|###|证据|###|刘籽辰|###|31|###|baidu
87602524|###|青春|###|张恒远|###|31|###|baidu
64563458|###|Rolling In The Deep|###|钟伟强|###|31|###|baidu
67528654|###|浮夸|###|梁君诺|###|31|###|baidu
65720858|###|我是真的爱你|###|阚立文,朱克|###|31|###|baidu
65720093|###|悬崖|###|萱萱,崔兰花|###|31|###|baidu
65602376|###|眼泪|###|余俊逸|###|31|###|baidu
85800628|###|谁的眼泪在飞|###|金润吉|###|31|###|baidu
87600618|###|I'm Yours|###|李琦|###|31|###|baidu
65602384|###|三百六十五里路|###|塔斯肯|###|31|###|baidu
65602373|###|睫毛弯弯|###|蘑菇兄弟|###|31|###|baidu
65720849|###|没离开过|###|毅光年,声音乐团|###|31|###|baidu
64578161|###|味道|###|侯磊|###|31|###|baidu
85800632|###|She's Gone|###|赵晗|###|31|###|baidu
87603300|###|自由|###|李琦|###|31|###|baidu
69751667|###|一块红布|###|刘彩星,高扬|###|31|###|baidu
69751417|###|当我想你的时候|###|单冲峰,倪鹏|###|31|###|baidu
87602547|###|生如夏花|###|毕夏|###|31|###|baidu
65354967|###|夜太黑|###|田园|###|31|###|baidu
65720022|###|可爱的一朵玫瑰花|###|塔斯肯|###|31|###|baidu
69751555|###|Stronger|###|崔天琪,田丹|###|31|###|baidu
64563191|###|When A Man Loves A Woman|###|金润吉|###|31|###|baidu
86717893|###|叶子|###|萱萱|###|31|###|baidu
65602379|###|掌纹|###|倪鹏|###|31|###|baidu
87603264|###|如果风不再吹|###|张恒远,汪峰|###|31|###|baidu
65720837|###|自己|###|姚贝娜,林育群|###|31|###|baidu
64578118|###|超级爆|###|张欣奕|###|31|###|baidu
85800625|###|故乡|###|毕夏|###|31|###|baidu
69752027|###|爱什么稀罕|###|刘雅婷,张欣奕|###|31|###|baidu
65602387|###|旅行|###|唐荭菲|###|31|###|baidu
65720080|###|当时的月亮|###|侯磊,丁克森|###|31|###|baidu
85800641|###|我愿意|###|阚立文|###|31|###|baidu
65602371|###|早安晨之美|###|吴木蓝|###|31|###|baidu
67528807|###|爱爱爱爱|###|王洪迪|###|31|###|baidu
87602538|###|咿呦|###|张恒远|###|31|###|baidu
85800523|###|天空|###|孟楠|###|31|###|baidu
85800631|###|重来|###|邓鼓|###|31|###|baidu
65720051|###|一个人跳舞|###|张目,周诗颖|###|31|###|baidu
85800571|###|雪候鸟|###|朱克|###|31|###|baidu
69751180|###|让每个人都心碎|###|桂雨濛,孟楠|###|31|###|baidu
85800590|###|第一滴泪|###|倪鹏|###|31|###|baidu
86717909|###|爱的箴言|###|朱克|###|31|###|baidu
83482519|###|张三的歌|###|蘑菇兄弟|###|31|###|baidu
64563603|###|好胆你就来|###|叶玮庭|###|31|###|baidu
65602386|###|Make You Feel My Love|###|张珈铭|###|31|###|baidu
71385040|###|秋意浓|###|金润吉,非非|###|31|###|baidu
64563128|###|I Wanna Rock|###|刘雅婷|###|31|###|baidu
83483165|###|我曾用心爱着你|###|葛泓语|###|31|###|baidu
85800634|###|懂事|###|侯磊|###|31|###|baidu
64563255|###|Bad Boy|###|丁克森|###|31|###|baidu
86718006|###|白月光|###|孟楠|###|31|###|baidu
69752145|###|跟往事干杯|###|孟鹏,塔斯肯|###|31|###|baidu
85800600|###|I Hate Myself For Loving You|###|刘雅婷|###|31|###|baidu
64578188|###|像个孩子|###|张恒远,汪峰|###|31|###|baidu
85800554|###|魔鬼中的天使|###|崔天琪|###|31|###|baidu
65720845|###|Every Breath You Take|###|田园,唐荭菲|###|31|###|baidu
85800655|###|恒星|###|张恒远|###|31|###|baidu
86717895|###|Dear Friend|###|姚贝娜|###|31|###|baidu
65354738|###|存在|###|单冲峰|###|31|###|baidu
86717871|###|妥协之歌|###|那英,萱萱,朱克,姚贝娜,侯磊|###|31|###|baidu
85800622|###|燕尾蝶|###|张欣奕|###|31|###|baidu
71384938|###|天黑黑|###|邓鼓,余俊逸|###|31|###|baidu
86717868|###|你的微笑|###|侯磊|###|31|###|baidu
69752422|###|温柔|###|姚政,梁君诺|###|31|###|baidu
65355251|###|Mad World|###|崔天琪|###|31|###|baidu
85800636|###|我们的爱|###|毅光年|###|31|###|baidu
87603465|###|龙的传人|###|中国好声音第二季学员|###|31|###|baidu
70639959|###|你在烦恼什么|###|张新,刘籽辰|###|31|###|baidu
65354402|###|跟着感觉走|###|李秋泽|###|31|###|baidu
87603247|###|Melody|###|萱萱|###|31|###|baidu
69752549|###|最炫民族风|###|叶玮庭,李秋泽|###|31|###|baidu
67529019|###|Mercy|###|张目|###|31|###|baidu
85800629|###|夜夜夜夜|###|叶秉桓|###|31|###|baidu
87603221|###|遇见|###|金润吉|###|31|###|baidu
87603545|###|Footprints In The Sand|###|萱萱|###|31|###|baidu
117123119|###|We Are One (Ole Ola)|###|Pitbull,Jennifer Lopez,Claudia Leitte|###|21|###|baidu
120971131|###|Maps|###|Maroon 5|###|21|###|baidu
13844864|###|Call Me Maybe|###|Carly Rae Jepsen|###|21|###|baidu
117190905|###|Let It Go|###|Various Artists,Marsha Milan Londoh,Willemijn Verkaik,Nadezhda Panayotova|###|21|###|baidu
87727779|###|The Fox|###|Ylvis|###|21|###|baidu
14907195|###|Moves Like Jagger|###|Maroon 5,Christina Aguilera|###|21|###|baidu
27867080|###|I Knew You Were Trouble|###|Taylor Swift|###|21|###|baidu
1328527|###|Angel|###|Sarah McLachlan|###|21|###|baidu
87965463|###|Timber|###|Pitbull,Ke$ha|###|21|###|baidu
98834442|###|The Monster|###|Eminem,Rihanna|###|21|###|baidu
119093319|###|Problem|###|Ariana Grande|###|21|###|baidu
116772736|###|Dare (La La La)|###|Shakira|###|21|###|baidu
35595406|###|Counting Stars|###|OneRepublic|###|21|###|baidu
89296194|###|All Of Me|###|John Legend|###|21|###|baidu
7495745|###|Because Of You|###|Kelly Clarkson|###|21|###|baidu
13741177|###|Stronger (What Doesn'T Kill You)|###|Kelly Clarkson|###|21|###|baidu
7775412|###|Numb (Album Version)|###|Linkin Park|###|21|###|baidu
7271730|###|Marry You|###|Bruno Mars|###|21|###|baidu
7386676|###|Baby|###|Justin Bieber|###|21|###|baidu
12308850|###|What Makes You Beautiful|###|One Direction|###|21|###|baidu
33950878|###|We Are Never Ever Getting Back Together|###|Taylor Swift|###|21|###|baidu
103815554|###|Say Something|###|Christina Aguilera|###|21|###|baidu
7292178|###|Give Me Everything|###|Pitbull|###|21|###|baidu
503382|###|Last Christmas|###|Taylor Swift|###|21|###|baidu
2191061|###|Beat It|###|Michael Jackson|###|21|###|baidu
121170861|###|Beautiful Times|###|Owl City|###|21|###|baidu
2914952|###|You Belong With Me|###|Taylor Swift|###|21|###|baidu
40738462|###|Young And Beautiful|###|Lana Del Rey|###|21|###|baidu
119339214|###|Love Never Felt So Good|###|Michael Jackson|###|21|###|baidu
68719308|###|Roar|###|Katy Perry|###|21|###|baidu
34161927|###|Red|###|Taylor Swift|###|21|###|baidu
28078885|###|Take Me to Your Heart|###|Michael Learns To Rock|###|21|###|baidu
119764641|###|La La La|###|Shakira,Carlinhos Brown|###|21|###|baidu
10046825|###|Zombie|###|The Cranberries|###|21|###|baidu
1174472|###|Trouble Is A Friend|###|Lenka|###|21|###|baidu
7380346|###|Right Now (Na Na Na)|###|Akon|###|21|###|baidu
120080154|###|Cry.|###|Mariah Carey|###|21|###|baidu
14919656|###|Good Time|###|Owl City,Carly Rae Jepsen|###|21|###|baidu
14887473|###|As Long As You Love Me|###|Justin Bieber|###|21|###|baidu
10357938|###|Sleep With You|###|Egil Olsen|###|21|###|baidu
585899|###|Tik Tok|###|Ke$ha|###|21|###|baidu
7292180|###|Rain Over Me|###|Pitbull|###|21|###|baidu
1158097|###|My Love|###|Westlife|###|21|###|baidu
65619293|###|Pacific Rim|###|Tom Morello|###|21|###|baidu
10221403|###|The Sound Of Silence|###|Simon & Garfunkel|###|21|###|baidu
7439956|###|Just The Way You Are|###|Bruno Mars|###|21|###|baidu
30853487|###|Just Give Me A Reason|###|P!nk|###|21|###|baidu
119548052|###|Until It's Gone|###|Linkin Park|###|21|###|baidu
2191110|###|You Are Not Alone|###|Michael Jackson|###|21|###|baidu
27847954|###|Diamonds|###|Rihanna|###|21|###|baidu
10071457|###|More Than Words|###|Extreme|###|21|###|baidu
10513647|###|The World As I See It|###|Jason Mraz|###|21|###|baidu
121055296|###|One|###|Ed Sheeran|###|21|###|baidu
1037883|###|Just Dance|###|Lady Gaga|###|21|###|baidu
33947718|###|We Are Young|###|Fun.,Janelle Monáe|###|21|###|baidu
120045968|###|Boom Clap|###|Charli XCX|###|21|###|baidu
119862640|###|Sing|###|Ed Sheeran|###|21|###|baidu
121055313|###|Don't|###|Ed Sheeran|###|21|###|baidu
8059247|###|Apologize|###|OneRepublic|###|21|###|baidu
39246697|###|Here's To Never Growing Up|###|Avril Lavigne|###|21|###|baidu
13005396|###|The Mass|###|Era|###|21|###|baidu
3481571|###|Need You Now|###|Lady Antebellum|###|21|###|baidu
38279791|###|Radioactive|###|Imagine Dragons|###|21|###|baidu
71278366|###|Wrecking Ball|###|Miley Cyrus|###|21|###|baidu
505762|###|Better Together|###|Jack Johnson|###|21|###|baidu
121055301|###|I'm A Mess|###|Ed Sheeran|###|21|###|baidu
31473820|###|When I Was Your Man|###|Bruno Mars|###|21|###|baidu
1038302|###|Poker Face|###|Lady Gaga|###|21|###|baidu
115170952|###|Magic|###|Coldplay|###|21|###|baidu
17517695|###|Rolling In The Deep|###|Kim Yarbrough|###|21|###|baidu
13742706|###|Party Rock Anthem|###|LMFAO|###|21|###|baidu
8517151|###|Yesterday Once More|###|Carpenters|###|21|###|baidu
11283259|###|What Doesn't Kill You (Stronger)|###|Kelly Clarkson|###|21|###|baidu
8532318|###|Bad Romance|###|Lady Gaga|###|21|###|baidu
7180910|###|LOVE YOU LIKE A LOVE SONG|###|Selena Gomez,the Scene|###|21|###|baidu
121055328|###|Nina|###|Ed Sheeran|###|21|###|baidu
7385514|###|Only Girl (In The World)|###|Rihanna|###|21|###|baidu
118048133|###|West Coast|###|Lana Del Rey|###|21|###|baidu
2915027|###|Halo|###|Beyoncé|###|21|###|baidu
119953546|###|Love Someone|###|Jason Mraz|###|21|###|baidu
7775406|###|Faint (Album Version)|###|Linkin Park|###|21|###|baidu
119147030|###|Dar um Jeito (We Will Find A Way）|###|Santana,Wyclef,Avicii,Alexandre Pires|###|21|###|baidu
10261559|###|Song From A Secret Garden|###|Secret Garden|###|21|###|baidu
2583867|###|California Gurls|###|Katy Perry,Snoop Dogg|###|21|###|baidu
120796351|###|Wastelands|###|Linkin Park|###|21|###|baidu
119744558|###|Slave to the Rhythm|###|Michael Jackson|###|21|###|baidu
1090700|###|Just One Last Dance|###|Sarah Connor|###|21|###|baidu
118345006|###|Vida|###|Ricky Martin|###|21|###|baidu
119407051|###|Loving You|###|Michael Jackson|###|21|###|baidu
7308895|###|Iridescent|###|Linkin Park|###|21|###|baidu
14466286|###|Let Her Go|###|Passenger|###|21|###|baidu
7308895|###|Iridescent|###|Linkin Park|###|21|###|baidu
105326963|###|愿得一人心(剧场版)|###|李行亮,雨宗林|###|24|###|baidu
99751993|###|我们好像在哪见过|###|小柯,叶蓓|###|24|###|baidu
46267082|###|时间煮雨|###|郁可唯|###|24|###|baidu
110054446|###|안녕 (再见)|###|孝琳(Sistar)|###|24|###|baidu
44265317|###|寂寞|###|谢容儿|###|24|###|baidu
108033900|###|My Destiny|###|Lyn|###|24|###|baidu
64546611|###|勇敢勇敢|###|黄勇|###|24|###|baidu
33984572|###|稳稳的幸福|###|陈奕迅|###|24|###|baidu
105326962|###|愿得一人心|###|李行亮|###|24|###|baidu
57115532|###|我好想你|###|苏打绿|###|24|###|baidu
40153340|###|致青春|###|王菲|###|24|###|baidu
83590931|###|爱一点|###|王力宏,章子怡|###|24|###|baidu
114944077|###|你家门前 (너의 집 앞)|###|金秀贤|###|24|###|baidu
44799277|###|光阴的故事|###|黄晓明,邓超,佟大为|###|24|###|baidu
72657070|###|月到天心处|###|吉克隽逸|###|24|###|baidu
115127045|###|中国山|###|钟汉良|###|24|###|baidu
105326964|###|过期爱情|###|雨宗林|###|24|###|baidu
10554229|###|存在|###|汪峰|###|24|###|baidu
14950804|###|我的歌声里|###|曲婉婷|###|24|###|baidu
114439016|###|像今天这样的眼泪 (오늘 같은 눈물이)|###|许阁|###|24|###|baidu
43712590|###|唐人|###|孙子涵|###|24|###|baidu
105326965|###|最美的时光|###|韩晶|###|24|###|baidu
114605196|###|你的所有瞬间（너의 모든 순간）|###|成诗京|###|24|###|baidu
99751472|###|以为爱情没有了|###|叶蓓|###|24|###|baidu
28790755|###|你懂得|###|小沈阳,沈春阳|###|24|###|baidu
109688502|###|별에서 온 그대 (来自星星的你)|###|Younha|###|24|###|baidu
38231329|###|送别|###|朴树|###|24|###|baidu
71270919|###|相见不如怀念|###|樊凡|###|24|###|baidu
38548621|###|我爱的你|###|严宽,杜若溪|###|24|###|baidu
35368516|###|伤了心的女人怎么了|###|刘涛|###|24|###|baidu
13125209|###|倩女幽魂|###|张国荣|###|24|###|baidu
99750306|###|为爱相随|###|韩雷,路默依|###|24|###|baidu
115034680|###|幸福的味道|###|王麟,东来东往|###|24|###|baidu
92258441|###|默认|###|王铮亮|###|24|###|baidu
46314676|###|一眼初春|###|孙子涵,Xun,常定晨,小峰峰|###|24|###|baidu
69794804|###|突然心动|###|陈晓东|###|24|###|baidu
33847306|###|为了遇见你|###|戚薇,杨宗纬|###|24|###|baidu
115034509|###|男人真累|###|张嘉洵|###|24|###|baidu
114433056|###|I Love You|###|Just|###|24|###|baidu
108767767|###|像星 (별처럼)|###|K.Will|###|24|###|baidu
8869256|###|那些年|###|胡夏|###|24|###|baidu
44056850|###|潇潇雨未歇|###|周华健,苏慧伦|###|24|###|baidu
116286241|###|太疯癫|###|刘恺威|###|24|###|baidu
59422997|###|热雪|###|魏晨|###|24|###|baidu
91009739|###|爱无反顾|###|姚贝娜|###|24|###|baidu
33942889|###|一个人想着一个人|###|曾沛慈|###|24|###|baidu
86778770|###|天使之泪|###|张翰|###|24|###|baidu
116287276|###|美人笑|###|张俪|###|24|###|baidu
35369850|###|一定要幸福|###|杨幂|###|24|###|baidu
35508826|###|我们不是说好了吗|###|白百何,彭于晏|###|24|###|baidu
23687751|###|真英雄|###|张卫健|###|24|###|baidu
33909501|###|逍遥|###|霍建华|###|24|###|baidu
70431284|###|一朝芳草碧连天|###|曹轩宾|###|24|###|baidu
7319923|###|因为爱情|###|王菲,陈奕迅|###|24|###|baidu
19747138|###|一吻天荒|###|胡歌|###|24|###|baidu
10230112|###|三寸天堂|###|严艺丹|###|24|###|baidu
100077759|###|Story|###|朴信惠|###|24|###|baidu
15265403|###|这样爱了|###|张婧|###|24|###|baidu
64090073|###|残忍的缠绵|###|刘忻|###|24|###|baidu
69302243|###|失恋Style|###|丁丁|###|24|###|baidu
43848239|###|珍惜|###|李宇春|###|24|###|baidu
34234016|###|如果爱老了|###|杨幂,刘恺威|###|24|###|baidu
46315015|###|离殇|###|小5|###|24|###|baidu
33894190|###|不醉|###|黄渤|###|24|###|baidu
43848327|###|心情|###|陈晓,赵丽颖|###|24|###|baidu
115084778|###|Man from Star (Opening Title)（来自星星的男人）|###|韩国原声带|###|24|###|baidu
65363428|###|说书人|###|小沈阳|###|24|###|baidu
34201075|###|了结|###|董贞|###|24|###|baidu
99516331|###|Love Is…|###|朴章贤,박현규|###|24|###|baidu
57155519|###|一首情歌|###|姚笛|###|24|###|baidu
26553425|###|流恋|###|吴奇隆,严艺丹|###|24|###|baidu
44843662|###|蒲公英|###|范玮琪|###|24|###|baidu
116287421|###|闹红尘|###|李立|###|24|###|baidu
33889340|###|如果爱能早些说出来|###|山野|###|24|###|baidu
33895072|###|一生所爱|###|舒淇|###|24|###|baidu
116230179|###|一直都是你|###|何晟铭|###|24|###|baidu
14461852|###|凤凰于飞|###|刘欢|###|24|###|baidu
36187564|###|爱爱爱爱|###|吴莫愁|###|24|###|baidu
65528380|###|前传|###|林子祥|###|24|###|baidu
16593511|###|靠近|###|罗震环|###|24|###|baidu
99748862|###|怪爱太天真|###|大左|###|24|###|baidu
65370176|###|追|###|香香|###|24|###|baidu
28494187|###|刘哈哈与大先生|###|刘心,大鹏|###|24|###|baidu
57156780|###|时间的漩涡|###|任重|###|24|###|baidu
7641462|###|爱情这杯酒谁喝都得醉|###|闫旭|###|24|###|baidu
34595161|###|爱神|###|钟汉良,胡杨林|###|24|###|baidu
35255602|###|燕儿飞|###|宋小宝,王一璠|###|24|###|baidu
40430206|###|这一刻爱吧|###|付辛博|###|24|###|baidu
33909538|###|爱我（女生版）|###|袁姗姗|###|24|###|baidu
31448669|###|十二生肖|###|王力宏|###|24|###|baidu
28831136|###|那丝也有春天|###|大鹏|###|24|###|baidu
10551729|###|等你的季节|###|刘诗诗|###|24|###|baidu
10204540|###|恰似你的温柔|###|蔡琴|###|24|###|baidu
57172758|###|爱与罪|###|黄绮珊|###|24|###|baidu
31448669|###|十二生肖|###|王力宏|###|24|###|baidu
28831136|###|那丝也有春天|###|大鹏|###|24|###|baidu
10551729|###|等你的季节|###|刘诗诗|###|24|###|baidu
10204540|###|恰似你的温柔|###|蔡琴|###|24|###|baidu
57172758|###|爱与罪|###|黄绮珊|###|24|###|baidu
10551724|###|一念执着|###|胡歌,阿兰|###|24|###|baidu
8595804|###|如果爱忘了|###|戚薇|###|24|###|baidu
35585154|###|Canon|###|Melodia.K|###|24|###|baidu
23113928|###|我应该去爱你|###|汪东城|###|24|###|baidu
49215437|###|在天亮前离开|###|孙思怡|###|24|###|baidu
18592550|###|滴答|###|侃侃|###|24|###|baidu
26553711|###|留香|###|吴奇隆|###|24|###|baidu
44682285|###|爱在春天|###|张恺彤|###|24|###|baidu
24019611|###|在我想起来|###|李代沫,吉克隽逸|###|24|###|baidu
33942879|###|发飆(终极王者版)|###|SpeXial|###|24|###|baidu
256126|###|遇见|###|孙燕姿|###|24|###|baidu
44738235|###|爱神爱神在哪里|###|吉杰|###|24|###|baidu
64565542|###|时髦|###|回声乐团|###|24|###|baidu
44676434|###|我和春天有个约会|###|俞灏明|###|24|###|baidu
13894353|###|不是你的错|###|丁当|###|24|###|baidu
33951039|###|梦想前行|###|王乃恩|###|24|###|baidu
16588472|###|爱情闯进门|###|By2|###|24|###|baidu
14966708|###|拥抱你的微笑|###|郭静|###|24|###|baidu
38903351|###|Me&U|###|邓福如|###|24|###|baidu
12511216|###|It Will Rain|###|Bruno Mars|###|24|###|baidu
64534060|###|为了爱|###|刘庭羽,陆昱霖|###|24|###|baidu
31306475|###|年轻就是不一样|###|王洋|###|24|###|baidu
13972125|###|缺口|###|林凡|###|24|###|baidu
10546881|###|我不会喜欢你|###|陈柏霖|###|24|###|baidu
31890969|###|家在远方（新版）|###|许鹤缤|###|24|###|baidu
31150760|###|A Thousand Years|###|Christina Perri,Steve Kazee|###|24|###|baidu
33349969|###|无泪|###|袁姗姗,韩栋|###|24|###|baidu
64379351|###|两颗心一起飞|###|谭耀文,徐申东|###|24|###|baidu
14921515|###|爱情没什么道理|###|戚薇,佟丽娅,高露|###|24|###|baidu
35366876|###|飞机|###|林俊杰,林俊峰|###|24|###|baidu
31890925|###|爱就爱吧|###|路阳阳|###|24|###|baidu
57058327|###|十万毫升泪水|###|蔡健雅|###|24|###|baidu
35266314|###|光|###|动力火车|###|24|###|baidu
71265895|###|女人天下|###|刘庭羽|###|24|###|baidu
33954573|###|小小世界|###|娄艺潇|###|24|###|baidu
615750|###|寂寞寂寞就好|###|田馥甄|###|24|###|baidu
33341939|###|方圆几里|###|薛之谦|###|24|###|baidu
40420695|###|幸福宣言|###|孙楠,罗中旭|###|24|###|baidu
13941298|###|爱情睡醒了|###|袁成杰|###|24|###|baidu
38252651|###|爱情的味道|###|多亮|###|24|###|baidu
42329451|###|太难|###|金池|###|24|###|baidu
38720195|###|我曾经那么接近幸福|###|东来东往|###|24|###|baidu
32623762|###|纯真年代|###|爱朵女孩|###|24|###|baidu
24146746|###|天生爱情狂|###|张智霖|###|24|###|baidu
115034700|###|Mr Lovable|###|刘瑞琦|###|24|###|baidu
14959230|###|这么近那么远|###|张靓颖|###|24|###|baidu
65494401|###|非你不可|###|顾莉雅|###|24|###|baidu
87862162|###|如果真的不再爱我|###|祝兰兰|###|24|###|baidu
35502001|###|北京下起雨|###|蓝燕,莫熙儿|###|24|###|baidu
33909527|###|爱我（男生版）|###|蒲提|###|24|###|baidu
12327480|###|跟你一辈子|###|孙楠,徐千雅|###|24|###|baidu
31150020|###|The Forgotten|###|Green Day|###|24|###|baidu
64378214|###|永恒的童话|###|常石磊|###|24|###|baidu
242926|###|说谎|###|林宥嘉|###|24|###|baidu
31150010|###|Bittersweet|###|Ellie Goulding|###|24|###|baidu
43476032|###|路过爱情|###|梁又琳|###|24|###|baidu
34182175|###|缘与爱|###|周艳泓,文章|###|24|###|baidu
10531685|###|友情岁月|###|郑伊健|###|24|###|baidu
64816555|###|空中恋人|###|林欣彤|###|24|###|baidu
34594798|###|华丽战场|###|李欣汝|###|24|###|baidu
44676444|###|爱神总是敲错门|###|张含韵|###|24|###|baidu
35307469|###|何苦|###|温升豪|###|24|###|baidu
33949666|###|Say Yes|###|李代沫|###|24|###|baidu
33894816|###|保卫地球|###|胡彦斌|###|24|###|baidu
18826688|###|敢问路在何方|###|刀郎|###|24|###|baidu
35162748|###|原来就是你|###|谈莉娜,柴格|###|24|###|baidu
33934608|###|年少无知|###|黄贯中|###|24|###|baidu
12690256|###|诺|###|杨洋,李炜|###|24|###|baidu
13926195|###|匹夫|###|黄晓明|###|24|###|baidu
309114|###|想你的夜|###|关喆|###|24|###|baidu
38716262|###|相爱有时|###|尚雯婕|###|24|###|baidu
18308389|###|没时间后悔|###|陈奂仁|###|24|###|baidu
10546883|###|翅膀|###|林依晨|###|24|###|baidu
29013939|###|纪念日|###|炎亚纶|###|24|###|baidu
36197385|###|原来我是巨蟹座|###|雷诺儿|###|24|###|baidu
38548943|###|再一次说爱你|###|严宽|###|24|###|baidu
27920759|###|可能|###|李霄云|###|24|###|baidu
83485321|###|你的爱是我的命|###|刘庭羽,和汇慧|###|24|###|baidu
205798|###|蓝莲花|###|许巍|###|24|###|baidu
10420354|###|一生守候|###|王若琳|###|24|###|baidu
277161|###|背对背拥抱|###|林俊杰|###|24|###|baidu
23220321|###|张三的歌|###|张悬|###|24|###|baidu
31306484|###|共青团之歌|###|黑鸭子|###|24|###|baidu
10551734|###|雪花红梅|###|龚淑均|###|24|###|baidu
72493448|###|我想和你谈谈|###|刘佳|###|24|###|baidu
65864677|###|男人好难|###|沙宝亮,黄渤|###|23|###|baidu
28790755|###|你懂得|###|小沈阳,沈春阳|###|23|###|baidu
34168107|###|许Sir思密达|###|王麟,老猫|###|23|###|baidu
38548621|###|我爱的你|###|严宽,杜若溪|###|23|###|baidu
35366620|###|黑暗骑士|###|林俊杰,阿信|###|23|###|baidu
33847306|###|为了遇见你|###|戚薇,杨宗纬|###|23|###|baidu
44056850|###|潇潇雨未歇|###|周华健,苏慧伦|###|23|###|baidu
39400550|###|四季|###|庞龙,吴碧霞|###|23|###|baidu
35508826|###|我们不是说好了吗|###|白百何,彭于晏|###|23|###|baidu
14873304|###|唐古拉Dj版|###|王麟,完玛三智|###|23|###|baidu
7319923|###|因为爱情|###|王菲,陈奕迅|###|23|###|baidu
34182409|###|给我你的爱|###|张杰,林宥嘉|###|23|###|baidu
42326725|###|Easy Come Easy Go|###|蔡健雅,MC Hotdog|###|23|###|baidu
34182601|###|一辈子朋友|###|杨坤,张靓颖|###|23|###|baidu
23159920|###|如果没有你|###|郑虹,李代沫|###|23|###|baidu
34234016|###|如果爱老了|###|杨幂,刘恺威|###|23|###|baidu
7524339|###|Forever|###|Lil Wayne,Kanye West,Drake,Eminem|###|23|###|baidu
34595161|###|爱神|###|钟汉良,胡杨林|###|23|###|baidu
35255602|###|燕儿飞|###|宋小宝,王一璠|###|23|###|baidu
13897716|###|敖包再相会|###|乌兰托娅,蒙克|###|23|###|baidu
30922660|###|陪你到终点|###|孙子涵,陆瑶|###|23|###|baidu
35580268|###|卖火柴的小女孩|###|刘美麟|###|23|###|baidu
14739101|###|我们结婚吧|###|金莎,刘佳|###|23|###|baidu
10551724|###|一念执着|###|胡歌,阿兰|###|23|###|baidu
40133705|###|天下没有不散的筵席|###|周晓鸥,谭维维|###|23|###|baidu
14709412|###|放狠爱|###|慕容晓晓,肖玄|###|23|###|baidu
34148645|###|太囧|###|楚博仁,王麟|###|23|###|baidu
31233345|###|我要给你|###|庾澄庆,吴莫愁|###|23|###|baidu
35366880|###|友人说|###|林俊杰,张怀秋|###|23|###|baidu
24019611|###|在我想起来|###|李代沫,吉克隽逸|###|23|###|baidu
36857818|###|舞出我人生|###|平安,金池|###|23|###|baidu
38518700|###|哈你歌|###|庾澄庆,徐熙娣|###|23|###|baidu
18288939|###|你懂的|###|金莎,后弦|###|23|###|baidu
31308604|###|好心好报|###|方力申,邓丽欣|###|23|###|baidu
40876097|###|MR TOP|###|魏晨,DJ小强|###|23|###|baidu
34168629|###|在一起 (合唱版)|###|钟欣潼,胡彦斌|###|23|###|baidu
35366876|###|飞机|###|林俊杰,林俊峰|###|23|###|baidu
40420695|###|幸福宣言|###|孙楠,罗中旭|###|23|###|baidu
41320761|###|遇到你这件幸福小事|###|雪无影,夏毅|###|23|###|baidu
35502001|###|北京下起雨|###|蓝燕,莫熙儿|###|23|###|baidu
5838380|###|兄弟|###|易欣,宇桐非|###|23|###|baidu
12327480|###|跟你一辈子|###|孙楠,徐千雅|###|23|###|baidu
10512511|###|斗地主|###|王麟,安琥|###|23|###|baidu
7678718|###|请安静的忘记我|###|孙子涵,Sara|###|23|###|baidu
38224278|###|城市人间|###|周笔畅,陈珊妮|###|23|###|baidu
34182175|###|缘与爱|###|周艳泓,文章|###|23|###|baidu
35162748|###|原来就是你|###|谈莉娜,柴格|###|23|###|baidu
12690256|###|诺|###|杨洋,李炜|###|23|###|baidu
548696|###|Love The Way You Lie|###|Eminem,Rihanna|###|23|###|baidu
7317902|###|相思风雨中|###|张学友,汤宝如|###|23|###|baidu
16577610|###|爱上你了|###|张柏芝,黄维德|###|23|###|baidu
34469989|###|爱是最美的事情(合唱版)|###|林凡,洪敬尧|###|23|###|baidu
13908309|###|王见王|###|罗志祥,杨丞琳|###|23|###|baidu
31633271|###|一事无成|###|周柏豪,郑融|###|23|###|baidu
13864372|###|缘来|###|王铮亮,潘辰|###|23|###|baidu
10242064|###|画壁|###|孙俪,邓超|###|23|###|baidu
14869006|###|无声情歌|###|辛晓琪,齐秦|###|23|###|baidu
31262819|###|败给你|###|罗志祥|###|23|###|baidu
34181337|###|追风筝的风筝|###|容祖儿,林欣彤|###|23|###|baidu
2131325|###|甲乙丙丁|###|张学友,郑中基,许志安|###|23|###|baidu
14897004|###|过得比我好|###|何炅,邓丽欣|###|23|###|baidu
10650492|###|其实我的心没走|###|周艳泓,黑龙|###|23|###|baidu
14965597|###|手贴手的约定|###|何炅,严艺丹|###|23|###|baidu
10324857|###|势在必行|###|陈势安,Bii|###|23|###|baidu
7321707|###|旗开得胜|###|张学友,张靓颖,K Naan|###|23|###|baidu
13959766|###|远歌|###|黄英,吴彤|###|23|###|baidu
44619526|###|你恨我|###|洪杰,朱紫娆|###|23|###|baidu
10542288|###|我们爱过就好|###|薛之谦,黄龄|###|23|###|baidu
34181224|###|快乐分开凭着爱|###|钟舒漫,洪杰|###|23|###|baidu
10510318|###|你是我心内的一首歌|###|王力宏,任家萱|###|23|###|baidu
18605250|###|铁血丹心|###|罗文,甄妮|###|23|###|baidu
11032643|###|画面|###|梁晓雪,牛奶咖啡|###|23|###|baidu
7350102|###|你最珍贵|###|张学友,高慧君|###|23|###|baidu
35562976|###|爱从心 (合唱版)|###|周丽淇,谢天华|###|23|###|baidu
14002453|###|王者归来|###|孙悦,沙宝亮|###|23|###|baidu
18220170|###|恋爱达人|###|罗志祥,徐熙娣|###|23|###|baidu
13875720|###|天天情人节|###|武艺,付梦妮|###|23|###|baidu
296453|###|你还欠我一个拥抱|###|后弦,Sara|###|23|###|baidu
31333571|###|FOOL|###|吉杰,黄夕倍|###|23|###|baidu
1329239|###|小酒窝|###|林俊杰,蔡卓妍|###|23|###|baidu
612148|###|让我为你唱首歌|###|俞灏明,魏晨,朱梓骁,张翰|###|23|###|baidu
13914955|###|不败|###|吴建豪,2pm俊昊|###|23|###|baidu
41957794|###|细味|###|洪卓立,钟欣潼|###|23|###|baidu
13748241|###|最情歌|###|黑龙,汤晓菲|###|23|###|baidu
5050151|###|想你的笑|###|田亮,叶一茜|###|23|###|baidu
15314728|###|暖|###|伦永亮,林忆莲|###|23|###|baidu
14921866|###|沧海遗珠|###|刘浩龙,谢安琪|###|23|###|baidu
8865658|###|又是艳阳天|###|郭静,韦礼安|###|23|###|baidu
5842193|###|自己人|###|屠洪刚,那英|###|23|###|baidu
715402|###|满满|###|王铮亮,梁文音|###|23|###|baidu
615860|###|给小孩|###|田馥甄,林宥嘉|###|23|###|baidu
7320150|###|爱情电影|###|熊天平,许茹芸|###|23|###|baidu
5050151|###|想你的笑|###|田亮,叶一茜|###|23|###|baidu
15314728|###|暖|###|伦永亮,林忆莲|###|23|###|baidu
14921866|###|沧海遗珠|###|刘浩龙,谢安琪|###|23|###|baidu
8865658|###|又是艳阳天|###|郭静,韦礼安|###|23|###|baidu
5842193|###|自己人|###|屠洪刚,那英|###|23|###|baidu
715402|###|满满|###|王铮亮,梁文音|###|23|###|baidu
615860|###|给小孩|###|田馥甄,林宥嘉|###|23|###|baidu
7320150|###|爱情电影|###|熊天平,许茹芸|###|23|###|baidu
5838815|###|怎么开始忘了|###|林隆璇,张芸京|###|23|###|baidu
2456893|###|暖暖手|###|郭书瑶,井柏然|###|23|###|baidu
7282784|###|理智与感情|###|陈柏宇|###|23|###|baidu
2078148|###|兄弟|###|刘德华,陈奕迅|###|23|###|baidu
18603563|###|美丽的神话|###|孙楠,韩红|###|23|###|baidu
7334034|###|快乐崇拜|###|潘玮柏,张韶涵|###|23|###|baidu
7280093|###|广岛之恋|###|莫文蔚,张洪量|###|23|###|baidu
1377108|###|思念是一种病|###|张震岳|###|23|###|baidu
23013604|###|今天你要嫁给我|###|蔡依林,陶喆|###|23|###|baidu
7328274|###|制造浪漫|###|郑中基,陈慧琳|###|23|###|baidu
9919296|###|Beauty And The Beast|###|Céline Dion,Peabo Bryson|###|23|###|baidu
12426179|###|我就是喜欢这样|###|任贤齐,丁当|###|23|###|baidu
2475593|###|国家|###|刘媛媛,成龙|###|23|###|baidu
358107|###|爱的主旋律|###|卓文萱,小鬼|###|23|###|baidu
7318424|###|一家一|###|梁静茹,张智成|###|23|###|baidu
7319588|###|苦口良药|###|许志安,陈慧珊|###|23|###|baidu
7320222|###|恋爱频率|###|许志安,许慧欣|###|23|###|baidu
7341441|###|只有情永在|###|张学友,邝美云|###|23|###|baidu
12272630|###|陪我好不好|###|陈佳薪,张智成|###|23|###|baidu
7316933|###|我不够爱你|###|刘德华,陈慧琳|###|23|###|baidu
519660|###|一步一步爱|###|郑秀文,陈奂仁|###|23|###|baidu
7303870|###|复刻回忆|###|方大同,薛凯琪|###|23|###|baidu
7989267|###|Start Of Something New|###|Gabriella,Troy|###|23|###|baidu
14942955|###|Fabulous|###|Ryan,Sharpay|###|23|###|baidu
7319920|###|乐园|###|陈奕迅,黄韵玲|###|23|###|baidu
2495024|###|一直都在|###|林峯,蔡卓妍|###|23|###|baidu
7327116|###|北极雪|###|陈慧琳,冯德伦|###|23|###|baidu
18636161|###|广岛之恋|###|张洪量|###|23|###|baidu
7316657|###|停不了的爱|###|彭健新,雷安娜|###|23|###|baidu
10736462|###|屋顶|###|吴宗宪,温岚|###|23|###|baidu
7316907|###|意犹未尽|###|苏永康,李彩桦|###|23|###|baidu
7319267|###|人在旅途洒泪时|###|关正杰,雷安娜|###|23|###|baidu
7350483|###|我想更懂你|###|潘玮柏,苏芮|###|23|###|baidu
7313822|###|秋意中等我|###|刘德华,吴婉芳|###|23|###|baidu
240083|###|私奔到月球|###|五月天,陈绮贞|###|23|###|baidu
2108874|###|梁山伯与朱丽叶|###|卓文萱,曹格|###|23|###|baidu
2494849|###|最后一眼|###|炎亚纶.Olivia|###|23|###|baidu
5966685|###|最后一眼|###|炎亚纶,Olivia Ong|###|23|###|baidu
18644961|###|相约到永久|###|刘德华,关之琳|###|23|###|baidu
7317538|###|流言|###|周慧敏,林隆璇|###|23|###|baidu
7280968|###|让我爱你|###|周渝民,徐熙媛|###|23|###|baidu
10736353|###|Pk|###|梁静茹,曹格|###|23|###|baidu
2108960|###|当爱已成往事|###|林忆莲,李宗盛|###|23|###|baidu
1204469|###|死性不改|###|Twins,boy'z|###|23|###|baidu
243056|###|老爹|###|迪克牛仔,弦子|###|23|###|baidu
290208|###|过河|###|潘长江,刘春梅|###|23|###|baidu
1354253|###|谢谢你的温柔|###|S.H.E,飞轮海|###|23|###|baidu
7341599|###|左右为难|###|郑中基,张学友|###|23|###|baidu
7351457|###|Up Where We Belong|###|Jennifer Warnes,Joe Cocker|###|23|###|baidu
427153|###|男人女人|###|许茹芸,阿穆隆|###|23|###|baidu
2085704|###|心愿便利贴|###|元若蓝,吴忠明|###|23|###|baidu
7312697|###|情未了|###|周慧敏,黄凯芹|###|23|###|baidu
405691|###|千言万语|###|彭佳慧,齐秦|###|23|###|baidu
275129|###|我们的小世界|###|彭坦,春晓|###|23|###|baidu
10736422|###|另一个天堂|###|王力宏,张靓颖|###|23|###|baidu
2120844|###|外滩十八号|###|袁成杰,戚薇|###|23|###|baidu
7318960|###|俩忘烟水里|###|关正杰,关菊英|###|23|###|baidu
1079594|###|只对你有感觉|###|飞轮海,田馥甄|###|23|###|baidu
435253|###|Wow|###|罗志祥,萧亚轩|###|23|###|baidu
7280027|###|屋顶|###|周杰伦,温岚|###|23|###|baidu
5449323|###|爱是你我|###|云朵,刀郎,王翰仪|###|23|###|baidu
8807961|###|Beauty And The Beast|###|CéLine Dion & Peabo Bryson|###|23|###|baidu
7273712|###|让我爱你|###|Vic Chou And Xi-Yuan Xu|###|23|###|baidu
5835850|###|分手的恋爱|###|胡灵,苏醒|###|23|###|baidu
13587353|###|彩虹的尽头|###|何润东,宋佳|###|23|###|baidu
1385754|###|一事无成 - 郑融/周柏豪|###|郑融|###|23|###|baidu
1268254|###|发现爱|###|林俊杰,金莎|###|23|###|baidu
17610009|###|心愿便利贴|###|吴忠明|###|23|###|baidu
815835|###|恋爱频率（清晰版）|###|许慧欣|###|23|###|baidu
1151081|###|So Far Away(新歌)|###|张智成|###|23|###|baidu
15950983|###|水晶|###|任贤齐,徐怀钰|###|23|###|baidu
7280042|###|心动心痛|###|刘畊宏|###|23|###|baidu
2109803|###|爱情到底是什么|###|张清芳,范怡文|###|23|###|baidu
2049308|###|盼与寄|###|蔡琴,潘安邦|###|23|###|baidu
2109860|###|有些话不敢当面告诉你|###|蔡幸娟,彭伟华|###|23|###|baidu
14910652|###|水车|###|李碧华,罗吉镇|###|23|###|baidu
2088229|###|天生注定|###|任贤齐,杨千嬅|###|23|###|baidu
322341|###|夫妻脸|###|彭佳慧,游鸿明|###|23|###|baidu
371605|###|童梦|###|光良,卫兰|###|23|###|baidu
1440673|###|光辉岁月|###|迪克牛仔,杨培安|###|23|###|baidu
23314256|###|恋爱要开心|###|谢天华|###|23|###|baidu
120022293|###|多情的月光|###|正月十五|###|25|###|baidu
113333032|###|倍儿爽 (官方正式版)|###|大张伟|###|25|###|baidu
97440993|###|小伙伴们都惊呆了|###|王麟|###|25|###|baidu
31336224|###|等你等了那么久|###|祁隆,乐凡|###|25|###|baidu
44265317|###|寂寞|###|谢容儿|###|25|###|baidu
64546611|###|勇敢勇敢|###|黄勇|###|25|###|baidu
34240081|###|又见山里红|###|祁隆|###|25|###|baidu
84761288|###|张灯结彩|###|皆大欢喜|###|25|###|baidu
33976800|###|开门大吉|###|凤凰传奇|###|25|###|baidu
114749881|###|盛开|###|玖月奇迹|###|25|###|baidu
31074496|###|闹够了没有|###|赖伟锋|###|25|###|baidu
89437121|###|大声说我爱你|###|小山|###|25|###|baidu
13869172|###|兄弟抱一下|###|庞龙|###|25|###|baidu
65494897|###|山风一样自由|###|阿鲁阿卓|###|25|###|baidu
33896247|###|越热闹越孤单|###|许诺|###|25|###|baidu
16607693|###|错过了缘分错过你|###|冷漠,何龙雨|###|25|###|baidu
31895305|###|女人不是妖|###|司徒兰芳|###|25|###|baidu
32996745|###|DJ万万岁|###|王绎龙|###|25|###|baidu
34168107|###|许Sir思密达|###|王麟,老猫|###|25|###|baidu
14865165|###|卓玛|###|降央卓玛|###|25|###|baidu
57146432|###|相爱多么难得|###|孙子涵,李潇潇|###|25|###|baidu
38422697|###|好了伤疤忘了疼|###|大庆小芳|###|25|###|baidu
14902630|###|不再联系|###|夏天Alex|###|25|###|baidu
14900464|###|好男人都死哪儿去了|###|崔子格|###|25|###|baidu
31336164|###|找一个相爱的理由|###|晨熙,艾歌|###|25|###|baidu
13902676|###|你把爱情给了谁|###|龙梅子|###|25|###|baidu
38291366|###|会不会|###|本兮|###|25|###|baidu
10509017|###|我爱你胜过你爱我|###|冷漠,杨小曼|###|25|###|baidu
46314676|###|一眼初春|###|孙子涵,Xun,常定晨,小峰峰|###|25|###|baidu
34593850|###|天空之城|###|郭燕|###|25|###|baidu
34585238|###|你抱着我哭|###|高安|###|25|###|baidu
10518153|###|套马杆|###|乌兰图雅|###|25|###|baidu
39389671|###|爱与妒忌|###|阿悄|###|25|###|baidu
39398124|###|哥已经爱上你啦|###|老猫|###|25|###|baidu
43700685|###|小烦恼没什么大不了|###|许嵩|###|25|###|baidu
31213867|###|新年更加要努力|###|龙梅子,杨德朗|###|25|###|baidu
35269260|###|天下的姐妹|###|徐千雅,凤凰传奇|###|25|###|baidu
35510751|###|落花情|###|七朵组合|###|25|###|baidu
28788749|###|战争世界|###|黑白|###|25|###|baidu
14860144|###|芊芊|###|回音哥|###|25|###|baidu
38766566|###|最痛的人|###|安东阳|###|25|###|baidu
33908824|###|完美女人|###|陈瑞|###|25|###|baidu
14915524|###|哥有老婆|###|纪晓斌|###|25|###|baidu
13912178|###|红山果|###|安与骑兵|###|25|###|baidu
39400550|###|四季|###|庞龙,吴碧霞|###|25|###|baidu
44066717|###|倔强|###|云朵|###|25|###|baidu
44900318|###|我的小宝气|###|沈丹丹,郑源|###|25|###|baidu
14873304|###|唐古拉Dj版|###|王麟,完玛三智|###|25|###|baidu
14881420|###|不再联系|###|程响|###|25|###|baidu
44279266|###|此用户下落不明|###|王熹蛮|###|25|###|baidu
31336096|###|抽身|###|冷漠,王雅洁|###|25|###|baidu
14948305|###|菊花爆满山|###|马博|###|25|###|baidu
13931974|###|老公让我为你捶捶背|###|崔子格,老猫|###|25|###|baidu
41376278|###|微信惹的祸|###|张可儿|###|25|###|baidu
6419060|###|伤心城市|###|冷漠|###|25|###|baidu
5990617|###|爱情专属权|###|龙梅子,老猫|###|25|###|baidu
35369545|###|我知道你也很想念|###|后弦|###|25|###|baidu
31686245|###|爱火|###|蓝琪儿|###|25|###|baidu
33868444|###|感动天感动地|###|宇桐非|###|25|###|baidu
31094537|###|元芳 你怎么看|###|冷漠,赵小兵|###|25|###|baidu
33858815|###|我不是江南Style|###|妞妞（好声音学员）|###|25|###|baidu
10502800|###|这条街|###|云菲菲,冷漠|###|25|###|baidu
35208394|###|羞答答的姑娘我爱你|###|李贵府|###|25|###|baidu
34148591|###|没死掉就很好|###|单色凌|###|25|###|baidu
45850329|###|爱要大声说出来|###|樊桐舟|###|25|###|baidu
5071402|###|我的好兄弟|###|高进,小沈阳|###|25|###|baidu
35510758|###|姑娘我铁了心跟着你啦|###|龙猫组合|###|25|###|baidu
33889340|###|如果爱能早些说出来|###|山野|###|25|###|baidu
44061826|###|这又何必|###|许佳慧|###|25|###|baidu
44308650|###|一块红布|###|刘明辉|###|25|###|baidu
12313247|###|天籁之爱|###|容中尔甲,旺姆|###|25|###|baidu
13616176|###|幸福的两个人|###|杨梓,陈雅森|###|25|###|baidu
31459468|###|小白脸|###|谢容儿,侯皓中|###|25|###|baidu
7641462|###|爱情这杯酒谁喝都得醉|###|闫旭|###|25|###|baidu
14958288|###|谁是我的郎|###|杨梓|###|25|###|baidu
39385087|###|你还爱我吗|###|Sara|###|25|###|baidu
16564582|###|当我唱起这首歌|###|星弟,小贱|###|25|###|baidu
14931099|###|哥妹情缘|###|格格,高安|###|25|###|baidu
416940|###|包容|###|郑源|###|25|###|baidu
34168291|###|白蛇爱情物语|###|金莎|###|25|###|baidu
30922660|###|陪你到终点|###|孙子涵,陆瑶|###|25|###|baidu
42409050|###|致我们终将逝去的青春|###|赵英俊|###|25|###|baidu
57158142|###|如果你不再爱了|###|罗中旭|###|25|###|baidu
33039639|###|恶人|###|孙子涵,Xun|###|25|###|baidu
30854727|###|老公亲亲我的嘴|###|刘羽|###|25|###|baidu
44062760|###|爱情shalala|###|米娜|###|25|###|baidu
10501897|###|伤心城市|###|云菲菲|###|25|###|baidu
32283117|###|天籁之爱|###|旺姆|###|25|###|baidu
31075595|###|课桌上的青春|###|Xun|###|25|###|baidu
34149019|###|金箍棒|###|龚琳娜|###|25|###|baidu
31252035|###|为梦想领跑|###|容中尔甲|###|25|###|baidu
38229802|###|爱爱爱|###|颜小健|###|25|###|baidu
14892486|###|很有味道|###|格格|###|25|###|baidu
35115943|###|厨师之歌|###|李志洲|###|25|###|baidu
14881288|###|小妹听我说|###|金久哲|###|25|###|baidu
14709412|###|放狠爱|###|慕容晓晓,肖玄|###|25|###|baidu
34148645|###|太囧|###|楚博仁,王麟|###|25|###|baidu
20721392|###|贼拉拉的爱你|###|谢丹|###|25|###|baidu
33942189|###|春树秋霜|###|邓佳坤|###|25|###|baidu
33942189|###|春树秋霜|###|邓佳坤|###|25|###|baidu
14969770|###|英雄联盟|###|乱感觉|###|25|###|baidu
12949082|###|多喜欢你|###|小贱|###|25|###|baidu
10155565|###|邻妹妹爱上假宝玉|###|周艳泓|###|25|###|baidu
43704294|###|Gwiyomi song|###|Hari|###|25|###|baidu
14879681|###|错位节拍|###|单色凌,何艺纱|###|25|###|baidu
10324502|###|迷茫的爱|###|郭玲|###|25|###|baidu
1305732|###|心碎|###|易欣|###|25|###|baidu
538052|###|爱情买卖|###|慕容晓晓|###|25|###|baidu
38904688|###|钱|###|阿权|###|25|###|baidu
23526816|###|浅浅的笑|###|夏后|###|25|###|baidu
12524878|###|傻傻的爱傻傻等待|###|贺一航|###|25|###|baidu
41320761|###|遇到你这件幸福小事|###|雪无影,夏毅|###|25|###|baidu
34540250|###|开学恐惧症|###|高姗|###|25|###|baidu
10481970|###|爱情红绿灯|###|徐一鸣|###|25|###|baidu
31336071|###|梦断楼兰|###|何龙雨,程欣|###|25|###|baidu
10512511|###|斗地主|###|王麟,安琥|###|25|###|baidu
33907634|###|永巷人|###|印子月|###|25|###|baidu
31336195|###|哥哥妹妹要安慰|###|何龙雨,孙语|###|25|###|baidu
5562452|###|闯码头|###|大哲|###|25|###|baidu
36197385|###|原来我是巨蟹座|###|雷诺儿|###|25|###|baidu
10650147|###|小花|###|百慕三石|###|25|###|baidu
33040155|###|傻子疯子和白痴|###|孙子涵,赖伟锋|###|25|###|baidu
34154887|###|嫦娥|###|徐子崴|###|25|###|baidu
34768171|###|心跳|###|杨谨|###|25|###|baidu
34587643|###|Boom Bi Boom|###|S翼乐团|###|25|###|baidu
31863123|###|几人游|###|单小源|###|25|###|baidu
15367373|###|不要让我知道|###|石梅|###|25|###|baidu
31429371|###|小妹儿|###|高旭|###|25|###|baidu
44060851|###|别把爱情当游戏|###|暴林|###|25|###|baidu
15371559|###|超有爱|###|王麟,楚博仁,蓝雨,饶天亮|###|25|###|baidu
31328153|###|阿弥陀佛|###|曲泉丞|###|25|###|baidu
10325085|###|预谋|###|代理仁|###|25|###|baidu
31169887|###|爱一刀两断|###|程欣|###|25|###|baidu
23207557|###|小恋曲（DJ版）|###|徐良|###|25|###|baidu
8857846|###|寸草心|###|东方传奇|###|25|###|baidu
44899775|###|吃醋|###|沈丹丹|###|25|###|baidu
31336088|###|一个人哭泣|###|黄勇深,徐艺莹|###|25|###|baidu
13913964|###|爱情小镇|###|赵真|###|25|###|baidu
31336135|###|放手|###|何龙雨,傅潇莹|###|25|###|baidu
13890316|###|爱情剧终|###|婧|###|25|###|baidu
14881596|###|有一种爱叫做无奈|###|廖名扬|###|25|###|baidu
44279277|###|你弄丢了我|###|Xun,王熹蛮|###|25|###|baidu
31336122|###|对对对|###|何龙雨,孙语诺|###|25|###|baidu
265436|###|心痛2009|###|欢子|###|25|###|baidu
653166|###|最幸福的人|###|曾春年|###|25|###|baidu
44279690|###|和回忆生活|###|胜屿|###|25|###|baidu
34191672|###|朋友干了这杯酒|###|红月|###|25|###|baidu
31073692|###|爱不爱都铭心刻骨|###|王新什|###|25|###|baidu
33907620|###|千年寒冰|###|胡艾彤|###|25|###|baidu
31336112|###|射手座|###|龙奔,王寓凌|###|25|###|baidu
31336211|###|小三终结版|###|豆子民,攸浟|###|25|###|baidu
31336219|###|下辈子依然爱你|###|欣哲,张小宝|###|25|###|baidu
31075965|###|卖萌症|###|小峰峰|###|25|###|baidu
521796|###|猜|###|斯琴高丽,顾峰|###|25|###|baidu
292605|###|一定要爱你|###|田一龙|###|25|###|baidu
36844638|###|爱吃爱喝爱生活|###|张雷,冷漠|###|25|###|baidu
23529598|###|宝贝你最美|###|赵小南|###|25|###|baidu
5842409|###|相爱的泪水|###|胡杨林,阿杜|###|25|###|baidu
34191984|###|朋友的歌|###|黑龙|###|25|###|baidu
38723982|###|御姐控|###|王媛渊|###|25|###|baidu
31582277|###|相信明天|###|能量兄弟|###|25|###|baidu
241902|###|自从遇见你|###|吕雯|###|25|###|baidu
33907644|###|归还|###|冷子夕|###|25|###|baidu
44279307|###|光速逆行的少年|###|王熹蛮,赖伟锋|###|25|###|baidu
13748241|###|最情歌|###|黑龙,汤晓菲|###|25|###|baidu
893349|###|不了了之|###|冰淇|###|25|###|baidu
340550|###|明明说好不哭|###|何曼婷|###|25|###|baidu
9308639|###|陪我去宇宙|###|郑国锋|###|25|###|baidu
29413352|###|投食歌|###|罗天依|###|25|###|baidu
35210307|###|最美丽的萨日朗|###|吴紫涵|###|25|###|baidu
31245067|###|我有病你有药吗|###|刘旗|###|25|###|baidu
31336190|###|我们的小恋曲|###|杨勇,张莉娜|###|25|###|baidu
33940471|###|带你去旅行|###|亦勋,夏后|###|25|###|baidu
2341662|###|卑微的承诺|###|乔洋|###|25|###|baidu
38571717|###|没有如果的如果|###|小蜜,赫赫|###|25|###|baidu
33907626|###|陌陌|###|谭炜星|###|25|###|baidu
30931253|###|戒不掉你的吻|###|李亮超|###|25|###|baidu
31075635|###|不用谢谢我|###|常定晨|###|25|###|baidu
36842940|###|请你接受我的爱|###|云菲菲,张雷|###|25|###|baidu
40113258|###|老姑娘DJ|###|陈幸子,于金胜|###|25|###|baidu
233869|###|丢了幸福的猪|###|姜玉阳|###|25|###|baidu
23365636|###|错是你痛是我|###|小多|###|25|###|baidu
34195117|###|健康来了|###|阿悄,宋孟君|###|25|###|baidu
39098025|###|你摊上事了DJ|###|张雷|###|25|###|baidu
40112178|###|你最牛|###|何龙雨|###|25|###|baidu
35279829|###|没有结局的结局|###|王熹蛮,群可|###|25|###|baidu
23480332|###|爱过就值得|###|汤晓菲|###|25|###|baidu
1356467|###|等一分钟|###|徐誉滕|###|25|###|baidu
13586870|###|姐妹日|###|夏后,阿悄|###|25|###|baidu
34191783|###|禁欲先生|###|赵照|###|25|###|baidu
31690991|###|如果你不爱|###|帅霖|###|25|###|baidu
8464812|###|就等你来爱|###|马力,常艾非|###|25|###|baidu
3451128|###|傻瓜爱上天使|###|kent王健|###|25|###|baidu
31251243|###|请不要寂寞说爱我|###|王旭|###|25|###|baidu
44278799|###|没什么，只是有些话|###|陈零九|###|25|###|baidu
35400169|###|剪断爱松开手|###|樊少华|###|25|###|baidu
33448467|###|刺|###|星弟|###|25|###|baidu
13139680|###|我可以抱你吗|###|张惠妹|###|22|###|baidu
10233440|###|月亮惹的祸|###|张宇|###|22|###|baidu
623748|###|红豆|###|王菲|###|22|###|baidu
7333126|###|我只在乎你|###|邓丽君|###|22|###|baidu
7300733|###|大海|###|张雨生|###|22|###|baidu
263324|###|心会跟爱一起走|###|郭峰,陈洁仪|###|22|###|baidu
1006104|###|男人哭吧不是罪|###|刘德华|###|22|###|baidu
1262598|###|千千阙歌|###|陈慧娴|###|22|###|baidu
964297|###|朋友别哭|###|吕方|###|22|###|baidu
13125209|###|倩女幽魂|###|张国荣|###|22|###|baidu
15925730|###|Lemon Tree|###|苏慧伦|###|22|###|baidu
250890|###|牵手|###|苏芮|###|22|###|baidu
244200|###|红日|###|李克勤|###|22|###|baidu
1075592|###|至少还有你|###|林忆莲|###|22|###|baidu
1057968|###|一场游戏一场梦|###|王杰|###|22|###|baidu
826361|###|女人花|###|梅艳芳|###|22|###|baidu
1008491|###|鲁冰花|###|甄妮|###|22|###|baidu
1015305|###|胆小鬼|###|梁咏琪|###|22|###|baidu
233257|###|把悲伤留给自己|###|陈升|###|22|###|baidu
1481912|###|同桌的你|###|老狼|###|22|###|baidu
233822|###|勇气|###|梁静茹|###|22|###|baidu
2121730|###|心雨|###|杨钰莹,毛宁|###|22|###|baidu
704234|###|我是一只小小鸟|###|赵传|###|22|###|baidu
265898|###|吻别|###|张学友|###|22|###|baidu
2067206|###|再回首|###|姜育恒|###|22|###|baidu
235517|###|阴天|###|莫文蔚|###|22|###|baidu
258892|###|童年|###|罗大佑|###|22|###|baidu
1017566|###|最熟悉的陌生人|###|萧亚轩|###|22|###|baidu
10240852|###|偏偏喜欢你|###|陈百强|###|22|###|baidu
7277793|###|单身情歌|###|林志炫|###|22|###|baidu
790142|###|后来|###|刘若英|###|22|###|baidu
265564|###|相信自己|###|零点乐队|###|22|###|baidu
1277888|###|黄昏|###|周传雄|###|22|###|baidu
351466|###|爱|###|小虎队|###|22|###|baidu
472686|###|花心|###|周华健|###|22|###|baidu
1217294|###|Super Star|###|S.H.E|###|22|###|baidu
1487492|###|白天不懂夜的黑|###|那英|###|22|###|baidu
2110700|###|突然的自我|###|伍佰|###|22|###|baidu
236497|###|那些花儿|###|朴树|###|22|###|baidu
2603459|###|上海滩|###|叶丽仪|###|22|###|baidu
907397|###|追梦人|###|凤飞飞|###|22|###|baidu
844678|###|笑红尘|###|陈淑桦|###|22|###|baidu
7330118|###|讲不出再见|###|谭咏麟|###|22|###|baidu
7343021|###|外面的世界|###|齐秦|###|22|###|baidu
921917|###|笨小孩|###|刘德华,柯受良,吴宗宪|###|22|###|baidu
1069535|###|风中有朵雨做的云|###|孟庭苇|###|22|###|baidu
2131176|###|你最珍贵|###|张学友,高慧君|###|22|###|baidu
613103|###|爱如潮水|###|张信哲|###|22|###|baidu
1066652|###|独角戏|###|许茹芸|###|22|###|baidu
225624|###|下沙|###|游鸿明|###|22|###|baidu
7316935|###|龙卷风|###|周杰伦|###|22|###|baidu
254515|###|领悟|###|辛晓琪|###|22|###|baidu
292712|###|无所谓|###|杨坤|###|22|###|baidu
2057808|###|千年等一回|###|高胜美|###|22|###|baidu
5957079|###|滚滚红尘|###|罗大佑,陈淑桦|###|22|###|baidu
1145695|###|萍聚|###|李翊君,孙建平|###|22|###|baidu
2121739|###|轻轻的告诉你|###|杨钰莹|###|22|###|baidu
228209|###|凡人歌|###|李宗盛|###|22|###|baidu
2122562|###|情非得已|###|庾澄庆|###|22|###|baidu
1533430|###|美人吟|###|李玲玉|###|22|###|baidu
222321|###|太委屈|###|陶晶莹|###|22|###|baidu
18393790|###|只要有你|###|那英,孙楠|###|22|###|baidu
393278|###|祝你一路顺风|###|吴奇隆|###|22|###|baidu
1279073|###|九佰九拾九朵玫瑰|###|邰正宵|###|22|###|baidu
462728|###|那就这样吧|###|动力火车|###|22|###|baidu
7317902|###|相思风雨中|###|张学友,汤宝如|###|22|###|baidu
285075|###|你怎么舍得我难过|###|黄品源|###|22|###|baidu
295363|###|有一点动心|###|张信哲,刘嘉玲|###|22|###|baidu
312870|###|当爱已成往事|###|林忆莲,李宗盛|###|22|###|baidu
331525|###|有多少爱可以重来|###|迪克牛仔|###|22|###|baidu
467736|###|我是不是该安静的走开|###|郭富城|###|22|###|baidu
2091717|###|拯救|###|孙楠|###|22|###|baidu
209713|###|沧海一声笑|###|任贤齐|###|22|###|baidu
1181294|###|特别的爱给特别的你|###|伍思凯|###|22|###|baidu
209625|###|十七岁的雨季|###|林志颖|###|22|###|baidu
213508|###|阳光总在风雨后|###|许美静|###|22|###|baidu
13805382|###|铁血丹心|###|罗文,甄妮|###|22|###|baidu
1256252|###|潇洒走一回|###|叶倩文|###|22|###|baidu
7317587|###|爱我的人和我爱的人|###|裘海正|###|22|###|baidu
1017254|###|想你的365天|###|李玟|###|22|###|baidu
453793|###|其实你不懂我的心|###|童安格|###|22|###|baidu
1741234|###|感恩的心|###|欧阳菲菲|###|22|###|baidu
1549581|###|舞女泪|###|韩宝仪|###|22|###|baidu
1331259|###|爱一个人好难|###|苏永康|###|22|###|baidu
259218|###|暗香|###|沙宝亮|###|22|###|baidu
1010926|###|想把我唱给你听|###|老狼,小柯,曹芳,王筝|###|22|###|baidu
228339|###|记事本|###|陈慧琳|###|22|###|baidu
235635|###|真心英雄|###|成龙,周华健,黄耀明,李宗盛|###|22|###|baidu
629394|###|踏浪|###|徐怀钰|###|22|###|baidu
10204540|###|恰似你的温柔|###|蔡琴|###|22|###|baidu
1062328|###|选择|###|林子祥,叶倩文|###|22|###|baidu
1045880|###|执着|###|田震|###|22|###|baidu
2049968|###|失恋阵线联盟|###|草蜢|###|22|###|baidu
5956126|###|懂你|###|满文军|###|22|###|baidu
682362|###|渴望|###|毛阿敏|###|22|###|baidu
18425206|###|涛声依旧|###|毛宁|###|22|###|baidu
1063063|###|我期待|###|张雨生,陶晶莹|###|22|###|baidu
220801|###|最美|###|羽泉|###|22|###|baidu
7280027|###|屋顶|###|周杰伦,温岚|###|22|###|baidu
302268|###|梦驼铃|###|费玉清|###|22|###|baidu
10554229|###|存在|###|汪峰|###|11|###|baidu
877578|###|海阔天空|###|Beyond|###|11|###|baidu
205798|###|蓝莲花|###|许巍|###|11|###|baidu
265564|###|相信自己|###|零点乐队|###|11|###|baidu
391713|###|海阔天空|###|信乐团|###|11|###|baidu
5409496|###|追梦赤子心|###|GALA|###|11|###|baidu
1686649|###|知足|###|五月天|###|11|###|baidu
1052509|###|We Will Rock You|###|Queen|###|11|###|baidu
2685932|###|Yellow|###|Coldplay|###|11|###|baidu
7934860|###|New Divide|###|Linkin Park|###|11|###|baidu
3458687|###|Better Man|###|Robbie Williams|###|11|###|baidu
424385|###|假行僧|###|崔健|###|11|###|baidu
7455226|###|Girlfriend|###|Avril Lavigne|###|11|###|baidu
461995|###|Never Say Goodbye|###|Bon Jovi|###|11|###|baidu
33054063|###|春风 (Piano Rock Version)|###|查可欣|###|11|###|baidu
2156315|###|Never Grow Old|###|The Cranberries|###|11|###|baidu
35121586|###|与声音跳舞|###|谢天笑|###|11|###|baidu
14972374|###|We Will Rock You|###|Paul Rodgers,Queen|###|11|###|baidu
33467253|###|玛卡瑞纳|###|海龟先生|###|11|###|baidu
9079817|###|Wonderwall|###|Oasis|###|11|###|baidu
33890277|###|让世界为你转身|###|张玮|###|11|###|baidu
2816618|###|Creep|###|Radiohead|###|11|###|baidu
306301|###|孤独的人是可耻的|###|张楚|###|11|###|baidu
487578|###|Smoke On The Water|###|Deep Purple|###|11|###|baidu
28727654|###|Apologize|###|OneRepublic|###|11|###|baidu
13384880|###|爱情的枪|###|陈升,左小祖咒|###|11|###|baidu
10539409|###|Walk On The Wild Side|###|Lou Reed|###|11|###|baidu
1213948|###|Pieces|###|SUM 41|###|11|###|baidu
265315|###|在路上|###|麦田守望者|###|11|###|baidu
8016098|###|November Rain|###|Guns N' Roses|###|11|###|baidu
8781210|###|Wake Up Call|###|Maroon 5|###|11|###|baidu
13872295|###|Some Nights|###|Fun.|###|11|###|baidu
1072405|###|Smells Like Teen Spirit|###|Nirvana|###|11|###|baidu
14996213|###|忧伤的老板|###|左小祖咒|###|11|###|baidu
10418210|###|Like A Rolling Stone|###|Bob Dylan|###|11|###|baidu
1658241|###|Master Of Puppets|###|Metallica|###|11|###|baidu
27714865|###|Ho Hey|###|The Lumineers|###|11|###|baidu
2061911|###|马不停蹄的忧伤|###|黄舒骏|###|11|###|baidu
1272397|###|One|###|U2|###|11|###|baidu
2064330|###|四季歌|###|花儿乐队|###|11|###|baidu
1052018|###|Time Is Running Out|###|Muse|###|11|###|baidu
272870|###|娱乐江湖|###|二手玫瑰|###|11|###|baidu
7413502|###|Goodbye To Romance|###|Ozzy Osbourne|###|11|###|baidu
10315163|###|The A Team|###|Ed Sheeran|###|11|###|baidu
1307859|###|Kids|###|MGMT|###|11|###|baidu
8176479|###|Everywhere I Go|###|Hollywood undead|###|11|###|baidu
5908800|###|晚安北京|###|鲍家街43号|###|11|###|baidu
2924299|###|Song 2|###|Blur|###|11|###|baidu
3481243|###|Bring Me To Life|###|Evanescence|###|11|###|baidu
33950868|###|Lonely Boy|###|The Black Keys|###|11|###|baidu
8017896|###|Use Somebody|###|Kings Of Leon|###|11|###|baidu
322722|###|Friday I’M In Love|###|The Cure|###|11|###|baidu
33950919|###|Shake It Out|###|Florence + The Machine|###|11|###|baidu
9667212|###|Because The Night|###|Patti Smith|###|11|###|baidu
14741737|###|Too Close|###|Alex Clare|###|11|###|baidu
30897553|###|Carry On|###|Avenged Sevenfold|###|11|###|baidu
15235570|###|Radioactive|###|Imagine Dragons|###|11|###|baidu
7392507|###|You Really Got Me|###|The Kinks|###|11|###|baidu
2703569|###|God Save The Queen|###|Sex Pistols|###|11|###|baidu
2163316|###|Life On Mars|###|David Bowie|###|11|###|baidu
7554410|###|London Calling|###|The Clash|###|11|###|baidu
8577119|###|Maps|###|Yeah Yeah Yeahs|###|11|###|baidu
1673615|###|Mr Brightside|###|The Killers|###|11|###|baidu
2766821|###|Baby Let Me Take You Home|###|The Animals|###|11|###|baidu
1600388|###|Psycho Killer|###|Talking Heads|###|11|###|baidu
31094002|###|Temper Temper|###|Bullet For My Valentine|###|11|###|baidu
7404670|###|Last Goodbye|###|Jeff Buckley|###|11|###|baidu
31071324|###|AMBULANCE|###|My Chemical Romance|###|11|###|baidu
11286048|###|Empire|###|Kasabian|###|11|###|baidu
2174805|###|Run To The Hills|###|Iron Maiden|###|11|###|baidu
551137|###|One Day Like This|###|Elbow|###|11|###|baidu
7454783|###|Graceland|###|Paul Simon|###|11|###|baidu
13964513|###|Sexy Boy|###|Air|###|11|###|baidu
16277671|###|Hey Boy Hey Girl|###|The Chemical Brothers|###|11|###|baidu
8033716|###|My Generation|###|The Who|###|11|###|baidu
8697922|###|She Bangs The Drums|###|The Stone Roses|###|11|###|baidu
8528254|###|Brown Sugar|###|The Rolling Stones|###|11|###|baidu
8385596|###|This Charming Man|###|The Smiths|###|11|###|baidu
10236906|###|Sweet Little Sixteen|###|Chuck Berry|###|11|###|baidu
2721058|###|The Weight|###|The Band|###|11|###|baidu
10306729|###|Ready Teddy|###|Little Richard|###|11|###|baidu
2642349|###|Unfinished Sympathy|###|Massive Attack|###|11|###|baidu
2653632|###|Atomic|###|Blondie|###|11|###|baidu
8241809|###|Everlong|###|Foo Fighters|###|11|###|baidu
1478159|###|Buddy Holly|###|Weezer|###|11|###|baidu
2573814|###|Rio|###|Duran Duran|###|11|###|baidu
8219895|###|Teen Age Riot|###|Sonic Youth|###|11|###|baidu
8524728|###|Babies|###|Pulp|###|11|###|baidu
10333124|###|Hounds Of Love|###|Kate Bush|###|11|###|baidu
610401|###|Paranoid|###|Black Sabbath|###|11|###|baidu
861961|###|Chemtrails|###|Beck|###|11|###|baidu
2653632|###|Atomic|###|Blondie|###|11|###|baidu
8241809|###|Everlong|###|Foo Fighters|###|11|###|baidu
1478159|###|Buddy Holly|###|Weezer|###|11|###|baidu
2573814|###|Rio|###|Duran Duran|###|11|###|baidu
8219895|###|Teen Age Riot|###|Sonic Youth|###|11|###|baidu
8524728|###|Babies|###|Pulp|###|11|###|baidu
10333124|###|Hounds Of Love|###|Kate Bush|###|11|###|baidu
610401|###|Paranoid|###|Black Sabbath|###|11|###|baidu
861961|###|Chemtrails|###|Beck|###|11|###|baidu
8303057|###|Blue Monday|###|New Order|###|11|###|baidu
12331056|###|Girl From Mars|###|Ash|###|11|###|baidu
18388078|###|Needle in the Hay|###|Elliott Smith|###|11|###|baidu
2629091|###|Virginia Plain|###|Roxy Music|###|11|###|baidu
2868587|###|Lust For Life|###|Iggy Pop|###|11|###|baidu
2705267|###|Everyday Is Like Sunday|###|Morrissey|###|11|###|baidu
8574225|###|The Eton Rifles|###|The Jam|###|11|###|baidu
1127660|###|The Changingman|###|Paul Weller|###|11|###|baidu
8897749|###|Killing In The Name|###|Rage Against The Machine|###|11|###|baidu
8272187|###|Tiny Dancer|###|Elton John|###|11|###|baidu
2642891|###|Cars|###|Gary Numan|###|11|###|baidu
1102942|###|十年|###|陈奕迅|###|6|###|baidu
623748|###|红豆|###|王菲|###|6|###|baidu
37012395|###|小情歌|###|苏打绿|###|6|###|baidu
7278887|###|倒带|###|蔡依林|###|6|###|baidu
14945107|###|泡沫|###|邓紫琪|###|6|###|baidu
1075592|###|至少还有你|###|林忆莲|###|6|###|baidu
826361|###|女人花|###|梅艳芳|###|6|###|baidu
7313936|###|因为爱情|###|王菲,陈奕迅|###|6|###|baidu
44897031|###|董小姐|###|宋冬野|###|6|###|baidu
2132046|###|趁早|###|张宇|###|6|###|baidu
2070928|###|可惜不是你|###|梁静茹|###|6|###|baidu
2127433|###|隐形的翅膀|###|张韶涵|###|6|###|baidu
283743|###|如果没有你|###|莫文蔚|###|6|###|baidu
215268|###|我怀念的|###|蔡依林|###|6|###|baidu
392535|###|离歌|###|信乐团|###|6|###|baidu
7316462|###|好久不见|###|陈奕迅|###|6|###|baidu
68731862|###|K 歌之王|###|陈奕迅|###|6|###|baidu
7350102|###|你最珍贵|###|张学友,高慧君|###|6|###|baidu
10525914|###|安静|###|周杰伦|###|6|###|baidu
2075863925|###|Fancy|###|Iggy Azalea,Charli XCX|###|8|###|baidu
2083992890|###|Rude|###|MAGIC!|###|8|###|baidu
119093319|###|Problem|###|Ariana Grande,Iggy Azalea|###|8|###|baidu
2127938232|###|Wiggle|###|Jason Derulo,Snoop Dogg|###|8|###|baidu
89296194|###|All Of Me|###|John Legend|###|8|###|baidu
105955445|###|Happy|###|Pharrell Williams|###|8|###|baidu
31095064|###|Latch|###|Disclosure,Sam Smith|###|8|###|baidu
89878279|###|Dark Horse|###|Katy Perry,Juicy J|###|8|###|baidu
120971131|###|Maps|###|Maroon 5|###|8|###|baidu
38458142|###|Ain\'t It Fun|###|Paramore|###|8|###|baidu
108617269|###|Not A Bad Thing|###|Justin Timberlake|###|8|###|baidu
116576492|###|Chandelier|###|Sia|###|8|###|baidu
87717000|###|Talk Dirty|###|Jason Derulo,2 Chainz|###|8|###|baidu
89878174|###|Birthday|###|Katy Perry|###|8|###|baidu
107461082|###|Loyal|###|Chris Brown,Lil Wayne,French Montana Or,Too Short|###|8|###|baidu
120045968|###|Boom Clap|###|Charli XCX|###|8|###|baidu
35595406|###|Counting Stars|###|OneRepublic|###|8|###|baidu
92279724|###|Let It Go|###|Demi Lovato|###|8|###|baidu
31618687|###|Pompeii|###|Bastille|###|8|###|baidu
105275932|###|Beachin\'|###|Jake Owen|###|8|###|baidu
114711099|###|Na Na|###|Trey Songz|###|8|###|baidu
116464672|###|Bailando|###|Enrique Iglesias,Descemer Bueno,Gente de Zona|###|8|###|baidu
105370265|###|This Is How We Roll|###|Florida Georgia Line,Luke Bryan|###|8|###|baidu
120691717|###|Believe Me|###|Lil Wayne,Drake|###|8|###|baidu
38277325|###|Best Day Of My Life|###|American Authors|###|8|###|baidu
109985337|###|2 On|###|Tinashe,ScHoolboy Q|###|8|###|baidu
120058109|###|Pills N Potions|###|Nicki Minaj|###|8|###|baidu
119339214|###|Love Never Felt So Good|###|Michael Jackson,amp; Justin Timberlake|###|8|###|baidu
87965463|###|Timber|###|Pitbull,Ke$ha|###|8|###|baidu
57135548|###|Wake Me Up!|###|Avicii|###|8|###|baidu
119566637|###|Yeah|###|Joe Nichols|###|8|###|baidu
86743145|###|Who I Am With You|###|Chris Young|###|8|###|baidu
92055980|###|Whiskey In My Water|###|Tyler Farr|###|8|###|baidu
108422148|###|Cut Her Off|###|KCamp,2 Chainz|###|8|###|baidu
2130060621|###|A Sky Full Of Stars|###|Coldplay|###|8|###|baidu
115050975|###|Studio|###|ScHoolboy Q,BJ The Chicago Kid|###|8|###|baidu
86716648|###|Trumpets|###|Jason Derulo|###|8|###|baidu
108675825|###|Or Nah|###|Ty Dolla $ign,Wiz Khalifa,amp; DJ Mustard|###|8|###|baidu
118228581|###|Meanwhile Back At Mama's|###|Tim McGraw,Faith Hill|###|8|###|baidu
114555890|###|Girls Chase Boys|###|Ingrid Michaelson|###|8|###|baidu
108710242|###|Main Chick|###|Kid Ink,Chris Brown|###|8|###|baidu
116677827|###|Who Do You Love?|###|YG,Drake|###|8|###|baidu
115194128|###|Come Get It Bae|###|Pharrell Williams|###|8|###|baidu
91568494|###|We Are Tonight|###|Billy Currington|###|8|###|baidu
119360695|###|Good Kisser|###|Usher|###|8|###|baidu
52498689|###|Tennis Court|###|Lorde|###|8|###|baidu
116333280|###|Trophies|###|Young Money,Drake|###|8|###|baidu
38277292|###|Work|###|Iggy Azalea|###|8|###|baidu
116772736|###|Dare (La La La)|###|Shakira|###|8|###|baidu
120961994|###|No Mediocre|###|T.I.,Iggy Azalea|###|8|###|baidu
2088030762|###|Move That Doh|###|pharrell,pusha t,casino|###|8|###|baidu
121055313|###|Don't|###|Ed Sheeran|###|8|###|baidu
119953581|###|Get Her Back|###|Robin Thicke|###|8|###|baidu
119298046|###|I\'m Ready|###|AJR|###|8|###|baidu
2000026424|###|Ready Set Roll|###|Chase Rice|###|8|###|baidu
38538049|###|Chainsaw|###|The Band Perry|###|8|###|baidu
121085739|###|Jungle|###|Jamie N Commons,amp; X Ambassadors|###|8|###|baidu
107169386|###|V. 3005|###|Childish Gambino|###|8|###|baidu
119955440|###|Small Town Throwdown|###|Brantley Gilbert,Justin Moore,amp; Thomas Rhett|###|8|###|baidu
57872884|###|Riptide|###|Vance Joy|###|8|###|baidu
119359960|###|First Love|###|Jennifer Lopez|###|8|###|baidu
114623437|###|Hope You Get Lonely Tonight|###|Cole Swindell|###|8|###|baidu
44799994|###|I Got A Car|###|George Strait|###|8|###|baidu
103419008|###|You & I|###|One Direction|###|8|###|baidu
115059492|###|Wild Wild Love|###|Pitbull,G.R.L.|###|8|###|baidu
120877783|###|吻我吧|###|萧敬腾|###|18|###|baidu
121017932|###|三月|###|张惠妹|###|18|###|baidu
120900383|###|即溶爱人|###|郭静|###|18|###|baidu
120951654|###|爱情那么傻|###|品冠|###|18|###|baidu
120059134|###|明天的事情|###|徐佳莹|###|18|###|baidu
117948039|###|你给我听好|###|陈奕迅|###|18|###|baidu
120433744|###|狼与羊|###|陈彦允|###|18|###|baidu
120809861|###|BREAK IT DOWN|###|SPEXIAL|###|18|###|baidu
118713829|###|高山低谷|###|林奕匡|###|7|###|baidu
119554311|###|有过你|###|苏永康|###|7|###|baidu
119668332|###|青春常驻|###|张敬轩|###|7|###|baidu
120112565|###|弗洛蒙|###|薛凯琪|###|7|###|baidu
119988695|###|流泪行胜利道|###|许志安|###|7|###|baidu
120368539|###|震|###|杜德伟|###|7|###|baidu
120002095|###|纸笔墨|###|冯允谦|###|7|###|baidu
2127603767|###|好时辰|###|王菀之|###|7|###|baidu
120797559|###|现在已夜深|###|周柏豪|###|7|###|baidu
117108786|###|特别的人|###|方大同|###|7|###|baidu
120877252|###|势不两立|###|谢安琪|###|7|###|baidu
119945129|###|无朋友|###|李克勤|###|7|###|baidu
120109917|###|眼泪极黑|###|官恩娜|###|7|###|baidu
119894242|###|一粒糖|###|侧田|###|7|###|baidu
120825055|###|共你痴痴爱在|###|容祖儿|###|7|###|baidu
117948039|###|你给我听好|###|陈奕迅|###|7|###|baidu
120125029|###|小苹果|###|筷子兄弟|###|20|###|baidu
121078799|###|爱情路|###|郑源|###|20|###|baidu
119349330|###|金玉良缘|###|李琦|###|20|###|baidu
120948904|###|爸爸去哪儿 第二季|###|曹格,Joe,Grace,Feynman,杨阳洋,贝儿,黄多多,吴镇宇,陆毅,黄磊,杨威|###|20|###|baidu
14385500|###|时间都去哪儿了|###|王铮亮|###|20|###|baidu
108479485|###|卷珠帘|###|霍尊|###|20|###|baidu
105326963|###|愿得一人心(剧场版)|###|李行亮,雨宗林|###|20|###|baidu
120022293|###|多情的月光|###|正月十五|###|20|###|baidu
113333032|###|倍儿爽 (官方正式版)|###|大张伟|###|20|###|baidu
14945107|###|泡沫|###|G.E.M.邓紫棋|###|20|###|baidu
99751993|###|我们好像在哪见过|###|小柯,叶蓓|###|20|###|baidu
121078805|###|入戏太深|###|郑源|###|20|###|baidu
86772502|###|夜空中最亮的星(Remix版)|###|逃跑计划乐队|###|20|###|baidu
107062220|###|自由自在|###|凤凰传奇|###|20|###|baidu
120958904|###|吵架歌|###|汪苏泷,Hari|###|20|###|baidu
116645769|###|寂寞的人伤心的歌|###|龙梅子,杨海彪|###|20|###|baidu
120793675|###|一点一滴|###|羽泉|###|20|###|baidu
31336224|###|等你等了那么久|###|祁隆,乐凡|###|20|###|baidu
13132725|###|父亲|###|筷子兄弟|###|20|###|baidu
117948039|###|你给我听好|###|陈奕迅|###|20|###|baidu
121078803|###|牵挂你的人是我|###|郑源|###|20|###|baidu
121017932|###|三月|###|张惠妹|###|20|###|baidu
120355556|###|不再联系|###|崔子格,夏天Alex|###|20|###|baidu
116534890|###|魔法城堡|###|TFBOYS|###|20|###|baidu
13139680|###|我可以抱你吗|###|张惠妹|###|20|###|baidu
14944589|###|逆战|###|张杰|###|20|###|baidu
121078807|###|荷塘月色（粤语版）|###|郑源|###|20|###|baidu
5830696|###|老男孩|###|筷子兄弟|###|20|###|baidu
121078812|###|如果你幸福|###|郑源|###|20|###|baidu
121033419|###|小样儿|###|安又琪|###|20|###|baidu
44265317|###|寂寞|###|谢容儿|###|20|###|baidu
97440993|###|小伙伴们都惊呆了|###|王麟|###|20|###|baidu
23305140|###|中国味道|###|凤凰传奇|###|20|###|baidu
10554229|###|存在|###|汪峰|###|20|###|baidu
119349203|###|服不服|###|王麟|###|20|###|baidu
121256138|###|都对也都错|###|张惠妹|###|20|###|baidu
120089595|###|藏在记忆里的歌|###|庞龙|###|20|###|baidu
100900023|###|生来彷徨|###|汪峰|###|20|###|baidu
10233440|###|月亮惹的祸|###|张宇|###|20|###|baidu
536010|###|荷塘月色|###|凤凰传奇|###|20|###|baidu
120176169|###|和从前一样（抒情版）|###|黄勇|###|20|###|baidu
121256254|###|这样你还要爱我吗|###|张惠妹|###|20|###|baidu
120976896|###|梦缠绵|###|庄心妍,冷漠|###|20|###|baidu
13869172|###|兄弟抱一下|###|庞龙|###|20|###|baidu
119765593|###|爱你的宿命|###|张信哲|###|20|###|baidu
120908481|###|朋友圈 (专辑版)|###|王麟|###|20|###|baidu
106081272|###|他不懂|###|张杰|###|20|###|baidu
119346790|###|可以了|###|陈奕迅|###|20|###|baidu
87720405|###|泪满天|###|龙梅子|###|20|###|baidu
5963089|###|我从草原来|###|凤凰传奇|###|20|###|baidu
120834007|###|Shake Your Body|###|郭富城,罗志祥,蔡依林,吴莫愁|###|20|###|baidu
120816461|###|周三的情书|###|蔡健雅,周三|###|20|###|baidu
87600807|###|男人歌|###|小沈阳,高进|###|20|###|baidu
40153340|###|致青春|###|王菲|###|20|###|baidu
64546611|###|勇敢勇敢|###|黄勇|###|20|###|baidu
121169970|###|童真年代|###|张学友|###|20|###|baidu
7333126|###|我只在乎你|###|邓丽君|###|20|###|baidu
64953300|###|兄弟难当|###|杜歌|###|20|###|baidu
14950804|###|我的歌声里|###|曲婉婷|###|20|###|baidu
119363573|###|泡沫|###|简红|###|20|###|baidu
10509017|###|我爱你胜过你爱我|###|冷漠,杨小曼|###|20|###|baidu
120045690|###|别怪我把你删除|###|魏枫|###|20|###|baidu
119811111|###|阴天快乐|###|陈奕迅|###|20|###|baidu
120022865|###|如果爱有下一回|###|吴炜|###|20|###|baidu
31074496|###|闹够了没有|###|赖伟锋|###|20|###|baidu
13125209|###|倩女幽魂|###|张国荣|###|20|###|baidu
23154677|###|愿得一人心|###|李行亮|###|20|###|baidu
10518153|###|套马杆|###|乌兰图雅|###|20|###|baidu
120951654|###|爱情那么傻|###|品冠|###|20|###|baidu
109808297|###|虹之间|###|金贵晟|###|20|###|baidu
120817979|###|不能说出口的诺言|###|吴奇隆|###|20|###|baidu
8869256|###|那些年|###|胡夏|###|20|###|baidu
110175440|###|爱你1314|###|正月十五|###|20|###|baidu
87902124|###|一起摇摆|###|汪峰|###|20|###|baidu
84761288|###|张灯结彩|###|皆大欢喜|###|20|###|baidu
8513502|###|我们的歌谣|###|凤凰传奇|###|20|###|baidu
14906363|###|卜卦|###|崔子格|###|20|###|baidu
121256258|###|偏执面|###|张惠妹,蛋堡|###|20|###|baidu
121256250|###|自虐|###|张惠妹|###|20|###|baidu
416940|###|包容|###|郑源|###|20|###|baidu
120378087|###|最美的问候（小V之歌）|###|品冠|###|20|###|baidu
27845472|###|勿忘心安|###|张杰|###|20|###|baidu
114750355|###|做你心上的人|###|唐古|###|20|###|baidu
13902676|###|你把爱情给了谁|###|龙梅子|###|20|###|baidu
83590931|###|爱一点|###|王力宏,章子怡|###|20|###|baidu
246301|###|最炫民族风|###|凤凰传奇|###|20|###|baidu
7300733|###|大海|###|张雨生|###|20|###|baidu
87603275|###|夜空中最亮的星|###|张恒远|###|20|###|baidu
263324|###|心会跟爱一起走|###|郭峰,陈洁仪|###|20|###|baidu
28790755|###|你懂得|###|小沈阳,沈春阳|###|20|###|baidu
34182398|###|风吹麦浪|###|李健,孙俪|###|20|###|baidu
120890444|###|巴黎夜雨|###|孙子涵|###|20|###|baidu
877578|###|海阔天空|###|Beyond|###|20|###|baidu
9512622|###|新娘不是我|###|程响|###|20|###|baidu
14902630|###|不再联系|###|夏天Alex|###|20|###|baidu
120824261|###|女神经|###|李宇春|###|20|###|baidu
10230112|###|三寸天堂|###|严艺丹|###|20|###|baidu
1262598|###|千千阙歌|###|陈慧娴|###|20|###|baidu
416996|###|爱情码头|###|郑源|###|20|###|baidu
416996|###|爱情码头|###|郑源|###|20|###|baidu
1000860|###|浮夸|###|陈奕迅|###|20|###|baidu
27853049|###|心痛2013|###|小山|###|20|###|baidu
10432075|###|北国之春|###|邓丽君|###|20|###|baidu
237376|###|当我想你的时候|###|汪峰|###|20|###|baidu
13903312|###|走天涯|###|龙梅子,老猫|###|20|###|baidu
31895305|###|女人不是妖|###|司徒兰芳|###|20|###|baidu
120996070|###|孩子对不起 (MV版)|###|杨子军|###|20|###|baidu
5946955|###|鸿雁|###|呼斯楞|###|20|###|baidu
44799277|###|光阴的故事|###|黄晓明,邓超,佟大为|###|20|###|baidu
32996745|###|DJ万万岁|###|王绎龙|###|20|###|baidu
106084869|###|一个人失忆|###|薛凯琪|###|20|###|baidu
117189215|###|如果缘只到遇见|###|吴奇隆,严艺丹|###|20|###|baidu
7333668|###|来生缘|###|刘德华|###|20|###|baidu
87720451|###|情歌继续唱|###|龙梅子,冷漠|###|20|###|baidu
114749881|###|盛开|###|玖月奇迹|###|20|###|baidu
64563148|###|趁早|###|李琦|###|20|###|baidu
2342863|###|新贵妃醉酒|###|李玉刚|###|20|###|baidu
15418739|###|hold不住的爱|###|龙梅子,老猫|###|20|###|baidu
5409496|###|追梦赤子心|###|GALA|###|20|###|baidu
34303121|###|烟花易冷|###|林志炫|###|20|###|baidu
2102679|###|听海|###|张惠妹|###|20|###|baidu
6419060|###|伤心城市|###|冷漠|###|20|###|baidu
10526013|###|东风破|###|周杰伦|###|20|###|baidu
27853371|###|空城|###|金志文|###|20|###|baidu
5071402|###|我的好兄弟|###|高进,小沈阳|###|20|###|baidu
117108786|###|特别的人|###|方大同|###|20|###|baidu
13903681|###|DJ版漂亮的姑娘就要嫁人啦|###|龙梅子,老猫|###|20|###|baidu
15925730|###|Lemon Tree|###|苏慧伦|###|20|###|baidu
65864677|###|男人好难|###|沙宝亮,黄渤|###|20|###|baidu
71284769|###|秋天的风|###|郑源,郑东|###|20|###|baidu
9529842|###|魔鬼中的天使|###|田馥甄|###|20|###|baidu
10525914|###|安静|###|周杰伦|###|20|###|baidu
4770714|###|我最亲爱的|###|张惠妹|###|20|###|baidu
116370553|###|朋友|###|周华健|###|20|###|baidu
7338336|###|光辉岁月|###|Beyond|###|20|###|baidu
110076181|###|答案|###|杨坤,郭采洁|###|20|###|baidu
115032004|###|娱乐天空|###|陈奕迅|###|20|###|baidu
13931964|###|我被爱情下了药|###|崔子格|###|20|###|baidu
244200|###|红日|###|李克勤|###|20|###|baidu
86688137|###|谈何容易|###|韩红|###|20|###|baidu
10736444|###|简单爱|###|周杰伦|###|20|###|baidu
354387|###|青花瓷|###|周杰伦|###|20|###|baidu
34168107|###|许Sir思密达|###|王麟,老猫|###|20|###|baidu
1575873|###|北京北京|###|汪峰|###|20|###|baidu
37012395|###|小情歌|###|苏打绿|###|20|###|baidu
34185463|###|没离开过|###|林志炫|###|20|###|baidu
13912178|###|红山果|###|安与骑兵|###|20|###|baidu
263494|###|春天里|###|汪峰|###|20|###|baidu
826361|###|女人花|###|梅艳芳|###|20|###|baidu
1057968|###|一场游戏一场梦|###|王杰|###|20|###|baidu
1008491|###|鲁冰花|###|甄妮|###|20|###|baidu
7305469|###|没那么简单|###|黄小琥|###|20|###|baidu
10509856|###|依然爱你|###|王力宏|###|20|###|baidu
250890|###|牵手|###|苏芮|###|20|###|baidu
14953540|###|没有什么不同|###|曲婉婷|###|20|###|baidu
87603531|###|怎么说我不爱你|###|李琦|###|20|###|baidu
7313936|###|因为爱情|###|王菲,陈奕迅|###|20|###|baidu
31336164|###|找一个相爱的理由|###|晨熙,艾歌|###|20|###|baidu
119811066|###|跟着你到天边|###|吴青峰|###|20|###|baidu
33895538|###|真的不容易|###|庄心妍|###|20|###|baidu
35366703|###|其实都没有|###|杨宗纬|###|20|###|baidu
10502800|###|这条街|###|云菲菲,冷漠|###|20|###|baidu
1009000|###|在水一方|###|邓丽君|###|20|###|baidu
233076|###|怒放的生命|###|汪峰|###|20|###|baidu
10489236|###|火红的萨日朗|###|乌兰托娅|###|20|###|baidu
207981|###|冲动的惩罚|###|刀郎|###|20|###|baidu
14958527|###|画心|###|张靓颖|###|20|###|baidu
115023641|###|天使的指纹|###|孙燕姿|###|20|###|baidu
119811087|###|不如承诺来的简单|###|陈奕迅|###|20|###|baidu
306001|###|王妃|###|萧敬腾|###|20|###|baidu
68729016|###|预谋|###|许佳慧|###|20|###|baidu
2494585|###|像梦一样自由|###|汪峰|###|20|###|baidu
233822|###|勇气|###|梁静茹|###|20|###|baidu
235874|###|琵琶语|###|林海|###|20|###|baidu
39101773|###|火火的姑娘|###|东方红艳|###|20|###|baidu
2121730|###|心雨|###|杨钰莹,毛宁|###|20|###|baidu
34153315|###|中国范儿|###|玖月奇迹|###|20|###|baidu
12380958|###|老婆最大|###|崔子格|###|20|###|baidu
120918282|###|万花瞳|###|蔡依林|###|20|###|baidu
119811099|###|时光隧道|###|陈奕迅|###|20|###|baidu
105946439|###|爱着爱着就永远|###|田馥甄|###|20|###|baidu
283662|###|爱是你我|###|刀郎,云朵,王翰仪|###|20|###|baidu
5665004|###|爱的供养|###|杨幂|###|20|###|baidu
34182378|###|春暖花开|###|那英|###|20|###|baidu
12321170|###|天后|###|陈势安|###|20|###|baidu
119735383|###|坏姐姐|###|王蓉|###|20|###|baidu
10206656|###|囚鸟|###|彭羚|###|20|###|baidu
120841316|###|为梦而来|###|张玮|###|20|###|baidu
20724058|###|为爱痴狂|###|金志文|###|20|###|baidu
88342195|###|叹情缘|###|祁隆|###|20|###|baidu
7641462|###|爱情这杯酒谁喝都得醉|###|闫旭|###|20|###|baidu
265898|###|吻别|###|张学友|###|20|###|baidu
7316935|###|龙卷风|###|周杰伦|###|20|###|baidu
116646141|###|要死就一定要死在你手里|###|莫西子诗,郑钧|###|20|###|baidu
35368516|###|伤了心的女人怎么了|###|刘涛|###|20|###|baidu
113276731|###|张灯结彩|###|阿宝,王二妮|###|20|###|baidu
10405520|###|传奇|###|王菲|###|20|###|baidu
5910877|###|我相信|###|杨培安|###|20|###|baidu
