003EA8522GJ7tv|###|7062415|###|山水之间|###|许嵩|###|7|###|qq
000T1Ws32MWrUj|###|7072290|###|平凡之路(电影《后会无期》主题曲)|###|朴树|###|7|###|qq
0000zlIn3eWLvJ|###|7063598|###|1987我不知会遇见你|###|李宇春|###|7|###|qq
0038WghY3w5esE|###|7065090|###|我从来没去过纽约(电影《老男孩之猛龙过江》片尾曲)|###|筷子兄弟|###|7|###|qq
002QBN3i4QWfq3|###|7051753|###|《十二道锋味》主题曲|###|谢霆锋|###|7|###|qq
003wo9SP027j7W|###|7062894|###|BAZAAR|###|张靓颖|###|7|###|qq
003LnYRA12MTWl|###|6590184|###|剑伤(《古剑奇谭》百里屠苏人物主题曲)|###|李易峰|###|7|###|qq
003de5C906SZp9|###|7060463|###|后会无期(电影《后会无期》同名主题歌)|###|G.E.M. 邓紫棋|###|7|###|qq
000VZhBY2QFgxc|###|7064955|###|劫后余生|###|萧亚轩|###|7|###|qq
001ghqS74BDzvQ|###|7064294|###|依然是你|###|胡彦斌|###|7|###|qq
000meb952FFWRb|###|7063934|###|致少年时代|###|古巨基|###|7|###|qq
002CSQIY2stjD2|###|7062798|###|蓦兰|###|阿兰|###|7|###|qq
001gQvLx2W9SL4|###|7055795|###|身不由己(电视剧《杉杉来了》片尾曲)|###|何洁|###|7|###|qq
0048YZrB4YPQY3|###|7071313|###|一起老去(电影《闺蜜》主题曲)|###|薛凯琪|###|7|###|qq
001Wt8jA3jSXyi|###|7071189|###|不再见(电影《小时代3：刺金时代》插曲)|###|陈学冬|###|7|###|qq
003n4ifE3kCjJO|###|7062513|###|梦.信仰(金蔷薇大赛主题曲)|###|华语群星|###|7|###|qq
001Q5Deu0zCO7s|###|7063040|###|Darling|###|Girl's Day|###|7|###|qq
003Onl530a9f2Y|###|7058299|###|给我个理由|###|六哲|###|7|###|qq
002phmN809WKFi|###|5024203|###|我是你的( I AM YOUR … )|###|倪安东|###|7|###|qq
000kBnSq4D8UeM|###|7071315|###|Let's Love(嫣然天使基金公益单曲)|###|大张伟|###|7|###|qq
0033StDw2BOMvy|###|7057969|###|Best Friend|###|Jason Mraz|###|7|###|qq
002VacuT1cwGw8|###|7059086|###|爱幻想的女孩|###|带泪的鱼|###|7|###|qq
001FT5H81qS15s|###|7045084|###|你是另一个我(电视剧《神犬奇兵》片尾曲)|###|黄征|###|7|###|qq
001qXRwf3GY1iD|###|4885288|###|以后的以后|###|庄心妍|###|7|###|qq
000BiCA30oX60t|###|6588458|###|Maps|###|Maroon 5|###|7|###|qq
004IOcqU2fFSlY|###|5520052|###|Me And My Broken Heart|###|Rixton|###|7|###|qq
0044EFqR3qSVGN|###|7058486|###|社会摇第三季|###|虞姬|###|7|###|qq
0049FkQi39tXzM|###|7061414|###|Wish I Was Here(电影《希望我在这儿》主题曲&#124;电影《心在彼处》主题曲)|###|Cat Power|###|7|###|qq
001n1R0w0vHY1m|###|1619373|###|Married Man(Album Version)|###|Paulini|###|7|###|qq
002zGrP22qjgpf|###|5096919|###|爱着爱着就永远|###|田馥甄|###|7|###|qq
0005zJkE1shl4M|###|7055772|###|单人季节|###|单色凌|###|7|###|qq
003J7v110x83ah|###|7042281|###|我没那么爱你|###|丁当|###|7|###|qq
001IQ8Rf1eIVSN|###|4830534|###|兄弟抱一下|###|庞龙|###|7|###|qq
0039NTQG0VDi2Y|###|5407883|###|当我靠近你|###|梁博|###|7|###|qq
001Qnvxb3PtpZC|###|5481700|###|被撕碎的回忆|###|伍华|###|7|###|qq
002pTIXQ3UVAVP|###|4830911|###|愿得一人心(电视剧《最美的时光》主题曲)|###|李行亮|###|7|###|qq
002THyVu42Knil|###|3570314|###|走在冷风中|###|刘思涵|###|7|###|qq
003RnJfd3WEPH1|###|7015335|###|多一个人陪伴(电视剧《一起来看流星雨3之不一样的美男子》主题曲)|###|东来东往|###|7|###|qq
001bpeOo0YBaeb|###|7062990|###|Wake Me|###|Bleachers|###|7|###|qq
000Kq3ur47uOFb|###|1113630|###|魔鬼中的天使(live版)|###|田馥甄|###|7|###|qq
0037DndB3BHpDx|###|875776|###|夏天的味道|###|许飞|###|7|###|qq
000yLekT3N8SUO|###|641244|###|My Bloody Valentine|###|Tata Young|###|7|###|qq
001KiGAD1xnkkl|###|7020593|###|爱与不爱之间|###|回音哥|###|7|###|qq
0028zn2O3bJ1cd|###|7068464|###|unravel|###|凛として时雨|###|7|###|qq
002mW7hs1YHkLo|###|7063018|###|SOLO DAY|###|B1A4|###|7|###|qq
0047m3jR0GgfAo|###|7057050|###|이방인(异乡人)|###|Bobby Kim|###|7|###|qq
000ojq1G0LOquk|###|5021629|###|不再联系 (feat. 夏天Alex)|###|崔子格|###|7|###|qq
004XtcVg0ZaPUu|###|7047216|###|色惑|###|杨千嬅|###|7|###|qq
002AU0K22uNPSf|###|1523567|###|指纹(电视剧《轩辕剑之天之痕》插曲)|###|胡歌|###|7|###|qq
002WxkPq3igNQW|###|912948|###|Such a Fool|###|George Nozuka|###|7|###|qq
001IVHSw06Rmqf|###|4830510|###|猜不透|###|丁当|###|7|###|qq
000QEjjB2THR7Q|###|681239|###|Sunshine Girl|###|moumoon|###|7|###|qq
0000bIIr1JCftZ|###|5518972|###|La La La (Brazil 2014)|###|Shakira|###|7|###|qq
001V7Urk0ocmpx|###|5017691|###|独处的时候|###|苏打绿|###|7|###|qq
003Mgswe0Z8Q8l|###|7060548|###|It's Your World|###|Jennifer Hudson|###|7|###|qq
003Mx6Rn4ItovA|###|6716620|###|不要在我的伤口撒盐|###|庄心妍|###|7|###|qq
001llQ1E2FNSFG|###|425585|###|Everything But The Girl|###|Darin|###|7|###|qq
001FBRI40h7dEe|###|5058686|###|身不由己(电视剧《步步惊情》约定版主题曲&#124;Lose Myself)|###|丁当|###|7|###|qq
004VWgEI4M1wKI|###|89988|###|我爱的人|###|陈小春|###|7|###|qq
002L8xPl1QOi4i|###|389193|###|Innocence|###|Avril Lavigne|###|7|###|qq
003gHb9w4D3qUA|###|65476|###|Pretty Boy|###|M2M|###|7|###|qq
0018y5GD0AYGCT|###|4981868|###|You Smile|###|Eternity ∞|###|7|###|qq
002Yatdw4Y4rNV|###|7071293|###|Driving To The Highway|###|张根硕|###|7|###|qq
003TB1qd4Gnbuu|###|432263|###|Burning|###|Maria Arredondo|###|7|###|qq
0031iCeb0EmUlY|###|693307|###|Bye Bye Bye|###|Lovestoned|###|7|###|qq
003fW6vU1qdfEJ|###|795679|###|最后一次寂寞|###|丁当|###|7|###|qq
003RwTxK1632Wu|###|826047|###|吻得太逼真|###|张敬轩|###|7|###|qq
001YCZ3L39LqjM|###|5330509|###|Love Runs Out|###|OneRepublic|###|7|###|qq
003BZ1Os3FeDWX|###|4884607|###|孙大圣的逆袭|###|孙子涵|###|7|###|qq
002gjr9a4FYaAj|###|5540166|###|A Sky Full of Stars|###|Coldplay|###|7|###|qq
0010U1nV1HSg3s|###|7068141|###|爱情的滋味(电视剧《真爱遇到他》片头曲TV Verison)|###|信|###|7|###|qq
004IDNb70AAUaU|###|1484698|###|Baby (feat. Ludacris)|###|Justin Bieber|###|7|###|qq
000Qxjma42R8rD|###|7021387|###|界外科学|###|戴尔|###|7|###|qq
000JQCmr2K0Trq|###|108093|###|剪爱|###|张惠妹|###|7|###|qq
002CoF3f4UQ0pg|###|1154169|###|Rolling In the Deep (Jamie xx Shuffle)|###|Adele|###|7|###|qq
003Ba2W64TQ9yP|###|5014630|###|融化了|###|Popu Lady|###|7|###|qq
0035Wt4C2XxdF9|###|1791037|###|We Are Never Ever Getting Back Together|###|Taylor Swift|###|7|###|qq
0034XJHf2LSJxQ|###|1414751|###|慢慢|###|张学友|###|7|###|qq
003eXjCo0lNvbw|###|1109148|###|Stronger|###|Kelly Clarkson|###|7|###|qq
000TGisX2If6Jr|###|5221851|###|最好的朋友|###|赖伟锋|###|7|###|qq
0011MBS42jINXH|###|330611|###|Never Grow Old|###|The Cranberries|###|7|###|qq
000PhPzo0abHRT|###|4826490|###|伤爱的理由|###|上官晓懿|###|7|###|qq
000IS4iG07Wwhr|###|402497|###|我们说好的|###|张靓颖|###|7|###|qq
003dIoaj0ccRRX|###|95467|###|那些花儿|###|朴树|###|7|###|qq
003nqw4Z17afVe|###|4830819|###|你并不懂我|###|BY2|###|7|###|qq
001WsiXr4FYlao|###|720094|###|我想我不会爱你|###|田馥甄|###|7|###|qq
004JPAd51QzIup|###|2245542|###|Be still my soul|###|Libera|###|7|###|qq
004Ma2TQ1ruHcO|###|462932|###|原谅|###|张玉华|###|7|###|qq
001txhwh4T22Lo|###|467678|###|再见亦是朋友|###|曾航生|###|7|###|qq
001vAPdQ1hpq7n|###|1799991|###|爱久见人心|###|梁静茹|###|7|###|qq
003TJJg23hiode|###|7067019|###|暖男|###|小峰峰|###|7|###|qq
00096M2A3nJhOA|###|5665632|###|STAY WITH ME|###|太阳|###|7|###|qq
0007AFpa1ivJqX|###|636919|###|Tik Tok|###|Ke$ha|###|7|###|qq
0019S61a3Yezir|###|5162329|###|像天堂的悬崖|###|李佳薇|###|7|###|qq
000laC3s07Qa5g|###|5259531|###|如果没有你|###|林天爱|###|7|###|qq
000MfVLK3c3Q0K|###|410537|###|相信|###|苏打绿|###|7|###|qq
002542jn0V6DN7|###|6387363|###|海阔天空 + 让我一次爱个够 + 狼 + 一无所有 + We Will Rock You(live版)|###|黑豹|###|7|###|qq
001SC6jt3punP0|###|478754|###|New Divide(变形金刚2 电影主题曲)|###|Linkin Park|###|7|###|qq
0011D2gm2BYEka|###|6529082|###|新娘不是我|###|程响|###|7|###|qq
001I8PTv30Fhzx|###|185540|###|dangerous(危险)|###|Michael Jackson|###|7|###|qq
0035GveV3i9dBM|###|5645193|###|小苹果(电影《老男孩之猛龙过江》宣传曲)|###|筷子兄弟|###|2|###|qq
001ICqTe0z2YCL|###|7023937|###|剑心(电视剧《古剑奇谭》片头主题曲)|###|张杰|###|2|###|qq
000XtckN1YZLPU|###|5463754|###|金玉良缘(电视剧《金玉良缘》片尾曲)|###|李琦|###|2|###|qq
003J7v110x83ah|###|7042281|###|我没那么爱你|###|丁当|###|2|###|qq
002pdgcw1Zzxga|###|5748409|###|巴黎夜雨|###|孙子涵|###|2|###|qq
003zyoj120Ft4K|###|7021360|###|别忘了(电影《小时代3：刺金时代》插曲&#124;Don't Forget)|###|周笔畅|###|2|###|qq
004K2b2V2ROYkJ|###|7023942|###|破晓以后(电影《龙之谷：破晓奇兵》主题曲)|###|张靓颖|###|2|###|qq
0046aFQq1Bbmxp|###|6199868|###|我不会一个人(电视剧《幸福从天而降》片尾主题歌)|###|王铮亮|###|2|###|qq
001GJEpS1MO3rf|###|6841798|###|谁 Control(电影《变形金刚4：绝迹重生》主题曲)|###|韩庚|###|2|###|qq
002A74Oe0Z99e1|###|6571439|###|甩开|###|丁当|###|2|###|qq
000LXZJ0222CcP|###|5452216|###|一个人的北京(电影《谁说我们不会爱》主题曲)|###|海鸣威|###|2|###|qq
003cQ2iT1C1OKl|###|5526374|###|永远|###|张靓颖|###|2|###|qq
000cyVOx2eNsPH|###|5461195|###|第七感|###|张靓颖|###|2|###|qq
001fBIyT1fLkOy|###|6589338|###|爸爸去哪儿(《爸爸去哪儿第2季》主题曲)|###|华语群星|###|2|###|qq
003Mx6Rn4ItovA|###|6716620|###|不要在我的伤口撒盐|###|庄心妍|###|2|###|qq
001ypoXf0qaYi6|###|5665622|###|晴|###|汪苏泷|###|2|###|qq
001rzn9R38Ay77|###|7046862|###|敢爱敢当|###|丁当|###|2|###|qq
000fAjr327Lc9Q|###|5461931|###|下一条微信|###|夏天Alex|###|2|###|qq
0036op163sNjAx|###|7042277|###|想唱就唱(电影《我就是我》主题曲)|###|TFBOYS|###|2|###|qq
000Yz5W612pM8T|###|5463772|###|花儿与少年 (feat. 郑佩佩, 张凯丽, 许晴, 刘涛, 李菲儿 & 张翰)(湖南卫视《花儿与少年》主题曲)|###|华晨宇|###|2|###|qq
002mq2nV3eeP3E|###|5673006|###|一点一滴|###|羽泉|###|2|###|qq
002KHkaM1z8OWO|###|5431638|###|战放(游戏《反恐行动》主题曲)|###|本兮|###|2|###|qq
000UrGVR3k1Fkb|###|6404783|###|把我的思念悄悄磨成伤口|###|覃桢|###|2|###|qq
003LnYRA12MTWl|###|6590184|###|剑伤(《古剑奇谭》百里屠苏人物主题曲)|###|李易峰|###|2|###|qq
000jrnwX2d54F7|###|6180898|###|谁会记得|###|六哲|###|2|###|qq
000oFlcN2qWFxc|###|5575875|###|最后的泪滴|###|孙子涵|###|2|###|qq
003jsZLx2BE7al|###|5575273|###|爱情呼救999|###|弦子|###|2|###|qq
000HGpxq1kUOld|###|5518681|###|坏姐姐|###|王蓉|###|2|###|qq
003qHIz54Z84HJ|###|7007084|###|胜利的能量(巴西世界杯能量加油主题曲)|###|胡彦斌|###|2|###|qq
002Z30ex2NI9j1|###|7027135|###|不愿错过你|###|陈艺搏|###|2|###|qq
000hF9l71DQuiF|###|7021205|###|沸点|###|关喆|###|2|###|qq
003FgwOD453zmW|###|5625336|###|剧情杀青(电视剧《超级教师》片尾曲)|###|孙子涵|###|2|###|qq
003RnJfd3WEPH1|###|7015335|###|多一个人陪伴(电视剧《一起来看流星雨3之不一样的美男子》主题曲)|###|东来东往|###|2|###|qq
001uvbeJ02MgT8|###|7020919|###|由我们主宰(2014巴西世界杯歌曲)|###|华语群星|###|2|###|qq
001uJt141Ygsvk|###|5540139|###|With You (feat. EPIK HIGH)|###|周笔畅|###|2|###|qq
0031wAuy02ORUs|###|7032701|###|指甲|###|马宥熙|###|2|###|qq
000VK3Td4feQ8I|###|7038020|###|明明|###|山野|###|2|###|qq
000FLUtu274Tn2|###|7046868|###|我不以为|###|丁当|###|2|###|qq
002RqQiT4fJGhL|###|7019393|###|我想我能勇敢一点|###|曾雨轩|###|2|###|qq
001GoBfw31Ebwo|###|5748411|###|哈姆雷特的眼泪|###|孙子涵|###|2|###|qq
000UxoQK34VAi4|###|7023938|###|远方(电视剧《古剑奇谭》片尾曲)|###|郁可唯|###|2|###|qq
000bi0Uj28gcKE|###|5951192|###|女神经|###|李宇春|###|2|###|qq
0039NTQG0VDi2Y|###|5407883|###|当我靠近你|###|梁博|###|2|###|qq
0033L69K2gJ0ti|###|7050067|###|偶尔还是会想起你|###|牛奶咖啡|###|2|###|qq
004a3TMO1j1Ivt|###|6538979|###|别把借口当理由|###|许佳慧|###|2|###|qq
000IUM382T6b7i|###|6526506|###|我知道你很爱她|###|格子兮|###|2|###|qq
002a1sXi0YyKMG|###|7051750|###|为梦而狂 (feat. 茜拉)|###|关喆|###|2|###|qq
001V24dZ07JvWY|###|7013818|###|每一颗星辰(电影《我就是我》主题曲)|###|华语群星|###|2|###|qq
003Fk2V545gjgI|###|5520933|###|聊聊|###|李行亮|###|2|###|qq
000gMcwg0psET6|###|7023945|###|恋人歌歌|###|胡彦斌|###|2|###|qq
002NBtIb2EhpNv|###|5625128|###|习惯偷偷爱着你|###|覃桢|###|2|###|qq
002fefwO2Cj6Yi|###|6538980|###|平行线|###|许佳慧|###|2|###|qq
000IpFgU2PyuoZ|###|5303143|###|没差|###|吴莫愁|###|2|###|qq
004AQ62O3Q83br|###|7008505|###|土豪金|###|李泉|###|2|###|qq
001xj5gl4dQjlC|###|6527914|###|拥有|###|李泉|###|2|###|qq
001PCiRT0omfYq|###|7038782|###|一个人恋爱|###|覃桢|###|2|###|qq
003M35xZ405UeC|###|6314060|###|年轻的战场 (2014摇滚版)|###|张恒远|###|2|###|qq
001lX60l3HDinw|###|7008503|###|一起|###|李泉|###|2|###|qq
0025aMTS2mIimM|###|5535627|###|我的心丢了一样|###|带泪的鱼|###|2|###|qq
000IzZON0nnQLP|###|5304931|###|亲爱的我爱你|###|祁隆|###|2|###|qq
001XUYhu2uevfx|###|6518068|###|燃烧的梦|###|多亮|###|2|###|qq
001jeiHo41Z1KK|###|5532964|###|唱什么都红不了|###|大张伟|###|2|###|qq
00174bsu0eeSwI|###|7027369|###|我懂了(电视剧《恋恋不忘》插曲)|###|金莎|###|2|###|qq
003pynk435udte|###|5452793|###|不爱被爱(电影《放手爱》主题曲)|###|黄雅莉|###|2|###|qq
002HGj5A3iftHF|###|5457211|###|姑娘|###|胡彦斌|###|2|###|qq
001LcM6d0S0ZAI|###|5463908|###|阴谋|###|张玮|###|2|###|qq
001SWdk13jctrF|###|5379457|###|情书不包邮|###|后弦|###|2|###|qq
002aQVrM0jz65U|###|6377584|###|遥远的重逢(3D电影《秦时明月之龙腾万里》插曲)|###|阿兰|###|2|###|qq
002gE3XG28gL98|###|5702698|###|再见忧伤|###|李泉|###|2|###|qq
003mkiBi1ku3F2|###|6143883|###|朋友圈|###|山野|###|2|###|qq
001EJPaU2dhGut|###|7016668|###|无限大的梦|###|周韦彤|###|2|###|qq
003geHrY2kA0fJ|###|5465097|###|金玉良缘(电视剧《金玉良缘》插曲)|###|贾青|###|2|###|qq
000ie9PX01C1Ur|###|6798952|###|特别关心|###|渔圈|###|2|###|qq
004fDPwU0AHIaB|###|5460911|###|那一世(电视剧《步步惊情》插曲)|###|陈翔|###|2|###|qq
001ylSuk1vEW3h|###|7027370|###|怎么办(电视剧《恋恋不忘》插曲)|###|朱杰|###|2|###|qq
003eWFSC0PsuCp|###|6515293|###|明天不上班-欢聚这一杯|###|谢帝|###|2|###|qq
002SOiqw3NyCsu|###|5575864|###|我就不爱唱情歌|###|大张伟|###|2|###|qq
000BearR2ZGGIv|###|7046865|###|幸福的可能(TVBS《妈，亲一下》 片尾曲)|###|丁当|###|2|###|qq
004RSqgT3equQL|###|5407880|###|不知去向|###|梁博|###|2|###|qq
0032BkyA2LVfv6|###|5617150|###|为爱成魔(《新仙剑》国际特别版主题曲)|###|阿兰|###|2|###|qq
000a8I0K4Rvwf9|###|5307597|###|爱音乐|###|庄心妍|###|2|###|qq
003rb5hj4GJRKz|###|7024728|###|山谷里的回声(电影《分手大师》主题曲)|###|邓超|###|2|###|qq
002dgBHn4e6VJT|###|7047159|###|不乐不活|###|张欣奕|###|2|###|qq
0047jzQv0sV4pz|###|5323687|###|酷|###|李宇春|###|2|###|qq
003wz5N93tDZTL|###|7036574|###|假装|###|赵芷彤|###|2|###|qq
001X09se1SEmJn|###|6378845|###|好为仁师|###|周晋进|###|2|###|qq
002ikTJK2bJuDf|###|5517701|###|摇摆Style|###|庄心妍|###|2|###|qq
00225PyT4RYiv7|###|5481745|###|Dance To The Music|###|李宇春|###|2|###|qq
000yhyNI0lreTG|###|7023949|###|我的选择(电视剧《金牌律师》片尾曲)|###|张赫宣|###|2|###|qq
000tIKO00HMrdM|###|6716608|###|小样儿|###|安又琪|###|2|###|qq
002UIoLR0f3BN1|###|5453329|###|北京City|###|苏醒|###|2|###|qq
004RFUzd149rkp|###|6395664|###|写过的情诗|###|冷漠|###|2|###|qq
004J3P161i4F9E|###|5517282|###|寂寞旅行|###|文杰|###|2|###|qq
0022Beaf1WHWgG|###|5593227|###|我们结婚啦|###|冷漠|###|2|###|qq
003DStOZ10cEFo|###|5312528|###|别让爱埋葬在昨天 (feat. 欣欣)|###|小峰峰|###|2|###|qq
003ubaXQ1oXQGM|###|5516970|###|我恨我自己动了真情|###|冷漠|###|2|###|qq
001Pf7183B6THK|###|5461488|###|跟着你到天边(电影《归来》主题推广曲)|###|韩磊|###|2|###|qq
003lg0710KGKKE|###|7043643|###|我等的人(电视剧《爱的多米诺》片尾曲)|###|曹轩宾|###|2|###|qq
001nKsZl1n1yXD|###|5453094|###|凤凰(电视剧《金玉良缘》插曲)|###|阿兰|###|2|###|qq
003Yoh664Ulu7C|###|7033636|###|借位|###|陈一玲|###|2|###|qq
001sGbJp4QMFjq|###|7034874|###|怎样说清此刻的心情(电视剧《爱情回来了》插曲)|###|BY2|###|1|###|qq
00169sFo3JQRLo|###|5445223|###|你给我听好|###|陈奕迅|###|1|###|qq
003pf4Mb3Q3VlM|###|7032368|###|Baby Boy|###|王心凌|###|1|###|qq
000YJAG74dFpJf|###|7023943|###|爱你没错|###|张信哲|###|1|###|qq
004ec8yZ02bRYx|###|5536869|###|阴天快乐|###|陈奕迅|###|1|###|qq
002OzrNx0nxlCz|###|6518138|###|万花瞳(电影《小时代3：刺金时代》主题曲)|###|蔡依林|###|1|###|qq
001ASHN53Kd9WH|###|6404867|###|由我们主宰(2014巴西世界杯歌曲)|###|五月天|###|1|###|qq
003VQZ7I0pwTcl|###|7010947|###|迷路(偶像剧《勇敢说出我爱你》片尾曲)|###|Selina|###|1|###|qq
004fYUQF13zMfL|###|7020182|###|童真年代|###|张学友|###|1|###|qq
004C7sXd0LiWF2|###|6659053|###|一刀不剪(No Cut)|###|炎亚纶|###|1|###|qq
002KvLx4425LV7|###|5463741|###|可以了|###|陈奕迅|###|1|###|qq
003Cnl4r10DVyX|###|5452233|###|不在乎(Careless)|###|任贤齐|###|1|###|qq
0040hb7Z1L1dco|###|5923992|###|共你痴痴爱在(电影《窃听风云3》主题曲)|###|容祖儿|###|1|###|qq
003LTYWe3mWThL|###|6314062|###|打呼(Snore)|###|潘玮柏|###|1|###|qq
000mPzxW2UQKih|###|6415261|###|明天过后(The Day After Tomorrow)|###|潘玮柏|###|1|###|qq
000an7EP0yb6QR|###|5616104|###|完整爱|###|钟欣潼|###|1|###|qq
003oNSK62vrZQc|###|7049403|###|天神纪(网游《天神纪》同名主题曲)|###|茜拉|###|1|###|qq
003tCyyJ4PwiVw|###|6588951|###|因为什么|###|钟欣潼|###|1|###|qq
000WpNNx0V1fNk|###|5663638|###|不能说出口的诺言(电视剧《犀利仁师》插曲)|###|吴奇隆|###|1|###|qq
000IpbOY1DlkWS|###|6588949|###|星星的眼泪|###|钟欣潼|###|1|###|qq
002gyHUJ0NCyAm|###|5520746|###|爱你的宿命(电视剧《来自星星的你》中文版主题曲)|###|张信哲|###|1|###|qq
0033b8We2d5blt|###|6518519|###|放开(Let go&#124;世界杯足球赛事片尾曲)|###|萧敬腾|###|1|###|qq
003jSzMh0nLyiB|###|5536870|###|不如承诺来的简单|###|陈奕迅|###|1|###|qq
002tyJKH2JE2u2|###|6398049|###|Shake Your Body(2014百事群星广告)|###|郭富城|###|1|###|qq
001XEyyJ1fESmN|###|7019726|###|这首歌(The Song)|###|萧敬腾|###|1|###|qq
00088D7e1xAUJH|###|5536873|###|时光隧道|###|陈奕迅|###|1|###|qq
000iN0Sl41FQCy|###|5452234|###|结巴(Stutter)|###|严爵|###|1|###|qq
004EqcvO0dV7k0|###|6529148|###|英雄野望(Dynasty Hero's Ambitions&#124;《曹操之野望》游戏主题曲)|###|吴克羣|###|1|###|qq
002T2wyD2YWMBc|###|5526873|###|跟着你到天边(电影《归来》主题推广曲)|###|吴青峰|###|1|###|qq
003rGoG33Q2s4y|###|7016888|###|大智若娱(Entertainer)|###|炎亚纶|###|1|###|qq
000WSkBf264N44|###|5656104|###|1/2(One Out Of Two&#124;电视剧《爱上两个我》主题曲)|###|炎亚纶|###|1|###|qq
001qvMc80Y4YSs|###|6314063|###|小丑(Clown)|###|潘玮柏|###|1|###|qq
003CjGI34FDoSk|###|6415265|###|一个人(Alone)|###|潘玮柏|###|1|###|qq
001ipur91ANm8u|###|5602377|###|到不了的地方(Anywhere, Somewhere, Nowhere)|###|萧敬腾|###|1|###|qq
0020Yn5y08mciw|###|5656105|###|这不是我(That’s Not Me)|###|炎亚纶|###|1|###|qq
00298HhJ2fOp1F|###|7019724|###|跟我玩(Play Wth Me)|###|萧敬腾|###|1|###|qq
004W5liN4TEVvg|###|5625105|###|爱你的我今天长这样(电视剧《犀利仁师》主题曲)|###|吴奇隆|###|1|###|qq
0047cnBI0aQKkI|###|7027368|###|叶枯过(电视剧《恋恋不忘》片头曲)|###|陶晶莹|###|1|###|qq
000640x82TdIy9|###|5656106|###|多余的我(The Unwanted Love)|###|炎亚纶|###|1|###|qq
003iVW4f2WPnFr|###|7019719|###|我就是爱你(Love Me, Please&#124;ASUS ZenFone 2014年度代言歌曲)|###|萧敬腾|###|1|###|qq
002WPD4p3pWhVu|###|6314396|###|Break It Down(电视剧《终极X宿舍》片头曲)|###|Spexial|###|1|###|qq
0026jLY72h1s5Q|###|6415263|###|王者之声(The King’s Speech)|###|潘玮柏|###|1|###|qq
003OFzP50JLzT7|###|7016860|###|你想要什么|###|吴思贤|###|1|###|qq
0046r92z1zaCOG|###|5657332|###|最美的问候(小V之歌)(Lovely Greeting (The Song Of “V”))|###|品冠|###|1|###|qq
0024WGVF33E04F|###|5452235|###|无关善良(Not About Kindness)|###|品冠|###|1|###|qq
001EEA2o2pnNm5|###|5517644|###|青春常驻|###|张敬轩|###|1|###|qq
001N9UbL41GwOc|###|5724849|###|现在已夜深|###|周柏豪|###|1|###|qq
001b25zF1DPl6e|###|5300739|###|如果缘只到遇见 [吴奇隆严艺丹对唱版](电视剧《步步惊情》插曲)|###|吴奇隆|###|1|###|qq
003iYCmn196Jl6|###|6588953|###|最美好的未来|###|钟欣潼|###|1|###|qq
000X3ie300JfPl|###|6592333|###|最大的缺点|###|吴思贤|###|1|###|qq
001gCJkx48LG6T|###|5438513|###|口的形状(Speaking In Tongues)|###|林宥嘉|###|1|###|qq
003Y28Ej0aRerW|###|5457283|###|一辈子|###|钟欣潼|###|1|###|qq
004Ch1OS1s75nA|###|7042457|###|我的滑板鞋|###|约瑟翰 庞麦郎|###|1|###|qq
001I5DbW3RvcLW|###|5323960|###|天雷地火(电影《超凡蜘蛛侠2》中文主题曲&#124;Trigger To The Thunder Of Love [OT: Fake It To Make It])|###|萧亚轩|###|1|###|qq
001AhAcP3yM9Ta|###|5593282|###|大象舞台(Elephant Slide)|###|林宥嘉|###|1|###|qq
000HzVva1kaun9|###|5452567|###|玻璃(电影《放手爱》主题曲)|###|蔡淳佳|###|1|###|qq
000G7sD81uk5u1|###|5525614|###|你是我的天使(深圳卫视《来吧孩子》主题曲)|###|齐豫|###|1|###|qq
004IkI5m2T7TAU|###|7023944|###|两人行|###|陈伟霆|###|1|###|qq
002YMfrP1Iw8Fy|###|6518137|###|最好的事|###|吴思贤|###|1|###|qq
003FXQ1b14ibo8|###|6314088|###|抱きしめて(拥抱 日语版)|###|五月天|###|1|###|qq
004WQJU015c4C2|###|5932044|###|一粒糖|###|侧田|###|1|###|qq
004L5f1Q0AB1Kg|###|6161692|###|半斤八两|###|Bossa Negra|###|1|###|qq
000c24Wm09wDoL|###|5520229|###|Come On|###|连诗雅|###|1|###|qq
001uI9Pq0HnIzX|###|5302745|###|枫叶做的风铃(Autumn Leaves)|###|方大同|###|1|###|qq
002hAxIP2i4M1p|###|5617174|###|YO LO／同一个节奏(YO LO同一个节奏)|###|karey天天|###|1|###|qq
001hK2mo2vSLnP|###|5318609|###|唱战记(电视剧《唱战记》主题曲)|###|黄义达|###|1|###|qq
002k2lRw44MZWM|###|5302748|###|爱不来 (feat. Miss Ko)(No Love)|###|方大同|###|1|###|qq
001VVeiU0zRMzp|###|7008632|###|胡桃树|###|洪卓立|###|1|###|qq
001g0IEr4LXMTI|###|7016859|###|像你的人|###|吴思贤|###|1|###|qq
002ldn502xrYtz|###|5546488|###|纸笔墨|###|冯允谦|###|1|###|qq
002XqZTc13Fqdr|###|5305987|###|时髦|###|回声乐团|###|1|###|qq
003ro1ul4JRPyi|###|5643185|###|时代的颠覆者|###|钟氏兄弟|###|1|###|qq
0013xCXk0gHTHm|###|5302742|###|黑白灰(Black White & Grey)|###|方大同|###|1|###|qq
002DsvBH24mAcQ|###|5481748|###|感谢你爱我(Thank You For Loving Me)|###|萧煌奇|###|1|###|qq
003WDogK2vXdNU|###|6314090|###|DNA|###|五月天|###|1|###|qq
000DF4Oa1OhHH2|###|5481755|###|想要爱的人(You Are All I Want)|###|萧煌奇|###|1|###|qq
003nAT7B3rB94V|###|5641855|###|大闹天宫(手游《大闹天宫HD》主题曲)|###|何润东|###|1|###|qq
001QITTJ3VO7Vu|###|6314398|###|心流感(Love Flu)|###|Spexial|###|1|###|qq
0030pSzf29vl0x|###|6314395|###|为爱战斗(Fight For Love)|###|Spexial|###|1|###|qq
001hES632w3YBJ|###|5453330|###|高山低谷|###|林奕匡|###|1|###|qq
0033C2iH0LEfFJ|###|6314089|###|OAOA(日语版)|###|五月天|###|1|###|qq
001dQan62j3XWd|###|7032630|###|织女星(电视剧《金玉良缘》插曲)|###|信乐团|###|1|###|qq
001pLzxL0HqJ3x|###|6314397|###|爱这种离谱的感觉(Subtle Love)|###|Spexial|###|1|###|qq
004Zn39M0Z6wDw|###|6589409|###|北京北角|###|李克勤|###|1|###|qq
001BoPIW1Ejisz|###|6377554|###|任我闯|###|信乐团|###|1|###|qq
004cUkuV22Ponr|###|5304680|###|两个人|###|陈威全|###|1|###|qq
001qE2Gk1i9rp8|###|5302743|###|桃花运(Love Blossoms)|###|方大同|###|1|###|qq
001Zh33i3GVxd3|###|5302747|###|巴黎(Paris)|###|方大同|###|1|###|qq
002JGPCP1nmT1o|###|6314399|###|爱不再呼吸(Can't Breathe Without You)|###|Spexial|###|1|###|qq
0045bqBs0Q45ns|###|5335204|###|冰心锁(Cantonese Version)|###|白珍宝|###|1|###|qq
002eZGHj2kFLvP|###|7017493|###|如果没有你(remix版)|###|莫文蔚|###|1|###|qq
001JeKzg16t2as|###|6427009|###|眼泪极黑|###|官恩娜|###|1|###|qq
003c0kxT357kSg|###|6357709|###|Now Is The Time|###|蔡依林|###|1|###|qq
001Bo8Ox17Famb|###|5335225|###|放开手(Taiwanese Mandarin Version)|###|林芯仪|###|1|###|qq
0009vPHV4QLQtp|###|5304683|###|爱不为所动|###|陈威全|###|1|###|qq
001zvX5f3cwGIi|###|5305986|###|夺回天空(Take Back The Sky)|###|回声乐团|###|1|###|qq
002j40DQ4Z6ci3|###|6404841|###|爸爸(爸士国语版)|###|马浚伟|###|1|###|qq
0026EZ1g4Gm70d|###|5481752|###|银角仔(Penny)|###|萧煌奇|###|1|###|qq
0031Nlwo3OV2Pz|###|6940927|###|我爱京达卡|###|小尘埃|###|1|###|qq
0026DeGZ0RY79K|###|7023946|###|忽然明白了(电视剧《金牌律师》插曲)|###|郑颖芬|###|1|###|qq
000iW5i43YzPOa|###|5665639|###|눈,코,입(Eyes, Nose, Lips&#124;眼,鼻,嘴)|###|太阳|###|4|###|qq
002K9oAD4GH8dQ|###|5521951|###|Just Now|###|T-ara|###|4|###|qq
002vIiAv4SPzCN|###|7013075|###|니가 내가(你和我)|###|敏雅|###|4|###|qq
00096M2A3nJhOA|###|5665632|###|STAY WITH ME|###|太阳|###|4|###|qq
003hbnYJ1HC9kF|###|7013069|###|지금만나러가요(现在去见你)|###|李基灿|###|4|###|qq
004WIjX43uSfe5|###|7013067|###|이방인(异乡人)|###|Bobby Kim|###|4|###|qq
003dcHxy1WlRwd|###|5665640|###|새벽한시(1AM&#124;凌晨1点)|###|太阳|###|4|###|qq
003Vyyun1WsZRs|###|7013073|###|내일이 안 올 것처럼(仿佛明天不会再来&#124;Like Tomorrow Won’t Come)|###|G.O|###|4|###|qq
004L9GB13S2U5I|###|5539856|###|black bullet(漆黑的子弹 OP / TVアニメ「ブラック・ブレット」オープニングテーマ)|###|fripSide|###|4|###|qq
002TUjV50pKVMx|###|7013071|###|이렇게 좋은 날(这样好的日子&#124;So Good Day)|###|全慧媛|###|4|###|qq
004C7XST3dgvfI|###|5521952|###|Lucky Wannabeee!|###|T-ara|###|4|###|qq
001AIIIm1ANaI3|###|7013077|###|Because of you|###|朴正雅|###|4|###|qq
002BGKHh3riTEM|###|5521953|###|NUMBER NINE|###|T-ara|###|4|###|qq
0047Ur9R29w0xt|###|5617185|###|This game(TVアニメ「 ノーゲーム・ノーライフ 」 オープニングテーマ)|###|铃木このみ|###|4|###|qq
001A0QoD1cU2h9|###|5438569|###|Truth|###|CNBLUE|###|4|###|qq
0041HHkE1GfO7z|###|5665633|###|아름다워 (BODY)(美丽的身体)|###|太阳|###|4|###|qq
003FXQ1b14ibo8|###|6314088|###|抱きしめて(拥抱 日语版)|###|五月天|###|4|###|qq
000vUk1m1j4O8n|###|6314087|###|Do You Ever Shine?(电视剧《Bitter Blood》主题曲)|###|五月天|###|4|###|qq
0009IMU908fsyJ|###|7019826|###|GOTTA BE YOU|###|2NE1|###|4|###|qq
001eWYJv0gGDEO|###|5518272|###|Night and Day|###|辉星|###|4|###|qq
003HysOY3k8N7J|###|6379308|###|トコハナ(漆黑的子弹 ED / TVアニメ『ブラック・ブレット』エンディングテーマ)|###|やなぎなぎ|###|4|###|qq
000B6CXP0zCC5k|###|5450002|###|Still|###|CNBLUE|###|4|###|qq
0039ea6D27HU9X|###|5473216|###|Trust in you|###|sweet ARMS|###|4|###|qq
000f2q1W2cA3Wp|###|5461780|###|Rising Hope|###|LiSA(日本)|###|4|###|qq
003DN5qF1hl87M|###|7032891|###|Wake up!(海贼王15周年OP)|###|AAA|###|4|###|qq
003WyfoU40G9qO|###|5445374|###|Fighter|###|中岛美嘉|###|4|###|qq
0000meO93sgb09|###|6841732|###|Dear J|###|板野友美|###|4|###|qq
004UVAxb3QIViP|###|5518270|###|Best Man|###|辉星|###|4|###|qq
0035NSr22YJDdh|###|5665636|###|버리고(Let Go)|###|太阳|###|4|###|qq
004CoteQ0lrgRJ|###|5532604|###|欲戴王冠|###|官云康|###|4|###|qq
0039EGG81a2Rtg|###|7019824|###|CRUSH|###|2NE1|###|4|###|qq
001CMq9K2EpsEa|###|5464531|###|We Don’t Stop(电视剧《花咲舞无法沉默》主题曲)|###|西野加奈|###|4|###|qq
003YFbyW4T7vt3|###|5444379|###|You Bring Tears to My Eyes|###|Ali|###|4|###|qq
002cQUqx0wDBhM|###|6931429|###|daze|###|じん|###|4|###|qq
000ASBLT1n9bX9|###|6589805|###|XOXO|###|滨崎步|###|4|###|qq
002zryhD0HrjGy|###|5657310|###|アメフラシの歌〜Beautiful Rain〜|###|前田玲奈|###|4|###|qq
000hqnhF38Mnu9|###|5655893|###|ADRENALINE|###|BEAST|###|4|###|qq
003wR5UX1hmcVt|###|7061502|###|紅蓮|###|DOES|###|4|###|qq
001A1Dcz3ccSbG|###|5625302|###|オラシオン(「No Game No Life」 ED / TVアニメ「ノーゲーム・ノーライフ」エンディングテーマ)|###|茅野愛衣|###|4|###|qq
002yqqXe0pR0Gy|###|5643165|###|奏 (かなで)|###|雨宮天|###|4|###|qq
001lINGb0iWuzB|###|7024980|###|笑顔のままで|###|ELISA（日本）|###|4|###|qq
000Ya78i12scfH|###|7014447|###|HOT SUN|###|金贤重|###|4|###|qq
0033C2iH0LEfFJ|###|6314089|###|OAOA(日语版)|###|五月天|###|4|###|qq
002UrppZ2lH3Jb|###|5621720|###|誰も知らない|###|岚|###|4|###|qq
000jLsME1mL9mQ|###|5335221|###|다 잊어(Korean Version)|###|박혜나|###|4|###|qq
002zSeXE4gWnbM|###|6999483|###|R.Y.U.S.E.I|###|三代目 J Soul Brothers|###|4|###|qq
004SE6yI1HGKpE|###|7035661|###|オモイダマ|###|关ジャニ∞|###|4|###|qq
003wIegf21P3uK|###|6527004|###|もう、会えなくて。|###|徐仁国|###|4|###|qq
002xR0703bQ7oG|###|7032726|###|君に出会えたから|###|Miwa|###|4|###|qq
002BQYPK2sOwwZ|###|5527076|###|不懂爱情|###|郭力凡|###|4|###|qq
000IEqja1Ti4zc|###|5460071|###|にじいろ|###|绚香|###|4|###|qq
0047pESy4GLRnP|###|5540143|###|君と彼と僕と彼女と(アニメ 「FAIRY TAIL」 新シリーズ エンディングテーマ)|###|BREATHE（日韩）|###|4|###|qq
004cGFh60UKodr|###|5521957|###|MUSICA MUSICA|###|T-ara|###|4|###|qq
0039mk4w3qT8H9|###|5544486|###|今日までのメロディー(Type A&#124;大島優子卒業楽曲)|###|AKB48|###|4|###|qq
000dg25f0w9dNH|###|6589807|###|Hello new me(「续・倒数第二次的恋爱」主题曲 / 『続・最後から二番目の恋』主題歌)|###|滨崎步|###|4|###|qq
00279KW43PT0S8|###|6421905|###|Rainy Rainy|###|姜大成|###|4|###|qq
003PHUyo0A3KOE|###|5599707|###|NOW & 4EVA|###|滨崎步|###|4|###|qq
004bJ1ro0G2S33|###|5469110|###|ラブラドール・レトリバー(Type A&#124;Labrador Retriever&#124;拉布拉多寻回犬)|###|AKB48|###|4|###|qq
002cPUBO4ISZg0|###|6517849|###|BRAND NEW STORY|###|东京パフォーマンスドール|###|4|###|qq
000SliUx2QcqcI|###|5304945|###|ラブサーチライト(Love Searchlight&#124;电影《名侦探柯南 异次元的狙击手》主题曲)|###|柴咲コウ|###|4|###|qq
000HmH4B4X9Pff|###|5521955|###|Keep On Walking|###|T-ara|###|4|###|qq
003BpRE52fU2Tk|###|6379310|###|忘れない為に(漆黑的子弹 ED / TVアニメ「ブラック・ブレット」スペシャルエンディングソング)|###|やなぎなぎ|###|4|###|qq
003D6Mge3nhyAA|###|5464870|###|How Pretty She Is|###|길구봉구|###|4|###|qq
002fnfjd1bbObF|###|5456414|###|GUTS!|###|岚|###|4|###|qq
002eTC5Z2gcIIK|###|5463733|###|好啊(Like It)|###|디달러|###|4|###|qq
000kcQVY0llF4M|###|5473529|###|Day to Story|###|佐土原かおり|###|4|###|qq
004323Ir2Tfqgx|###|6931426|###|days|###|じん|###|4|###|qq
000t7Zce4OEEgT|###|5527177|###|My Love Song|###|My Little Memory|###|4|###|qq
000MqOpl43oWQt|###|7038156|###|光のシグナル|###|Kis-My-Ft2|###|4|###|qq
001lTWoU4QAHTL|###|6589794|###|Crush|###|板野友美|###|4|###|qq
001cOa6l4Bride|###|5392184|###|Wind|###|She'z|###|4|###|qq
003jxqAs2dbKWf|###|5572289|###|StarRingChild|###|Aimer|###|4|###|qq
001Tp4AT1VquRo|###|5440600|###|STEP|###|ClariS|###|4|###|qq
002z63X93aZSzm|###|7024900|###|happiness!!!|###|木村カエラ|###|4|###|qq
003wrvGL0TRBp0|###|7032892|###|風に薫る夏の記憶|###|AAA|###|4|###|qq
003LUG2e2aP3lD|###|5364961|###|Nice Guy|###|Super Cool Guy|###|4|###|qq
003VBKVK2REWFU|###|6404126|###|NIPPON(2014世界杯NHK转播主题曲&#124;2014NHKサッカーテーマ)|###|椎名林檎|###|4|###|qq
004PsgXq0DnNDT|###|5546551|###|My Sweet Shelter|###|花泽香菜|###|4|###|qq
004TDVb70F1qnl|###|6588997|###|アリガト|###|FTISLAND|###|4|###|qq
002zK6Hm4Wzl9W|###|5661605|###|家族になろうよ|###|平井坚|###|4|###|qq
003XwHYd0fPHeA|###|5657326|###|PROMISE|###|前田玲奈|###|4|###|qq
003bHb0i1HKZmX|###|6424587|###|Believe × Believe(《游戏王ARC-V》主题曲)|###|超特急|###|4|###|qq
000PyPIq2DNU8K|###|6999290|###|イビサガール|###|NMB48|###|4|###|qq
003EafRq2rkXGr|###|5453359|###|創傷イノセンス|###|内田真礼|###|4|###|qq
000N46MJ4Ozo2H|###|5438112|###|それは僕たちの奇跡|###|u's|###|4|###|qq
001AhdTm28GoCT|###|5657292|###|サニーサイドメロディー|###|EGO-WRAPPIN’|###|4|###|qq
002DbfIV1pWc2F|###|5451510|###|いちばん星|###|鴇沢直|###|4|###|qq
001lxsss0zqDkK|###|6428832|###|きらきらキラー(Kira Kira Killer)|###|きゃりーぱみゅぱみゅ|###|4|###|qq
001NT9rD4JNWUE|###|5460889|###|イマジネーション|###|SPYAIR|###|4|###|qq
002sdodE1h8JHo|###|7019825|###|COME BACK HOME|###|2NE1|###|4|###|qq
001lVUL502v3P5|###|5539858|###|pico scope -SACLA-(理化学研究所 世界一小さいものが見えるX線レーザー「SACLA」 PRムービー「未来光子 播磨サクラ」テーマ曲)|###|fripSide|###|4|###|qq
002AHycK1sFvKz|###|6068999|###|Killing Me Softly|###|东京女子流|###|4|###|qq
000TFOsH3YDakK|###|5440602|###|桜咲く|###|ClariS|###|4|###|qq
0007LWih3bCavu|###|5458012|###|リカバーデコレーション|###|花泽香菜|###|4|###|qq
003SZDCI12EhV0|###|6403626|###|夢で逢えるのに~Sometimes I Cry~|###|w-inds.|###|4|###|qq
001d2LaQ4Ivyt9|###|5676558|###|In Fact|###|KAT-TUN|###|4|###|qq
002Id6GS1e73MD|###|5923971|###|ユメノトビラ(TVアニメ『ラブライブ!』第3話挿入歌)|###|u's|###|4|###|qq
0005u3uJ2eBgmx|###|5543753|###|Happy Birthday|###|西野加奈|###|4|###|qq
004XqWdk0lum7Q|###|5544490|###|君は気まぐれ(Type A)|###|AKB48|###|4|###|qq
000vJkV53FFYtR|###|5333364|###|時空を超え 宇宙を超え|###|早安少女组|###|4|###|qq
000BiCA30oX60t|###|6588458|###|Maps|###|Maroon 5|###|6|###|qq
001Xqidd1vnNvO|###|5458176|###|Problem|###|Ariana Grande|###|6|###|qq
004IOcqU2fFSlY|###|5520052|###|Me And My Broken Heart|###|Rixton|###|6|###|qq
003UY8rG34tbvV|###|6589366|###|You Can Rely On Me|###|Jason Mraz|###|6|###|qq
002gjr9a4FYaAj|###|5540166|###|A Sky Full of Stars|###|Coldplay|###|6|###|qq
001YCZ3L39LqjM|###|5330509|###|Love Runs Out|###|OneRepublic|###|6|###|qq
0038FRh41T2Efi|###|5923779|###|Vida（生命之歌） (feat. SonyMusic大中华区群星)|###|Ricky Martin|###|6|###|qq
0004VwWc3aiksW|###|5355865|###|Let It Go(From Frozen/Multi Language Medley)|###|Idina Menzel|###|6|###|qq
001mEdeE3E88bh|###|7020054|###|Wolf Bite|###|Owl City|###|6|###|qq
001WnRLv45WMLD|###|7031295|###|Fancy|###|Iggy Azalea|###|6|###|qq
001nGk6U3SgwAk|###|5666004|###|Battle Cry(《变形金刚4：绝迹重生》&#124;《变4》&#124;《变形金刚4》&#124;《变形金刚4：灭绝时代》&#124;《变形金刚：歼灭世纪》主题曲)|###|Imagine Dragons|###|6|###|qq
0031Uf2l3gKGGE|###|5603156|###|Just Be Mine|###|Cher Lloyd|###|6|###|qq
004DoYKK1blDb3|###|6537602|###|No Mediocre|###|T.I.|###|6|###|qq
003E0Vi63qMJeB|###|5326367|###|Wiggle|###|Jason Derülo|###|6|###|qq
000oiIXX2nSYzK|###|7020053|###|This Isn't The End|###|Owl City|###|6|###|qq
001he2Yc2fufqS|###|5546323|###|Bartender|###|Lady Antebellum|###|6|###|qq
002mz9584HVhsE|###|6415236|###|All For Nothing|###|Linkin Park|###|6|###|qq
002B2tGK18XG4z|###|7023559|###|It's So Hard To Say Goodbye To Yesterday|###|Jason Mraz|###|6|###|qq
001p0yKh3H2se7|###|5460963|###|Love Never Felt So Good|###|Michael Jackson|###|6|###|qq
004Q0Y7w3kqq2x|###|5459880|###|Dar um Jeito (We Will Find a Way) [The Official 2014 FIFA World Cup Anthem](2014年巴西世界杯闭幕式曲)|###|Santana|###|6|###|qq
001SvBl514gmFW|###|5464333|###|Until It's Gone|###|Linkin Park|###|6|###|qq
000kgAdJ1MbigM|###|7042284|###|Somebody To You|###|The Vamps|###|6|###|qq
003ev7O72tw1Ka|###|7024104|###|Forever Love|###|Robin Thicke|###|6|###|qq
003rmJ1X0w5Fml|###|6394562|###|3 Things|###|Jason Mraz|###|6|###|qq
004gSJmJ4B9eXX|###|7042556|###|Break Free|###|Ariana Grande|###|6|###|qq
004JysG90iENoL|###|6940941|###|Runaway|###|Ed Sheeran|###|6|###|qq
002vjOkX3bjtKf|###|5617606|###|Till I Find You|###|Austin Mahone|###|6|###|qq
0010uylZ1luOGH|###|5388069|###|Boom Clap|###|Charli XCX|###|6|###|qq
000gORcN3h3rjf|###|7042605|###|Lost Stars|###|Adam Levine|###|6|###|qq
003SfbJJ3oZnlZ|###|6931423|###|Like a River Runs|###|Bleachers|###|6|###|qq
002evoIL2t4oPG|###|7042610|###|A Higher Place|###|Adam Levine|###|6|###|qq
000OqxFC1tpQRV|###|5576214|###|Love Someone|###|Jason Mraz|###|6|###|qq
004XcmGz0D0ggo|###|7023601|###|The Trailer Song|###|Kacey Musgraves|###|6|###|qq
001omMgZ12qNUM|###|7024252|###|Kiss Me Kiss Me|###|5 Seconds Of Summer|###|6|###|qq
003qUhjj16PWkm|###|5924055|###|Somethin' Bad|###|Miranda Lambert|###|6|###|qq
002ij1WL0MwRaC|###|6428721|###|Boum Boum Boum|###|Mika|###|6|###|qq
003LBdqe2dNuQO|###|5830509|###|Back To The Earth|###|Jason Mraz|###|6|###|qq
003VsFXS3a5uN2|###|7020052|###|Up All Night|###|Owl City|###|6|###|qq
004DB5ot32CRUu|###|6382497|###|Angel in Blue Jeans|###|Train|###|6|###|qq
004TNcVY2LNrf2|###|7020180|###|Life Of The Party|###|Shawn Mendes|###|6|###|qq
001sl8W52saimA|###|5519608|###|Loving You|###|Michael Jackson|###|6|###|qq
004CaNE91jXcj4|###|6523160|###|Ghost|###|Ella Henderson|###|6|###|qq
002Z8ZGy0Tzg2d|###|5615410|###|Pills N Potions|###|Nicki Minaj|###|6|###|qq
002J9jGP1lgCCR|###|5540513|###|Get Her Back|###|Robin Thicke|###|6|###|qq
003KUoZm12FKRz|###|5518969|###|The World Is Ours|###|Aloe Blacc|###|6|###|qq
004GEOzp27SirB|###|5457720|###|We Are Giants|###|Lindsey Stirling|###|6|###|qq
000UkJgM3EQc51|###|6518422|###|Let It Be Me|###|Jennifer Lopez|###|6|###|qq
000MTDWJ0W4Kxa|###|6521562|###|Moment of Love|###|Mary J. Blige|###|6|###|qq
002X2N0b0130Rv|###|6518446|###|A Town Called Paradise|###|Tiësto|###|6|###|qq
001F1jsQ44DwWk|###|5519609|###|A Place With No Name|###|Michael Jackson|###|6|###|qq
002juNR62vUHhG|###|5617609|###|Secret|###|Austin Mahone|###|6|###|qq
0044m7ns3voKft|###|7024091|###|You're My Fantasy|###|Robin Thicke|###|6|###|qq
00140Mjt3mQGzP|###|5383255|###|All I Need Is Your Love|###|Deorro|###|6|###|qq
000nNQJ01tpAXK|###|5625031|###|Thirsty|###|Mariah Carey|###|6|###|qq
001a5BJA2EqqMx|###|6940938|###|Photograph|###|Ed Sheeran|###|6|###|qq
000fCp5g2nxgfq|###|5540288|###|West Coast|###|Lana Del Rey|###|6|###|qq
0002t0u10D7boz|###|7031220|###|Hunted|###|Steve Jablonsky|###|6|###|qq
00358se82yPoLf|###|5719727|###|Rebellion|###|Linkin Park|###|6|###|qq
004EGEzN21F1qV|###|5440628|###|Love In The 21st Century|###|Neon Trees|###|6|###|qq
000Vxj0C3VIIK5|###|5666416|###|Lay Me Down|###|Pixie Lott|###|6|###|qq
004fmmsv0t1On3|###|5754869|###|Your Love|###|Nicole Scherzinger|###|6|###|qq
0008bIK731dfZ7|###|7026355|###|Gecko (Overdrive)(电台版)|###|Oliver Heldens|###|6|###|qq
000vC0uK0dJpw6|###|7042690|###|Hostage|###|Sia|###|6|###|qq
000bG9V30N70wN|###|6940936|###|Don't|###|Ed Sheeran|###|6|###|qq
002y692A3grcNt|###|5518975|###|Olé|###|Adelén|###|6|###|qq
003oUfjK3mhlUW|###|6518450|###|Wasted|###|Tiësto|###|6|###|qq
002GOcAf4eO4EH|###|7024251|###|Good Girls|###|5 Seconds Of Summer|###|6|###|qq
003QrlSZ1Aar1n|###|5542158|###|Time in a Bottle|###|Jim Croce|###|6|###|qq
001yohmo3RpQao|###|5625765|###|Good Thing|###|Sam Smith|###|6|###|qq
003wpFar36jgA5|###|5665664|###|It's My Birthday|###|will.i.am|###|6|###|qq
002uOyEo1T8xiI|###|6357706|###|The Game|###|Kelly Rowland|###|6|###|qq
003LSCZu4CKtCr|###|5462643|###|Good Kisser|###|Usher|###|6|###|qq
002dOCAb2zfVvq|###|5617610|###|Can't Fight This Love|###|Austin Mahone|###|6|###|qq
004D5QvH0n0ffC|###|6415235|###|Keys To The Kingdom|###|Linkin Park|###|6|###|qq
000i7CkJ1dugMG|###|6518424|###|Booty|###|Jennifer Lopez|###|6|###|qq
003jvpkV2WztWh|###|5625555|###|XO|###|John Mayer|###|6|###|qq
004cxi3w3UhKvb|###|5838040|###|Goodbye Gone|###|Lucy Hale|###|6|###|qq
0003wvl23Dcfl4|###|7042687|###|Big Girls Cry|###|Sia|###|6|###|qq
0033E1D32MGLdS|###|5618510|###|One More Day (Stay with Me)|###|Example|###|6|###|qq
0036UXa00wIBHV|###|5520050|###|We All Want The Same Thing|###|Rixton|###|6|###|qq
000f4Aq14UzjFz|###|5544870|###|Tee Shirt|###|Birdy|###|6|###|qq
001QsT7i33uIxP|###|5518968|###|Tatu Bom de Bola (The Official 2014 FIFA World Cup™ Mascot Song)|###|Arlindo Cruz|###|6|###|qq
000wuc3a0P303k|###|7042609|###|Lost Stars|###|Keira Knightley|###|6|###|qq
000vEKVZ3O7nk0|###|5625764|###|Money On My Mind|###|Sam Smith|###|6|###|qq
003qip3J0YZwBQ|###|5541655|###|Lead On|###|Phillip Phillips|###|6|###|qq
000n1IgS3PJaGy|###|5625772|###|Not In That Way|###|Sam Smith|###|6|###|qq
002ZF9J639y4rD|###|5518970|###|Lepo Lepo|###|Psirico|###|6|###|qq
002Abqri1uTBLn|###|5520932|###|Broken Ones|###|Jacquie Lee|###|6|###|qq
002Cjnes32nrqL|###|6398097|###|Crystallize|###|Kylie Minogue|###|6|###|qq
001WTefw31qM6S|###|6940933|###|One|###|Ed Sheeran|###|6|###|qq
000ezsRp14WvX5|###|5518980|###|Pasión Total (FIFA U-17 Women's World Cup Official Song)|###|F.A.N.S.|###|6|###|qq
002LUWcF3w7pxw|###|5357235|###|Touch|###|Shift K3Y|###|6|###|qq
0039KyFb4RQ5gi|###|7024103|###|Time Of Your Life|###|Robin Thicke|###|6|###|qq
002swiQ50E9w5S|###|6144365|###|Believe Me|###|Lil Wayne|###|6|###|qq
003hH9U23HPxXG|###|7051539|###|Dirt|###|Florida Georgia Line|###|6|###|qq
000jggQc2PjUsh|###|6518415|###|A.K.A.|###|Jennifer Lopez|###|6|###|qq
000NfJnT3re3AA|###|7042593|###|Hideaway|###|Kiesza|###|6|###|qq
0039zqJ14eZhoV|###|6363347|###|Final Masquerade|###|Linkin Park|###|6|###|qq
001Bmel32ejuDZ|###|5518978|###|Go, Gol|###|Rodrigo Alexey|###|6|###|qq
003gSZ2A2dRsjL|###|5634263|###|Money Can't Buy|###|Ne-Yo|###|6|###|qq
003LJSFo4Qe9Za|###|5144031|###|泡沫(live版)|###|G.E.M. 邓紫棋|###|8|###|qq
003YRjjn4FwIIL|###|5176495|###|喜欢你(live版)|###|G.E.M. 邓紫棋|###|8|###|qq
001KEm381OxiXv|###|5254535|###|你不是真正的快乐(live版)|###|G.E.M. 邓紫棋|###|8|###|qq
000veEVG2hakIS|###|5215858|###|龙卷风(live版)|###|G.E.M. 邓紫棋|###|8|###|qq
0044g6hb1mnYOV|###|5206732|###|夜空中最亮的星(live版)|###|张杰|###|8|###|qq
002APLOP0C614e|###|5149475|###|存在(live版)|###|G.E.M. 邓紫棋|###|8|###|qq
004QbEFP4SSWhc|###|5162112|###|你把我灌醉(live版)|###|G.E.M. 邓紫棋|###|8|###|qq
0028mDVw4YxTBF|###|5167490|###|我要我们在一起(live版)|###|G.E.M. 邓紫棋|###|8|###|qq
002xLFS33KWnvl|###|5167950|###|If I Were A Boy(live版)|###|G.E.M. 邓紫棋|###|8|###|qq
002cFPV40J0mXN|###|5193876|###|如果没有你(live版)|###|G.E.M. 邓紫棋|###|8|###|qq
004EBcSN1rmJfI|###|5162114|###|勿忘心安(live版)|###|张杰|###|8|###|qq
0035Wg2Q0T5sO7|###|5206733|###|最长的电影(live版)|###|茜拉|###|8|###|qq
001UKsxM3IAqcR|###|5525627|###|他不懂(live版)|###|张杰|###|8|###|qq
003Ew6ne3dcI0a|###|5193878|###|想你的夜(live版)|###|茜拉|###|8|###|qq
002CSYHl29lUe9|###|5193874|###|无情的情书(live版)|###|张杰|###|8|###|qq
000zkmfQ4bOpNf|###|5525626|###|We Will Rock You + 一无所有 + We Are The Champions(live版)|###|G.E.M. 邓紫棋|###|8|###|qq
002Wleap4QNAhp|###|5254534|###|洋葱(live版)|###|茜拉|###|8|###|qq
003MkTX747QAXz|###|5238536|###|海阔天空(live版)|###|曹格|###|8|###|qq
000o7es03slLfl|###|5238539|###|你快回来(live版)|###|张杰|###|8|###|qq
004NxgpP3X9bcM|###|5525622|###|春天里 (feat. 方大同)(live版)|###|G.E.M. 邓紫棋|###|8|###|qq
003mV0wY3arz5v|###|5254533|###|Just The Way You Are(live版)|###|张杰|###|8|###|qq
003DorQt0WZRBU|###|5206736|###|时间都去哪儿了(live版)|###|周笔畅|###|8|###|qq
000dSS942cucbU|###|5206730|###|Lady Marmalade(live版)|###|G.E.M. 邓紫棋|###|8|###|qq
001TqnZk38qVzt|###|5238541|###|Rolling In The Deep(live版)|###|茜拉|###|8|###|qq
000kV2TT1QtcTO|###|5225269|###|爱什么稀罕(live版)|###|张杰|###|8|###|qq
0023RE6U38BnJ8|###|5144030|###|背叛(live版)|###|曹格|###|8|###|qq
001Nipr44EZpLA|###|5144036|###|月亮惹的祸(live版)|###|张宇|###|8|###|qq
000Qvnwq1zvfhS|###|5215855|###|花房姑娘(live版)|###|韩磊|###|8|###|qq
001Cr4A03DRoYk|###|5525618|###|最美的太阳 + 翅膀 (feat. 林俊杰)(live版)|###|张杰|###|8|###|qq
002ZWtEM3AqJY3|###|5225267|###|Falling(live版)|###|G.E.M. 邓紫棋|###|8|###|qq
000ldNaL1n6h6i|###|5176497|###|给所有知道我名字的人(live版)|###|罗琦|###|8|###|qq
001b3rBQ0ZxyIo|###|5176501|###|我的未来不是梦(live版)|###|张杰|###|8|###|qq
004C4S4X0SRd3J|###|5525633|###|唯一(live版)|###|茜拉|###|8|###|qq
000LPviL4Kl5sq|###|5525628|###|Imagine(live版)|###|G.E.M. 邓紫棋|###|8|###|qq
002OenFE0iUTFf|###|5167951|###|慢慢(live版)|###|周笔畅|###|8|###|qq
0023Eunp2uDPlH|###|5162108|###|袖手旁观(live版)|###|张宇|###|8|###|qq
000GFLS13HWTLn|###|5525624|###|寂寞先生(live版)|###|曹格|###|8|###|qq
000y35FN3B9HTH|###|5193879|###|我不愿让你一个人(live版)|###|品冠|###|8|###|qq
003pOBJQ2lXNxV|###|5254532|###|20岁的眼泪(live版)|###|张宇|###|8|###|qq
003PUSWK0IYhn4|###|5525630|###|鹿港小镇(live版)|###|彭佳慧|###|8|###|qq
0045f8xl22JavR|###|5225271|###|Forever Love(live版)|###|茜拉|###|8|###|qq
004TTTJX1Egr86|###|5149472|###|我很丑可是我很温柔(live版)|###|曹格|###|8|###|qq
004Fzl6v3DjP2o|###|5215859|###|趁早(live版)|###|周笔畅|###|8|###|qq
001qyRxV1zahXQ|###|5215857|###|Listen(live版)|###|茜拉|###|8|###|qq
000ATMfY3u7Vf4|###|5167955|###|Black Or White(live版)|###|张杰|###|8|###|qq
001M9fe81Xm0uG|###|5167956|###|掌心(live版)|###|品冠|###|8|###|qq
001OXb1g49GZq1|###|5149473|###|我是真的爱你(live版)|###|张宇|###|8|###|qq
0023QNUh4IimIB|###|5254531|###|光之翼(live版)|###|周笔畅|###|8|###|qq
00156p9V1zecwT|###|5144032|###|等待(live版)|###|韩磊|###|8|###|qq
002Lxk9e43si6G|###|5215860|###|当(live版)|###|动力火车|###|8|###|qq
